Log file open, 12/15/20 01:53:54
LogInit: Display: Running engine for game: BlindVR
LogPlatformFile: Not using cached read wrapper
LogTaskGraph: Started task graph with 5 named threads and 23 total threads with 3 sets of task threads.
LogStats: Stats thread started at 6.829680
LogD3D11RHI: Loaded GFSDK_Aftermath_Lib.x64.dll
LogICUInternationalization: ICU TimeZone Detection - Raw Offset: -5:00, Platform Override: ''
LogPluginManager: Mounting plugin Paper2D
LogPluginManager: Mounting plugin AISupport
LogPluginManager: Mounting plugin LightPropagationVolume
LogPluginManager: Mounting plugin CameraShakePreviewer
LogPluginManager: Mounting plugin ActorLayerUtilities
LogPluginManager: Mounting plugin AnimationSharing
LogPluginManager: Mounting plugin CLionSourceCodeAccess
LogPluginManager: Mounting plugin CodeLiteSourceCodeAccess
LogPluginManager: Mounting plugin GitSourceControl
LogPluginManager: Mounting plugin KDevelopSourceCodeAccess
LogPluginManager: Mounting plugin NullSourceCodeAccess
LogPluginManager: Mounting plugin PerforceSourceControl
LogPluginManager: Mounting plugin PlasticSourceControl
LogPluginManager: Mounting plugin RiderSourceCodeAccess
LogPluginManager: Mounting plugin SubversionSourceControl
LogPluginManager: Mounting plugin UObjectPlugin
LogPluginManager: Mounting plugin VisualStudioCodeSourceCodeAccess
LogPluginManager: Mounting plugin VisualStudioSourceCodeAccess
LogPluginManager: Mounting plugin XCodeSourceCodeAccess
LogPluginManager: Mounting plugin AssetManagerEditor
LogPluginManager: Mounting plugin CryptoKeys
LogPluginManager: Mounting plugin CurveEditorTools
LogPluginManager: Mounting plugin DataValidation
LogPluginManager: Mounting plugin EditorScriptingUtilities
LogPluginManager: Mounting plugin FacialAnimation
LogPluginManager: Mounting plugin GameplayTagsEditor
LogPluginManager: Mounting plugin GeometryMode
LogPluginManager: Mounting plugin MacGraphicsSwitching
LogPluginManager: Mounting plugin MaterialAnalyzer
LogPluginManager: Mounting plugin MobileLauncherProfileWizard
LogPluginManager: Mounting plugin PluginBrowser
LogPluginManager: Mounting plugin SpeedTreeImporter
LogPluginManager: Mounting plugin DatasmithContent
LogPluginManager: Mounting plugin VariantManagerContent
LogPluginManager: Mounting plugin AlembicImporter
LogPluginManager: Mounting plugin AutomationUtils
LogPluginManager: Mounting plugin BackChannel
LogPluginManager: Mounting plugin ChaosCloth
LogPluginManager: Mounting plugin ChaosClothEditor
LogPluginManager: Mounting plugin ChaosEditor
LogPluginManager: Mounting plugin ChaosNiagara
LogPluginManager: Mounting plugin ChaosSolverPlugin
LogPluginManager: Mounting plugin CharacterAI
LogPluginManager: Mounting plugin GeometryCache
LogPluginManager: Mounting plugin GeometryCollectionPlugin
LogPluginManager: Mounting plugin GeometryProcessing
LogPluginManager: Mounting plugin PlanarCut
LogPluginManager: Mounting plugin PlatformCrypto
LogPluginManager: Mounting plugin ProxyLODPlugin
LogPluginManager: Mounting plugin SkeletalReduction
LogPluginManager: Mounting plugin Niagara
LogPluginManager: Mounting plugin MagicLeap
LogPluginManager: Mounting plugin MagicLeapLightEstimation
LogPluginManager: Mounting plugin MagicLeapMedia
LogPluginManager: Mounting plugin MagicLeapPassableWorld
LogPluginManager: Mounting plugin MLSDK
LogPluginManager: Mounting plugin ElectronicNodes
LogPluginManager: Mounting plugin AndroidMedia
LogPluginManager: Mounting plugin AvfMedia
LogPluginManager: Mounting plugin ImgMedia
LogPluginManager: Mounting plugin MediaCompositing
LogPluginManager: Mounting plugin MediaPlayerEditor
LogPluginManager: Mounting plugin WebMMedia
LogPluginManager: Mounting plugin WmfMedia
LogPluginManager: Mounting plugin MeshPainting
LogPluginManager: Mounting plugin TcpMessaging
LogPluginManager: Mounting plugin UdpMessaging
LogPluginManager: Mounting plugin ActorSequence
LogPluginManager: Mounting plugin LevelSequenceEditor
LogPluginManager: Mounting plugin MatineeToLevelSequence
LogPluginManager: Mounting plugin MovieRenderPipeline
LogPluginManager: Mounting plugin TemplateSequence
LogPluginManager: Mounting plugin NetcodeUnitTest
LogPluginManager: Mounting plugin NUTUnrealEngine4
LogPluginManager: Mounting plugin OnlineSubsystemGooglePlay
LogPluginManager: Mounting plugin OnlineSubsystemIOS
LogPluginManager: Mounting plugin OnlineSubsystem
LogPluginManager: Mounting plugin OnlineSubsystemNull
LogPluginManager: Mounting plugin OnlineSubsystemUtils
LogPluginManager: Mounting plugin LauncherChunkInstaller
LogPluginManager: Mounting plugin AndroidDeviceProfileSelector
LogPluginManager: Mounting plugin AndroidMoviePlayer
LogPluginManager: Mounting plugin AndroidPermission
LogPluginManager: Mounting plugin AppleImageUtils
LogPluginManager: Mounting plugin AppleMoviePlayer
LogPluginManager: Mounting plugin ArchVisCharacter
LogPluginManager: Mounting plugin AssetTags
LogPluginManager: Mounting plugin AudioCapture
LogPluginManager: Mounting plugin CableComponent
LogPluginManager: Mounting plugin CustomMeshComponent
LogPluginManager: Mounting plugin EditableMesh
LogPluginManager: Mounting plugin ExampleDeviceProfileSelector
LogPluginManager: Mounting plugin GoogleCloudMessaging
LogPluginManager: Mounting plugin GooglePAD
LogPluginManager: Mounting plugin IOSDeviceProfileSelector
LogPluginManager: Mounting plugin LinuxDeviceProfileSelector
LogPluginManager: Mounting plugin LocationServicesBPLibrary
LogPluginManager: Mounting plugin MobilePatchingUtils
LogPluginManager: Mounting plugin OculusVR
LogPluginManager: Mounting plugin PhysXVehicles
LogPluginManager: Mounting plugin PostSplashScreen
LogPluginManager: Mounting plugin ProceduralMeshComponent
LogPluginManager: Mounting plugin RuntimePhysXCooking
LogPluginManager: Mounting plugin SignificanceManager
LogPluginManager: Mounting plugin SoundFields
LogPluginManager: Mounting plugin SteamVR
LogPluginManager: Mounting plugin Synthesis
LogPluginManager: Mounting plugin WebMMoviePlayer
LogPluginManager: Mounting plugin WindowsMoviePlayer
LogPluginManager: Mounting plugin ScreenshotTools
LogPluginManager: Mounting plugin TestPlugin
LogInit: Using libcurl 7.55.1-DEV
LogInit:  - built for x86_64-pc-win32
LogInit:  - supports SSL with OpenSSL/1.1.1
LogInit:  - supports HTTP deflate (compression) using libz 1.2.8
LogInit:  - other features:
LogInit:      CURL_VERSION_SSL
LogInit:      CURL_VERSION_LIBZ
LogInit:      CURL_VERSION_IPV6
LogInit:      CURL_VERSION_ASYNCHDNS
LogInit:      CURL_VERSION_LARGEFILE
LogInit:      CURL_VERSION_IDN
LogInit:  CurlRequestOptions (configurable via config and command line):
LogInit:  - bVerifyPeer = true  - Libcurl will verify peer certificate
LogInit:  - bUseHttpProxy = false  - Libcurl will NOT use HTTP proxy
LogInit:  - bDontReuseConnections = false  - Libcurl will reuse connections
LogInit:  - MaxHostConnections = 16  - Libcurl will limit the number of connections to a host
LogInit:  - LocalHostAddr = Default
LogInit:  - BufferSize = 65536
LogOnline: OSS: Creating online subsystem instance for: NULL
LogInit: WinSock: version 1.1 (2.2), MaxSocks=32767, MaxUdp=65467
LogOnline: OSS: TryLoadSubsystemAndSetDefault: Loaded subsystem for module [NULL]
LogOculusPluginWrapper: OculusPlugin initialized successfully
LogInit: Build: ++UE4+Release-4.25-CL-14469661
LogInit: Engine Version: 4.25.4-14469661+++UE4+Release-4.25
LogInit: Compatible Engine Version: 4.25.0-13144385+++UE4+Release-4.25
LogInit: Net CL: 13144385
LogInit: OS: Windows 10 (Release 2009) (), CPU: Intel(R) Core(TM) i7-6700K CPU @ 4.00GHz, GPU: AMD Radeon RX 5600 XT
LogInit: Compiled (64-bit): Oct 11 2020 08:10:49
LogInit: Compiled with Visual C++: 19.24.28315.00
LogInit: Build Configuration: Development
LogInit: Branch Name: ++UE4+Release-4.25
LogInit: Command Line: 
LogInit: Base Directory: D:/Unreal Engine/UE_4.25/Engine/Binaries/Win64/
LogInit: Allocator: TBB
LogInit: Installed Engine Build: 1
LogDevObjectVersion: Number of dev versions registered: 26
LogDevObjectVersion:   Dev-Blueprints (B0D832E4-1F89-4F0D-ACCF-7EB736FD4AA2): 10
LogDevObjectVersion:   Dev-Build (E1C64328-A22C-4D53-A36C-8E866417BD8C): 0
LogDevObjectVersion:   Dev-Core (375EC13C-06E4-48FB-B500-84F0262A717E): 4
LogDevObjectVersion:   Dev-Editor (E4B068ED-F494-42E9-A231-DA0B2E46BB41): 38
LogDevObjectVersion:   Dev-Framework (CFFC743F-43B0-4480-9391-14DF171D2073): 37
LogDevObjectVersion:   Dev-Mobile (B02B49B5-BB20-44E9-A304-32B752E40360): 2
LogDevObjectVersion:   Dev-Networking (A4E4105C-59A1-49B5-A7C5-40C4547EDFEE): 0
LogDevObjectVersion:   Dev-Online (39C831C9-5AE6-47DC-9A44-9C173E1C8E7C): 0
LogDevObjectVersion:   Dev-Physics (78F01B33-EBEA-4F98-B9B4-84EACCB95AA2): 4
LogDevObjectVersion:   Dev-Platform (6631380F-2D4D-43E0-8009-CF276956A95A): 0
LogDevObjectVersion:   Dev-Rendering (12F88B9F-8875-4AFC-A67C-D90C383ABD29): 43
LogDevObjectVersion:   Dev-Sequencer (7B5AE74C-D270-4C10-A958-57980B212A5A): 12
LogDevObjectVersion:   Dev-VR (D7296918-1DD6-4BDD-9DE2-64A83CC13884): 3
LogDevObjectVersion:   Dev-LoadTimes (C2A15278-BFE7-4AFE-6C17-90FF531DF755): 1
LogDevObjectVersion:   Private-Geometry (6EACA3D4-40EC-4CC1-B786-8BED09428FC5): 3
LogDevObjectVersion:   Dev-AnimPhys (29E575DD-E0A3-4627-9D10-D276232CDCEA): 17
LogDevObjectVersion:   Dev-Anim (AF43A65D-7FD3-4947-9873-3E8ED9C1BB05): 7
LogDevObjectVersion:   Dev-ReflectionCapture (6B266CEC-1EC7-4B8F-A30B-E4D90942FC07): 1
LogDevObjectVersion:   Dev-Automation (0DF73D61-A23F-47EA-B727-89E90C41499A): 1
LogDevObjectVersion:   FortniteMain (601D1886-AC64-4F84-AA16-D3DE0DEAC7D6): 31
LogDevObjectVersion:   Dev-Enterprise (9DFFBCD6-494F-0158-E221-12823C92A888): 10
LogDevObjectVersion:   Dev-Niagara (F2AED0AC-9AFE-416F-8664-AA7FFA26D6FC): 1
LogDevObjectVersion:   Dev-Destruction (174F1F0B-B4C6-45A5-B13F-2EE8D0FB917D): 10
LogDevObjectVersion:   Dev-Physics-Ext (35F94A83-E258-406C-A318-09F59610247C): 37
LogDevObjectVersion:   Dev-PhysicsMaterial-Chaos (B68FC16E-8B1B-42E2-B453-215C058844FE): 1
LogDevObjectVersion:   Dev-CineCamera (B2E18506-4273-CFC2-A54E-F4BB758BBA07): 1
LogInit: Presizing for max 25165824 objects, including 0 objects not considered by GC, pre-allocating 0 bytes for permanent pool.
LogConfig: Applying CVar settings from Section [/Script/Engine.StreamingSettings] File [D:/GitHub/BlindVR/Saved/Config/Windows/Engine.ini]
LogConfig: Setting CVar [[s.MinBulkDataSizeForAsyncLoading:131072]]
LogConfig: Setting CVar [[s.AsyncLoadingThreadEnabled:0]]
LogConfig: Setting CVar [[s.EventDrivenLoaderEnabled:1]]
LogConfig: Setting CVar [[s.WarnIfTimeLimitExceeded:0]]
LogConfig: Setting CVar [[s.TimeLimitExceededMultiplier:1.5]]
LogConfig: Setting CVar [[s.TimeLimitExceededMinTime:0.005]]
LogConfig: Setting CVar [[s.UseBackgroundLevelStreaming:1]]
LogConfig: Setting CVar [[s.PriorityAsyncLoadingExtraTime:15.0]]
LogConfig: Setting CVar [[s.LevelStreamingActorsUpdateTimeLimit:5.0]]
LogConfig: Setting CVar [[s.PriorityLevelStreamingActorsUpdateExtraTime:5.0]]
LogConfig: Setting CVar [[s.LevelStreamingComponentsRegistrationGranularity:10]]
LogConfig: Setting CVar [[s.UnregisterComponentsTimeLimit:1.0]]
LogConfig: Setting CVar [[s.LevelStreamingComponentsUnregistrationGranularity:5]]
LogConfig: Setting CVar [[s.FlushStreamingOnExit:1]]
LogInit: Object subsystem initialized
LogConfig: Setting CVar [[con.DebugEarlyDefault:1]]
LogConfig: Setting CVar [[r.setres:1280x720]]
[2020.12.15-06.53.58:008][  0]LogConfig: Setting CVar [[r.VSync:0]]
[2020.12.15-06.53.58:008][  0]LogConfig: Setting CVar [[r.RHICmdBypass:0]]
[2020.12.15-06.53.58:009][  0]LogConfig: Applying CVar settings from Section [/Script/Engine.RendererSettings] File [D:/GitHub/BlindVR/Saved/Config/Windows/Engine.ini]
[2020.12.15-06.53.58:009][  0]LogConfig: Setting CVar [[r.GPUCrashDebugging:0]]
[2020.12.15-06.53.58:009][  0]LogConfig: Setting CVar [[r.Mobile.DisableVertexFog:1]]
[2020.12.15-06.53.58:009][  0]LogConfig: Setting CVar [[r.Shadow.CSM.MaxMobileCascades:2]]
[2020.12.15-06.53.58:009][  0]LogConfig: Setting CVar [[r.MobileMSAA:1]]
[2020.12.15-06.53.58:009][  0]LogConfig: Setting CVar [[r.Mobile.UseLegacyShadingModel:0]]
[2020.12.15-06.53.58:009][  0]LogConfig: Setting CVar [[r.Mobile.AllowDitheredLODTransition:0]]
[2020.12.15-06.53.58:009][  0]LogConfig: Setting CVar [[r.Mobile.AllowSoftwareOcclusion:0]]
[2020.12.15-06.53.58:009][  0]LogConfig: Setting CVar [[r.Mobile.VirtualTextures:0]]
[2020.12.15-06.53.58:009][  0]LogConfig: Setting CVar [[r.DiscardUnusedQuality:0]]
[2020.12.15-06.53.58:009][  0]LogConfig: Setting CVar [[r.AllowOcclusionQueries:1]]
[2020.12.15-06.53.58:009][  0]LogConfig: Setting CVar [[r.MinScreenRadiusForLights:0.030000]]
[2020.12.15-06.53.58:009][  0]LogConfig: Setting CVar [[r.MinScreenRadiusForDepthPrepass:0.030000]]
[2020.12.15-06.53.58:009][  0]LogConfig: Setting CVar [[r.MinScreenRadiusForCSMDepth:0.010000]]
[2020.12.15-06.53.58:009][  0]LogConfig: Setting CVar [[r.PrecomputedVisibilityWarning:0]]
[2020.12.15-06.53.58:009][  0]LogConfig: Setting CVar [[r.TextureStreaming:1]]
[2020.12.15-06.53.58:009][  0]LogConfig: Setting CVar [[Compat.UseDXT5NormalMaps:0]]
[2020.12.15-06.53.58:009][  0]LogConfig: Setting CVar [[r.VirtualTextures:0]]
[2020.12.15-06.53.58:009][  0]LogConfig: Setting CVar [[r.VirtualTexturedLightmaps:0]]
[2020.12.15-06.53.58:009][  0]LogConfig: Setting CVar [[r.VT.TileSize:128]]
[2020.12.15-06.53.58:009][  0]LogConfig: Setting CVar [[r.VT.TileBorderSize:4]]
[2020.12.15-06.53.58:009][  0]LogConfig: Setting CVar [[r.vt.FeedbackFactor:16]]
[2020.12.15-06.53.58:009][  0]LogConfig: Setting CVar [[r.VT.EnableCompressZlib:1]]
[2020.12.15-06.53.58:009][  0]LogConfig: Setting CVar [[r.VT.EnableCompressCrunch:0]]
[2020.12.15-06.53.58:009][  0]LogConfig: Setting CVar [[r.ClearCoatNormal:0]]
[2020.12.15-06.53.58:009][  0]LogConfig: Setting CVar [[r.AnisotropicBRDF:0]]
[2020.12.15-06.53.58:009][  0]LogConfig: Setting CVar [[r.ReflectionCaptureResolution:128]]
[2020.12.15-06.53.58:009][  0]LogConfig: Setting CVar [[r.ReflectionEnvironmentLightmapMixBasedOnRoughness:1]]
[2020.12.15-06.53.58:009][  0]LogConfig: Setting CVar [[r.ForwardShading:0]]
[2020.12.15-06.53.58:009][  0]LogConfig: Setting CVar [[r.VertexFoggingForOpaque:1]]
[2020.12.15-06.53.58:009][  0]LogConfig: Setting CVar [[r.AllowStaticLighting:1]]
[2020.12.15-06.53.58:009][  0]LogConfig: Setting CVar [[r.NormalMapsForStaticLighting:0]]
[2020.12.15-06.53.58:009][  0]LogConfig: Setting CVar [[r.GenerateMeshDistanceFields:0]]
[2020.12.15-06.53.58:010][  0]LogConfig: Setting CVar [[r.DistanceFieldBuild.EightBit:0]]
[2020.12.15-06.53.58:010][  0]LogConfig: Setting CVar [[r.GenerateLandscapeGIData:0]]
[2020.12.15-06.53.58:010][  0]LogConfig: Setting CVar [[r.DistanceFieldBuild.Compress:0]]
[2020.12.15-06.53.58:010][  0]LogConfig: Setting CVar [[r.TessellationAdaptivePixelsPerTriangle:48.000000]]
[2020.12.15-06.53.58:010][  0]LogConfig: Setting CVar [[r.SeparateTranslucency:1]]
[2020.12.15-06.53.58:010][  0]LogConfig: Setting CVar [[r.TranslucentSortPolicy:0]]
[2020.12.15-06.53.58:010][  0]LogConfig: Setting CVar [[r.CustomDepth:1]]
[2020.12.15-06.53.58:010][  0]LogConfig: Setting CVar [[r.CustomDepthTemporalAAJitter:1]]
[2020.12.15-06.53.58:010][  0]LogConfig: Setting CVar [[r.PostProcessing.PropagateAlpha:0]]
[2020.12.15-06.53.58:010][  0]LogConfig: Setting CVar [[r.DefaultFeature.Bloom:1]]
[2020.12.15-06.53.58:010][  0]LogConfig: Setting CVar [[r.DefaultFeature.AmbientOcclusion:1]]
[2020.12.15-06.53.58:010][  0]LogConfig: Setting CVar [[r.DefaultFeature.AmbientOcclusionStaticFraction:1]]
[2020.12.15-06.53.58:010][  0]LogConfig: Setting CVar [[r.DefaultFeature.AutoExposure:0]]
[2020.12.15-06.53.58:010][  0]LogConfig: Setting CVar [[r.DefaultFeature.AutoExposure.Method:0]]
[2020.12.15-06.53.58:010][  0]LogConfig: Setting CVar [[r.DefaultFeature.AutoExposure.Bias:1.000000]]
[2020.12.15-06.53.58:010][  0]LogConfig: Setting CVar [[r.DefaultFeature.AutoExposure.ExtendDefaultLuminanceRange:0]]
[2020.12.15-06.53.58:010][  0]LogConfig: Setting CVar [[r.UsePreExposure:1]]
[2020.12.15-06.53.58:010][  0]LogConfig: Setting CVar [[r.EyeAdaptation.EditorOnly:0]]
[2020.12.15-06.53.58:010][  0]LogConfig: Setting CVar [[r.DefaultFeature.MotionBlur:0]]
[2020.12.15-06.53.58:010][  0]LogConfig: Setting CVar [[r.DefaultFeature.LensFlare:0]]
[2020.12.15-06.53.58:010][  0]LogConfig: Setting CVar [[r.TemporalAA.Upsampling:0]]
[2020.12.15-06.53.58:010][  0]LogConfig: Setting CVar [[r.SSGI.Enable:0]]
[2020.12.15-06.53.58:010][  0]LogConfig: Setting CVar [[r.DefaultFeature.AntiAliasing:0]]
[2020.12.15-06.53.58:010][  0]LogConfig: Setting CVar [[r.DefaultFeature.LightUnits:1]]
[2020.12.15-06.53.58:010][  0]LogConfig: Setting CVar [[r.DefaultBackBufferPixelFormat:4]]
[2020.12.15-06.53.58:010][  0]LogConfig: Setting CVar [[r.Shadow.UnbuiltPreviewInGame:1]]
[2020.12.15-06.53.58:010][  0]LogConfig: Setting CVar [[r.StencilForLODDither:0]]
[2020.12.15-06.53.58:010][  0]LogConfig: Setting CVar [[r.EarlyZPass:3]]
[2020.12.15-06.53.58:018][  0]LogConfig: Setting CVar [[r.EarlyZPassOnlyMaterialMasking:0]]
[2020.12.15-06.53.58:018][  0]LogConfig: Setting CVar [[r.DBuffer:1]]
[2020.12.15-06.53.58:018][  0]LogConfig: Setting CVar [[r.ClearSceneMethod:1]]
[2020.12.15-06.53.58:018][  0]LogConfig: Setting CVar [[r.BasePassOutputsVelocity:0]]
[2020.12.15-06.53.58:018][  0]LogConfig: Setting CVar [[r.VertexDeformationOutputsVelocity:0]]
[2020.12.15-06.53.58:018][  0]LogConfig: Setting CVar [[r.SelectiveBasePassOutputs:0]]
[2020.12.15-06.53.58:018][  0]LogConfig: Setting CVar [[fx.GPUSimulationTextureSizeX:1024]]
[2020.12.15-06.53.58:018][  0]LogConfig: Setting CVar [[fx.GPUSimulationTextureSizeY:1024]]
[2020.12.15-06.53.58:018][  0]LogConfig: Setting CVar [[r.AllowGlobalClipPlane:0]]
[2020.12.15-06.53.58:018][  0]LogConfig: Setting CVar [[r.GBufferFormat:1]]
[2020.12.15-06.53.58:018][  0]LogConfig: Setting CVar [[r.MorphTarget.Mode:1]]
[2020.12.15-06.53.58:018][  0]LogConfig: Setting CVar [[vr.InstancedStereo:0]]
[2020.12.15-06.53.58:018][  0]LogConfig: Setting CVar [[r.MobileHDR:1]]
[2020.12.15-06.53.58:018][  0]LogConfig: Setting CVar [[vr.MobileMultiView:0]]
[2020.12.15-06.53.58:018][  0]LogConfig: Setting CVar [[r.Mobile.UseHWsRGBEncoding:0]]
[2020.12.15-06.53.58:018][  0]LogConfig: Setting CVar [[vr.RoundRobinOcclusion:0]]
[2020.12.15-06.53.58:018][  0]LogConfig: Setting CVar [[vr.ODSCapture:0]]
[2020.12.15-06.53.58:018][  0]LogConfig: Setting CVar [[r.MeshStreaming:0]]
[2020.12.15-06.53.58:018][  0]LogConfig: Setting CVar [[r.WireframeCullThreshold:5.000000]]
[2020.12.15-06.53.58:018][  0]LogConfig: Setting CVar [[r.RayTracing:0]]
[2020.12.15-06.53.58:018][  0]LogConfig: Setting CVar [[r.RayTracing.UseTextureLod:0]]
[2020.12.15-06.53.58:018][  0]LogConfig: Setting CVar [[r.SupportStationarySkylight:1]]
[2020.12.15-06.53.58:018][  0]LogConfig: Setting CVar [[r.SupportLowQualityLightmaps:1]]
[2020.12.15-06.53.58:018][  0]LogConfig: Setting CVar [[r.SupportPointLightWholeSceneShadows:1]]
[2020.12.15-06.53.58:018][  0]LogConfig: Setting CVar [[r.SupportAtmosphericFog:1]]
[2020.12.15-06.53.58:018][  0]LogConfig: Setting CVar [[r.SupportSkyAtmosphere:1]]
[2020.12.15-06.53.58:018][  0]LogConfig: Setting CVar [[r.SupportSkyAtmosphereAffectsHeightFog:0]]
[2020.12.15-06.53.58:018][  0]LogConfig: Setting CVar [[r.SkinCache.CompileShaders:0]]
[2020.12.15-06.53.58:018][  0]LogConfig: Setting CVar [[r.SkinCache.DefaultBehavior:1]]
[2020.12.15-06.53.58:018][  0]LogConfig: Setting CVar [[r.SkinCache.SceneMemoryLimitInMB:128.000000]]
[2020.12.15-06.53.58:018][  0]LogConfig: Setting CVar [[r.Mobile.EnableStaticAndCSMShadowReceivers:1]]
[2020.12.15-06.53.58:019][  0]LogConfig: Setting CVar [[r.Mobile.EnableMovableLightCSMShaderCulling:1]]
[2020.12.15-06.53.58:019][  0]LogConfig: Setting CVar [[r.Mobile.AllowDistanceFieldShadows:1]]
[2020.12.15-06.53.58:019][  0]LogConfig: Setting CVar [[r.Mobile.AllowMovableDirectionalLights:1]]
[2020.12.15-06.53.58:019][  0]LogConfig: Setting CVar [[r.MobileNumDynamicPointLights:4]]
[2020.12.15-06.53.58:019][  0]LogConfig: Setting CVar [[r.MobileDynamicPointLightsUseStaticBranch:1]]
[2020.12.15-06.53.58:019][  0]LogConfig: Setting CVar [[r.Mobile.EnableMovableSpotlights:0]]
[2020.12.15-06.53.58:019][  0]LogConfig: Setting CVar [[r.GPUSkin.Support16BitBoneIndex:0]]
[2020.12.15-06.53.58:019][  0]LogConfig: Setting CVar [[r.GPUSkin.Limit2BoneInfluences:0]]
[2020.12.15-06.53.58:019][  0]LogConfig: Setting CVar [[r.SupportDepthOnlyIndexBuffers:1]]
[2020.12.15-06.53.58:019][  0]LogConfig: Setting CVar [[r.SupportReversedIndexBuffers:1]]
[2020.12.15-06.53.58:019][  0]LogConfig: Setting CVar [[r.SupportMaterialLayers:0]]
[2020.12.15-06.53.58:019][  0]LogConfig: Setting CVar [[r.LightPropagationVolume:0]]
[2020.12.15-06.53.58:019][  0]LogConfig: Applying CVar settings from Section [/Script/Engine.RendererOverrideSettings] File [D:/GitHub/BlindVR/Saved/Config/Windows/Engine.ini]
[2020.12.15-06.53.58:019][  0]LogConfig: Applying CVar settings from Section [/Script/Engine.StreamingSettings] File [D:/GitHub/BlindVR/Saved/Config/Windows/Engine.ini]
[2020.12.15-06.53.58:019][  0]LogConfig: Setting CVar [[s.MinBulkDataSizeForAsyncLoading:131072]]
[2020.12.15-06.53.58:019][  0]LogConfig: Setting CVar [[s.AsyncLoadingThreadEnabled:0]]
[2020.12.15-06.53.58:019][  0]LogConfig: Setting CVar [[s.EventDrivenLoaderEnabled:1]]
[2020.12.15-06.53.58:019][  0]LogConfig: Setting CVar [[s.WarnIfTimeLimitExceeded:0]]
[2020.12.15-06.53.58:019][  0]LogConfig: Setting CVar [[s.TimeLimitExceededMultiplier:1.5]]
[2020.12.15-06.53.58:019][  0]LogConfig: Setting CVar [[s.TimeLimitExceededMinTime:0.005]]
[2020.12.15-06.53.58:019][  0]LogConfig: Setting CVar [[s.UseBackgroundLevelStreaming:1]]
[2020.12.15-06.53.58:019][  0]LogConfig: Setting CVar [[s.PriorityAsyncLoadingExtraTime:15.0]]
[2020.12.15-06.53.58:019][  0]LogConfig: Setting CVar [[s.LevelStreamingActorsUpdateTimeLimit:5.0]]
[2020.12.15-06.53.58:019][  0]LogConfig: Setting CVar [[s.PriorityLevelStreamingActorsUpdateExtraTime:5.0]]
[2020.12.15-06.53.58:019][  0]LogConfig: Setting CVar [[s.LevelStreamingComponentsRegistrationGranularity:10]]
[2020.12.15-06.53.58:019][  0]LogConfig: Setting CVar [[s.UnregisterComponentsTimeLimit:1.0]]
[2020.12.15-06.53.58:019][  0]LogConfig: Setting CVar [[s.LevelStreamingComponentsUnregistrationGranularity:5]]
[2020.12.15-06.53.58:019][  0]LogConfig: Setting CVar [[s.FlushStreamingOnExit:1]]
[2020.12.15-06.53.58:019][  0]LogConfig: Applying CVar settings from Section [/Script/Engine.GarbageCollectionSettings] File [D:/GitHub/BlindVR/Saved/Config/Windows/Engine.ini]
[2020.12.15-06.53.58:019][  0]LogConfig: Setting CVar [[gc.MaxObjectsNotConsideredByGC:1]]
[2020.12.15-06.53.58:019][  0]LogConfig: Setting CVar [[gc.SizeOfPermanentObjectPool:0]]
[2020.12.15-06.53.58:019][  0]LogConfig: Setting CVar [[gc.FlushStreamingOnGC:0]]
[2020.12.15-06.53.58:019][  0]LogConfig: Setting CVar [[gc.NumRetriesBeforeForcingGC:10]]
[2020.12.15-06.53.58:019][  0]LogConfig: Setting CVar [[gc.AllowParallelGC:1]]
[2020.12.15-06.53.58:019][  0]LogConfig: Setting CVar [[gc.TimeBetweenPurgingPendingKillObjects:61.1]]
[2020.12.15-06.53.58:019][  0]LogConfig: Setting CVar [[gc.MaxObjectsInEditor:25165824]]
[2020.12.15-06.53.58:019][  0]LogConfig: Setting CVar [[gc.IncrementalBeginDestroyEnabled:1]]
[2020.12.15-06.53.58:019][  0]LogConfig: Setting CVar [[gc.CreateGCClusters:1]]
[2020.12.15-06.53.58:019][  0]LogConfig: Setting CVar [[gc.MinGCClusterSize:5]]
[2020.12.15-06.53.58:019][  0]LogConfig: Setting CVar [[gc.ActorClusteringEnabled:0]]
[2020.12.15-06.53.58:019][  0]LogConfig: Setting CVar [[gc.BlueprintClusteringEnabled:0]]
[2020.12.15-06.53.58:019][  0]LogConfig: Setting CVar [[gc.UseDisregardForGCOnDedicatedServers:0]]
[2020.12.15-06.53.58:019][  0]LogConfig: Applying CVar settings from Section [/Script/Engine.NetworkSettings] File [D:/GitHub/BlindVR/Saved/Config/Windows/Engine.ini]
[2020.12.15-06.53.58:019][  0]LogConfig: Applying CVar settings from Section [/Script/UnrealEd.CookerSettings] File [D:/GitHub/BlindVR/Saved/Config/Windows/Engine.ini]
[2020.12.15-06.53.58:093][  0]LogConfig: Applying CVar settings from Section [ViewDistanceQuality@3] File [D:/GitHub/BlindVR/Saved/Config/Windows/Scalability.ini]
[2020.12.15-06.53.58:093][  0]LogConfig: Setting CVar [[r.SkeletalMeshLODBias:0]]
[2020.12.15-06.53.58:093][  0]LogConfig: Setting CVar [[r.ViewDistanceScale:1.0]]
[2020.12.15-06.53.58:093][  0]LogConfig: Applying CVar settings from Section [AntiAliasingQuality@3] File [D:/GitHub/BlindVR/Saved/Config/Windows/Scalability.ini]
[2020.12.15-06.53.58:093][  0]LogConfig: Setting CVar [[r.PostProcessAAQuality:3]]
[2020.12.15-06.53.58:093][  0]LogConfig: Applying CVar settings from Section [ShadowQuality@3] File [D:/GitHub/BlindVR/Saved/Config/Windows/Scalability.ini]
[2020.12.15-06.53.58:093][  0]LogConfig: Setting CVar [[r.LightFunctionQuality:1]]
[2020.12.15-06.53.58:093][  0]LogConfig: Setting CVar [[r.ShadowQuality:5]]
[2020.12.15-06.53.58:093][  0]LogConfig: Setting CVar [[r.Shadow.CSM.MaxCascades:10]]
[2020.12.15-06.53.58:093][  0]LogConfig: Setting CVar [[r.Shadow.MaxResolution:2048]]
[2020.12.15-06.53.58:093][  0]LogConfig: Setting CVar [[r.Shadow.MaxCSMResolution:2048]]
[2020.12.15-06.53.58:093][  0]LogConfig: Setting CVar [[r.Shadow.RadiusThreshold:0.01]]
[2020.12.15-06.53.58:093][  0]LogConfig: Setting CVar [[r.Shadow.DistanceScale:1.0]]
[2020.12.15-06.53.58:093][  0]LogConfig: Setting CVar [[r.Shadow.CSM.TransitionScale:1.0]]
[2020.12.15-06.53.58:093][  0]LogConfig: Setting CVar [[r.Shadow.PreShadowResolutionFactor:1.0]]
[2020.12.15-06.53.58:093][  0]LogConfig: Setting CVar [[r.DistanceFieldShadowing:1]]
[2020.12.15-06.53.58:093][  0]LogConfig: Setting CVar [[r.DistanceFieldAO:1]]
[2020.12.15-06.53.58:093][  0]LogConfig: Setting CVar [[r.AOQuality:2]]
[2020.12.15-06.53.58:093][  0]LogConfig: Setting CVar [[r.VolumetricFog:1]]
[2020.12.15-06.53.58:093][  0]LogConfig: Setting CVar [[r.VolumetricFog.GridPixelSize:8]]
[2020.12.15-06.53.58:093][  0]LogConfig: Setting CVar [[r.VolumetricFog.GridSizeZ:128]]
[2020.12.15-06.53.58:093][  0]LogConfig: Setting CVar [[r.VolumetricFog.HistoryMissSupersampleCount:4]]
[2020.12.15-06.53.58:093][  0]LogConfig: Setting CVar [[r.LightMaxDrawDistanceScale:1]]
[2020.12.15-06.53.58:093][  0]LogConfig: Setting CVar [[r.CapsuleShadows:1]]
[2020.12.15-06.53.58:093][  0]LogConfig: Applying CVar settings from Section [PostProcessQuality@3] File [D:/GitHub/BlindVR/Saved/Config/Windows/Scalability.ini]
[2020.12.15-06.53.58:093][  0]LogConfig: Setting CVar [[r.MotionBlurQuality:0]]
[2020.12.15-06.53.58:093][  0]LogConfig: Setting CVar [[r.AmbientOcclusionMipLevelFactor:0.4]]
[2020.12.15-06.53.58:093][  0]LogConfig: Setting CVar [[r.AmbientOcclusionMaxQuality:100]]
[2020.12.15-06.53.58:093][  0]LogConfig: Setting CVar [[r.AmbientOcclusionLevels:0]]
[2020.12.15-06.53.58:093][  0]LogConfig: Setting CVar [[r.AmbientOcclusionRadiusScale:1.0]]
[2020.12.15-06.53.58:093][  0]LogConfig: Setting CVar [[r.DepthOfFieldQuality:0]]
[2020.12.15-06.53.58:093][  0]LogConfig: Setting CVar [[r.RenderTargetPoolMin:400]]
[2020.12.15-06.53.58:093][  0]LogConfig: Setting CVar [[r.LensFlareQuality:0]]
[2020.12.15-06.53.58:093][  0]LogConfig: Setting CVar [[r.SceneColorFringeQuality:0]]
[2020.12.15-06.53.58:093][  0]LogConfig: Setting CVar [[r.EyeAdaptationQuality:2]]
[2020.12.15-06.53.58:093][  0]LogConfig: Setting CVar [[r.BloomQuality:1]]
[2020.12.15-06.53.58:093][  0]LogConfig: Setting CVar [[r.FastBlurThreshold:0]]
[2020.12.15-06.53.58:093][  0]LogConfig: Setting CVar [[r.Upscale.Quality:3]]
[2020.12.15-06.53.58:093][  0]LogConfig: Setting CVar [[r.Tonemapper.GrainQuantization:1]]
[2020.12.15-06.53.58:093][  0]LogConfig: Setting CVar [[r.LightShaftQuality:1]]
[2020.12.15-06.53.58:093][  0]LogConfig: Setting CVar [[r.Filter.SizeScale:1]]
[2020.12.15-06.53.58:093][  0]LogConfig: Setting CVar [[r.Tonemapper.Quality:5]]
[2020.12.15-06.53.58:093][  0]LogConfig: Setting CVar [[r.DOF.Gather.AccumulatorQuality:1        ; higher gathering accumulator quality]]
[2020.12.15-06.53.58:093][  0]LogConfig: Setting CVar [[r.DOF.Gather.PostfilterMethod:1          ; Median3x3 postfilering method]]
[2020.12.15-06.53.58:093][  0]LogConfig: Setting CVar [[r.DOF.Gather.EnableBokehSettings:0       ; no bokeh simulation when gathering]]
[2020.12.15-06.53.58:093][  0]LogConfig: Setting CVar [[r.DOF.Gather.RingCount:4                 ; medium number of samples when gathering]]
[2020.12.15-06.53.58:093][  0]LogConfig: Setting CVar [[r.DOF.Scatter.ForegroundCompositing:1    ; additive foreground scattering]]
[2020.12.15-06.53.58:093][  0]LogConfig: Setting CVar [[r.DOF.Scatter.BackgroundCompositing:2    ; additive background scattering]]
[2020.12.15-06.53.58:093][  0]LogConfig: Setting CVar [[r.DOF.Scatter.EnableBokehSettings:1      ; bokeh simulation when scattering]]
[2020.12.15-06.53.58:093][  0]LogConfig: Setting CVar [[r.DOF.Scatter.MaxSpriteRatio:0.1         ; only a maximum of 10% of scattered bokeh]]
[2020.12.15-06.53.58:093][  0]LogConfig: Setting CVar [[r.DOF.Recombine.Quality:1                ; cheap slight out of focus]]
[2020.12.15-06.53.58:093][  0]LogConfig: Setting CVar [[r.DOF.Recombine.EnableBokehSettings:0    ; no bokeh simulation on slight out of focus]]
[2020.12.15-06.53.58:093][  0]LogConfig: Setting CVar [[r.DOF.TemporalAAQuality:1                ; more stable temporal accumulation]]
[2020.12.15-06.53.58:093][  0]LogConfig: Setting CVar [[r.DOF.Kernel.MaxForegroundRadius:0.025]]
[2020.12.15-06.53.58:093][  0]LogConfig: Setting CVar [[r.DOF.Kernel.MaxBackgroundRadius:0.025]]
[2020.12.15-06.53.58:093][  0]LogConfig: Applying CVar settings from Section [TextureQuality@3] File [D:/GitHub/BlindVR/Saved/Config/Windows/Scalability.ini]
[2020.12.15-06.53.58:093][  0]LogConfig: Setting CVar [[r.Streaming.MipBias:0]]
[2020.12.15-06.53.58:093][  0]LogConfig: Setting CVar [[r.Streaming.AmortizeCPUToGPUCopy:0]]
[2020.12.15-06.53.58:093][  0]LogConfig: Setting CVar [[r.Streaming.MaxNumTexturesToStreamPerFrame:0]]
[2020.12.15-06.53.58:093][  0]LogConfig: Setting CVar [[r.Streaming.Boost:1]]
[2020.12.15-06.53.58:093][  0]LogConfig: Setting CVar [[r.MaxAnisotropy:8]]
[2020.12.15-06.53.58:093][  0]LogConfig: Setting CVar [[r.VT.MaxAnisotropy:8]]
[2020.12.15-06.53.58:093][  0]LogConfig: Setting CVar [[r.Streaming.LimitPoolSizeToVRAM:0]]
[2020.12.15-06.53.58:093][  0]LogConfig: Setting CVar [[r.Streaming.PoolSize:1000]]
[2020.12.15-06.53.58:093][  0]LogConfig: Setting CVar [[r.Streaming.MaxEffectiveScreenSize:0]]
[2020.12.15-06.53.58:093][  0]LogConfig: Applying CVar settings from Section [EffectsQuality@3] File [D:/GitHub/BlindVR/Saved/Config/Windows/Scalability.ini]
[2020.12.15-06.53.58:093][  0]LogConfig: Setting CVar [[r.TranslucencyLightingVolumeDim:4]]
[2020.12.15-06.53.58:093][  0]LogConfig: Setting CVar [[r.RefractionQuality:2]]
[2020.12.15-06.53.58:093][  0]LogConfig: Setting CVar [[r.SSR.Quality:0]]
[2020.12.15-06.53.58:094][  0]LogConfig: Setting CVar [[r.SSR.HalfResSceneColor:0]]
[2020.12.15-06.53.58:094][  0]LogConfig: Setting CVar [[r.SceneColorFormat:2]]
[2020.12.15-06.53.58:094][  0]LogConfig: Setting CVar [[r.DetailMode:2]]
[2020.12.15-06.53.58:094][  0]LogConfig: Setting CVar [[r.TranslucencyVolumeBlur:0]]
[2020.12.15-06.53.58:094][  0]LogConfig: Setting CVar [[r.MaterialQualityLevel:1 ; High quality]]
[2020.12.15-06.53.58:094][  0]LogConfig: Setting CVar [[r.SSS.Scale:1]]
[2020.12.15-06.53.58:094][  0]LogConfig: Setting CVar [[r.SSS.SampleSet:2]]
[2020.12.15-06.53.58:094][  0]LogConfig: Setting CVar [[r.SSS.Quality:1]]
[2020.12.15-06.53.58:094][  0]LogConfig: Setting CVar [[r.SSS.HalfRes:0]]
[2020.12.15-06.53.58:094][  0]LogConfig: Setting CVar [[r.SSGI.Quality:3]]
[2020.12.15-06.53.58:094][  0]LogConfig: Setting CVar [[r.EmitterSpawnRateScale:1.0]]
[2020.12.15-06.53.58:094][  0]LogConfig: Setting CVar [[r.ParticleLightQuality:2]]
[2020.12.15-06.53.58:094][  0]LogConfig: Setting CVar [[r.SkyAtmosphere.AerialPerspectiveLUT.FastApplyOnOpaque:1 ; Always have FastSkyLUT 1 in this case to avoid wrong sky]]
[2020.12.15-06.53.58:094][  0]LogConfig: Setting CVar [[r.SkyAtmosphere.AerialPerspectiveLUT.SampleCountPerSlice:1]]
[2020.12.15-06.53.58:094][  0]LogConfig: Setting CVar [[r.SkyAtmosphere.AerialPerspectiveLUT.DepthResolution:16.0]]
[2020.12.15-06.53.58:094][  0]LogConfig: Setting CVar [[r.SkyAtmosphere.FastSkyLUT:1]]
[2020.12.15-06.53.58:094][  0]LogConfig: Setting CVar [[r.SkyAtmosphere.FastSkyLUT.SampleCountMin:4.0]]
[2020.12.15-06.53.58:094][  0]LogConfig: Setting CVar [[r.SkyAtmosphere.FastSkyLUT.SampleCountMax:32.0]]
[2020.12.15-06.53.58:094][  0]LogConfig: Setting CVar [[r.SkyAtmosphere.SampleCountMin:4.0]]
[2020.12.15-06.53.58:094][  0]LogConfig: Setting CVar [[r.SkyAtmosphere.SampleCountMax:32.0]]
[2020.12.15-06.53.58:094][  0]LogConfig: Setting CVar [[r.SkyAtmosphere.TransmittanceLUT.UseSmallFormat:0]]
[2020.12.15-06.53.58:094][  0]LogConfig: Setting CVar [[r.SkyAtmosphere.TransmittanceLUT.SampleCount:10.0]]
[2020.12.15-06.53.58:094][  0]LogConfig: Setting CVar [[r.SkyAtmosphere.MultiScatteringLUT.SampleCount:15.0]]
[2020.12.15-06.53.58:094][  0]LogConfig: Applying CVar settings from Section [FoliageQuality@3] File [D:/GitHub/BlindVR/Saved/Config/Windows/Scalability.ini]
[2020.12.15-06.53.58:094][  0]LogConfig: Setting CVar [[foliage.DensityScale:1.0]]
[2020.12.15-06.53.58:094][  0]LogConfig: Setting CVar [[grass.DensityScale:1.0]]
[2020.12.15-06.53.58:094][  0]LogConfig: Applying CVar settings from Section [ShadingQuality@3] File [D:/GitHub/BlindVR/Saved/Config/Windows/Scalability.ini]
[2020.12.15-06.53.58:094][  0]LogConfig: Setting CVar [[r.HairStrands.SkyLighting.SampleCount:16]]
[2020.12.15-06.53.58:094][  0]LogConfig: Setting CVar [[r.HairStrands.SkyLighting.JitterIntegration:0]]
[2020.12.15-06.53.58:094][  0]LogConfig: Setting CVar [[r.HairStrands.SkyAO.SampleCount:16]]
[2020.12.15-06.53.58:094][  0]LogConfig: Setting CVar [[r.HairStrands.DeepShadow.SuperSampling:0]]
[2020.12.15-06.53.58:094][  0]LogConfig: Setting CVar [[r.HairStrands.VisibilityPPLL:0]]
[2020.12.15-06.53.58:094][  0]LogConfig: Setting CVar [[r.HairStrands.RasterizationScale:0.5]]
[2020.12.15-06.53.58:094][  0]LogConfig: Setting CVar [[r.HairStrands.VelocityRasterizationScale:1]]
[2020.12.15-06.53.58:097][  0]LogInit: Selected Device Profile: [Windows]
[2020.12.15-06.53.58:097][  0]LogInit: Applying CVar settings loaded from the selected device profile: [Windows]
[2020.12.15-06.53.58:105][  0]LogHAL: Display: Platform has ~ 16 GB [17133326336 / 17179869184 / 16], which maps to Larger [LargestMinGB=32, LargerMinGB=12, DefaultMinGB=8, SmallerMinGB=6, SmallestMinGB=0)
[2020.12.15-06.53.58:106][  0]LogInit: Going up to parent DeviceProfile []
[2020.12.15-06.53.58:106][  0]LogConfig: Applying CVar settings from Section [ViewDistanceQuality@3] File [D:/GitHub/BlindVR/Saved/Config/Windows/Scalability.ini]
[2020.12.15-06.53.58:106][  0]LogConfig: Setting CVar [[r.SkeletalMeshLODBias:0]]
[2020.12.15-06.53.58:106][  0]LogConfig: Setting CVar [[r.ViewDistanceScale:1.0]]
[2020.12.15-06.53.58:106][  0]LogConfig: Applying CVar settings from Section [AntiAliasingQuality@3] File [D:/GitHub/BlindVR/Saved/Config/Windows/Scalability.ini]
[2020.12.15-06.53.58:106][  0]LogConfig: Setting CVar [[r.PostProcessAAQuality:3]]
[2020.12.15-06.53.58:106][  0]LogConfig: Applying CVar settings from Section [ShadowQuality@3] File [D:/GitHub/BlindVR/Saved/Config/Windows/Scalability.ini]
[2020.12.15-06.53.58:106][  0]LogConfig: Setting CVar [[r.LightFunctionQuality:1]]
[2020.12.15-06.53.58:106][  0]LogConfig: Setting CVar [[r.ShadowQuality:5]]
[2020.12.15-06.53.58:106][  0]LogConfig: Setting CVar [[r.Shadow.CSM.MaxCascades:10]]
[2020.12.15-06.53.58:106][  0]LogConfig: Setting CVar [[r.Shadow.MaxResolution:2048]]
[2020.12.15-06.53.58:106][  0]LogConfig: Setting CVar [[r.Shadow.MaxCSMResolution:2048]]
[2020.12.15-06.53.58:106][  0]LogConfig: Setting CVar [[r.Shadow.RadiusThreshold:0.01]]
[2020.12.15-06.53.58:106][  0]LogConfig: Setting CVar [[r.Shadow.DistanceScale:1.0]]
[2020.12.15-06.53.58:106][  0]LogConfig: Setting CVar [[r.Shadow.CSM.TransitionScale:1.0]]
[2020.12.15-06.53.58:106][  0]LogConfig: Setting CVar [[r.Shadow.PreShadowResolutionFactor:1.0]]
[2020.12.15-06.53.58:106][  0]LogConfig: Setting CVar [[r.DistanceFieldShadowing:1]]
[2020.12.15-06.53.58:106][  0]LogConfig: Setting CVar [[r.DistanceFieldAO:1]]
[2020.12.15-06.53.58:106][  0]LogConfig: Setting CVar [[r.AOQuality:2]]
[2020.12.15-06.53.58:106][  0]LogConfig: Setting CVar [[r.VolumetricFog:1]]
[2020.12.15-06.53.58:106][  0]LogConfig: Setting CVar [[r.VolumetricFog.GridPixelSize:8]]
[2020.12.15-06.53.58:106][  0]LogConfig: Setting CVar [[r.VolumetricFog.GridSizeZ:128]]
[2020.12.15-06.53.58:106][  0]LogConfig: Setting CVar [[r.VolumetricFog.HistoryMissSupersampleCount:4]]
[2020.12.15-06.53.58:106][  0]LogConfig: Setting CVar [[r.LightMaxDrawDistanceScale:1]]
[2020.12.15-06.53.58:106][  0]LogConfig: Setting CVar [[r.CapsuleShadows:1]]
[2020.12.15-06.53.58:106][  0]LogConfig: Applying CVar settings from Section [PostProcessQuality@3] File [D:/GitHub/BlindVR/Saved/Config/Windows/Scalability.ini]
[2020.12.15-06.53.58:106][  0]LogConfig: Setting CVar [[r.MotionBlurQuality:0]]
[2020.12.15-06.53.58:106][  0]LogConfig: Setting CVar [[r.AmbientOcclusionMipLevelFactor:0.4]]
[2020.12.15-06.53.58:106][  0]LogConfig: Setting CVar [[r.AmbientOcclusionMaxQuality:100]]
[2020.12.15-06.53.58:106][  0]LogConfig: Setting CVar [[r.AmbientOcclusionLevels:0]]
[2020.12.15-06.53.58:106][  0]LogConfig: Setting CVar [[r.AmbientOcclusionRadiusScale:1.0]]
[2020.12.15-06.53.58:106][  0]LogConfig: Setting CVar [[r.DepthOfFieldQuality:0]]
[2020.12.15-06.53.58:106][  0]LogConfig: Setting CVar [[r.RenderTargetPoolMin:400]]
[2020.12.15-06.53.58:106][  0]LogConfig: Setting CVar [[r.LensFlareQuality:0]]
[2020.12.15-06.53.58:106][  0]LogConfig: Setting CVar [[r.SceneColorFringeQuality:0]]
[2020.12.15-06.53.58:106][  0]LogConfig: Setting CVar [[r.EyeAdaptationQuality:2]]
[2020.12.15-06.53.58:107][  0]LogConfig: Setting CVar [[r.BloomQuality:1]]
[2020.12.15-06.53.58:107][  0]LogConfig: Setting CVar [[r.FastBlurThreshold:0]]
[2020.12.15-06.53.58:107][  0]LogConfig: Setting CVar [[r.Upscale.Quality:3]]
[2020.12.15-06.53.58:107][  0]LogConfig: Setting CVar [[r.Tonemapper.GrainQuantization:1]]
[2020.12.15-06.53.58:107][  0]LogConfig: Setting CVar [[r.LightShaftQuality:1]]
[2020.12.15-06.53.58:107][  0]LogConfig: Setting CVar [[r.Filter.SizeScale:1]]
[2020.12.15-06.53.58:107][  0]LogConfig: Setting CVar [[r.Tonemapper.Quality:5]]
[2020.12.15-06.53.58:107][  0]LogConfig: Setting CVar [[r.DOF.Gather.AccumulatorQuality:1        ; higher gathering accumulator quality]]
[2020.12.15-06.53.58:107][  0]LogConfig: Setting CVar [[r.DOF.Gather.PostfilterMethod:1          ; Median3x3 postfilering method]]
[2020.12.15-06.53.58:107][  0]LogConfig: Setting CVar [[r.DOF.Gather.EnableBokehSettings:0       ; no bokeh simulation when gathering]]
[2020.12.15-06.53.58:107][  0]LogConfig: Setting CVar [[r.DOF.Gather.RingCount:4                 ; medium number of samples when gathering]]
[2020.12.15-06.53.58:107][  0]LogConfig: Setting CVar [[r.DOF.Scatter.ForegroundCompositing:1    ; additive foreground scattering]]
[2020.12.15-06.53.58:107][  0]LogConfig: Setting CVar [[r.DOF.Scatter.BackgroundCompositing:2    ; additive background scattering]]
[2020.12.15-06.53.58:107][  0]LogConfig: Setting CVar [[r.DOF.Scatter.EnableBokehSettings:1      ; bokeh simulation when scattering]]
[2020.12.15-06.53.58:107][  0]LogConfig: Setting CVar [[r.DOF.Scatter.MaxSpriteRatio:0.1         ; only a maximum of 10% of scattered bokeh]]
[2020.12.15-06.53.58:107][  0]LogConfig: Setting CVar [[r.DOF.Recombine.Quality:1                ; cheap slight out of focus]]
[2020.12.15-06.53.58:107][  0]LogConfig: Setting CVar [[r.DOF.Recombine.EnableBokehSettings:0    ; no bokeh simulation on slight out of focus]]
[2020.12.15-06.53.58:107][  0]LogConfig: Setting CVar [[r.DOF.TemporalAAQuality:1                ; more stable temporal accumulation]]
[2020.12.15-06.53.58:107][  0]LogConfig: Setting CVar [[r.DOF.Kernel.MaxForegroundRadius:0.025]]
[2020.12.15-06.53.58:107][  0]LogConfig: Setting CVar [[r.DOF.Kernel.MaxBackgroundRadius:0.025]]
[2020.12.15-06.53.58:107][  0]LogConfig: Applying CVar settings from Section [TextureQuality@3] File [D:/GitHub/BlindVR/Saved/Config/Windows/Scalability.ini]
[2020.12.15-06.53.58:107][  0]LogConfig: Setting CVar [[r.Streaming.MipBias:0]]
[2020.12.15-06.53.58:107][  0]LogConfig: Setting CVar [[r.Streaming.AmortizeCPUToGPUCopy:0]]
[2020.12.15-06.53.58:107][  0]LogConfig: Setting CVar [[r.Streaming.MaxNumTexturesToStreamPerFrame:0]]
[2020.12.15-06.53.58:107][  0]LogConfig: Setting CVar [[r.Streaming.Boost:1]]
[2020.12.15-06.53.58:107][  0]LogConfig: Setting CVar [[r.MaxAnisotropy:8]]
[2020.12.15-06.53.58:107][  0]LogConfig: Setting CVar [[r.VT.MaxAnisotropy:8]]
[2020.12.15-06.53.58:107][  0]LogConfig: Setting CVar [[r.Streaming.LimitPoolSizeToVRAM:0]]
[2020.12.15-06.53.58:107][  0]LogConfig: Setting CVar [[r.Streaming.PoolSize:1000]]
[2020.12.15-06.53.58:107][  0]LogConfig: Setting CVar [[r.Streaming.MaxEffectiveScreenSize:0]]
[2020.12.15-06.53.58:107][  0]LogConfig: Applying CVar settings from Section [EffectsQuality@3] File [D:/GitHub/BlindVR/Saved/Config/Windows/Scalability.ini]
[2020.12.15-06.53.58:107][  0]LogConfig: Setting CVar [[r.TranslucencyLightingVolumeDim:4]]
[2020.12.15-06.53.58:107][  0]LogConfig: Setting CVar [[r.RefractionQuality:2]]
[2020.12.15-06.53.58:107][  0]LogConfig: Setting CVar [[r.SSR.Quality:0]]
[2020.12.15-06.53.58:107][  0]LogConfig: Setting CVar [[r.SSR.HalfResSceneColor:0]]
[2020.12.15-06.53.58:107][  0]LogConfig: Setting CVar [[r.SceneColorFormat:2]]
[2020.12.15-06.53.58:107][  0]LogConfig: Setting CVar [[r.DetailMode:2]]
[2020.12.15-06.53.58:107][  0]LogConfig: Setting CVar [[r.TranslucencyVolumeBlur:0]]
[2020.12.15-06.53.58:107][  0]LogConfig: Setting CVar [[r.MaterialQualityLevel:1 ; High quality]]
[2020.12.15-06.53.58:107][  0]LogConfig: Setting CVar [[r.SSS.Scale:1]]
[2020.12.15-06.53.58:107][  0]LogConfig: Setting CVar [[r.SSS.SampleSet:2]]
[2020.12.15-06.53.58:107][  0]LogConfig: Setting CVar [[r.SSS.Quality:1]]
[2020.12.15-06.53.58:107][  0]LogConfig: Setting CVar [[r.SSS.HalfRes:0]]
[2020.12.15-06.53.58:107][  0]LogConfig: Setting CVar [[r.SSGI.Quality:3]]
[2020.12.15-06.53.58:107][  0]LogConfig: Setting CVar [[r.EmitterSpawnRateScale:1.0]]
[2020.12.15-06.53.58:107][  0]LogConfig: Setting CVar [[r.ParticleLightQuality:2]]
[2020.12.15-06.53.58:107][  0]LogConfig: Setting CVar [[r.SkyAtmosphere.AerialPerspectiveLUT.FastApplyOnOpaque:1 ; Always have FastSkyLUT 1 in this case to avoid wrong sky]]
[2020.12.15-06.53.58:107][  0]LogConfig: Setting CVar [[r.SkyAtmosphere.AerialPerspectiveLUT.SampleCountPerSlice:1]]
[2020.12.15-06.53.58:107][  0]LogConfig: Setting CVar [[r.SkyAtmosphere.AerialPerspectiveLUT.DepthResolution:16.0]]
[2020.12.15-06.53.58:107][  0]LogConfig: Setting CVar [[r.SkyAtmosphere.FastSkyLUT:1]]
[2020.12.15-06.53.58:107][  0]LogConfig: Setting CVar [[r.SkyAtmosphere.FastSkyLUT.SampleCountMin:4.0]]
[2020.12.15-06.53.58:107][  0]LogConfig: Setting CVar [[r.SkyAtmosphere.FastSkyLUT.SampleCountMax:32.0]]
[2020.12.15-06.53.58:107][  0]LogConfig: Setting CVar [[r.SkyAtmosphere.SampleCountMin:4.0]]
[2020.12.15-06.53.58:107][  0]LogConfig: Setting CVar [[r.SkyAtmosphere.SampleCountMax:32.0]]
[2020.12.15-06.53.58:107][  0]LogConfig: Setting CVar [[r.SkyAtmosphere.TransmittanceLUT.UseSmallFormat:0]]
[2020.12.15-06.53.58:107][  0]LogConfig: Setting CVar [[r.SkyAtmosphere.TransmittanceLUT.SampleCount:10.0]]
[2020.12.15-06.53.58:107][  0]LogConfig: Setting CVar [[r.SkyAtmosphere.MultiScatteringLUT.SampleCount:15.0]]
[2020.12.15-06.53.58:107][  0]LogConfig: Applying CVar settings from Section [FoliageQuality@3] File [D:/GitHub/BlindVR/Saved/Config/Windows/Scalability.ini]
[2020.12.15-06.53.58:107][  0]LogConfig: Setting CVar [[foliage.DensityScale:1.0]]
[2020.12.15-06.53.58:107][  0]LogConfig: Setting CVar [[grass.DensityScale:1.0]]
[2020.12.15-06.53.58:107][  0]LogConfig: Applying CVar settings from Section [ShadingQuality@3] File [D:/GitHub/BlindVR/Saved/Config/Windows/Scalability.ini]
[2020.12.15-06.53.58:107][  0]LogConfig: Setting CVar [[r.HairStrands.SkyLighting.SampleCount:16]]
[2020.12.15-06.53.58:107][  0]LogConfig: Setting CVar [[r.HairStrands.SkyLighting.JitterIntegration:0]]
[2020.12.15-06.53.58:107][  0]LogConfig: Setting CVar [[r.HairStrands.SkyAO.SampleCount:16]]
[2020.12.15-06.53.58:107][  0]LogConfig: Setting CVar [[r.HairStrands.DeepShadow.SuperSampling:0]]
[2020.12.15-06.53.58:107][  0]LogConfig: Setting CVar [[r.HairStrands.VisibilityPPLL:0]]
[2020.12.15-06.53.58:107][  0]LogConfig: Setting CVar [[r.HairStrands.RasterizationScale:0.5]]
[2020.12.15-06.53.58:107][  0]LogConfig: Setting CVar [[r.HairStrands.VelocityRasterizationScale:1]]
[2020.12.15-06.53.58:107][  0]LogConfig: Applying CVar settings from Section [Startup] File [../../../Engine/Config/ConsoleVariables.ini]
[2020.12.15-06.53.58:128][  0]LogConfig: Setting CVar [[net.UseAdaptiveNetUpdateFrequency:0]]
[2020.12.15-06.53.58:128][  0]LogConfig: Setting CVar [[p.chaos.AllowCreatePhysxBodies:1]]
[2020.12.15-06.53.58:128][  0]LogConfig: Setting CVar [[fx.SkipVectorVMBackendOptimizations:1]]
[2020.12.15-06.53.58:128][  0]LogConfig: Applying CVar settings from Section [ConsoleVariables] File [D:/GitHub/BlindVR/Saved/Config/Windows/Engine.ini]
[2020.12.15-06.53.58:159][  0]LogInit: Computer: TAERYNS-PC
[2020.12.15-06.53.58:159][  0]LogInit: User: Wishes
[2020.12.15-06.53.58:159][  0]LogInit: CPU Page size=4096, Cores=4
[2020.12.15-06.53.58:159][  0]LogInit: High frequency timer resolution =10.000000 MHz
[2020.12.15-06.53.58:159][  0]LogMemory: Memory total: Physical=16.0GB (16GB approx)
[2020.12.15-06.53.58:159][  0]LogMemory: Platform Memory Stats for Windows
[2020.12.15-06.53.58:159][  0]LogMemory: Process Physical Memory: 119.95 MB used, 119.95 MB peak
[2020.12.15-06.53.58:159][  0]LogMemory: Process Virtual Memory: 100.89 MB used, 100.89 MB peak
[2020.12.15-06.53.58:159][  0]LogMemory: Physical Memory: 7188.25 MB used,  9151.36 MB free, 16339.61 MB total
[2020.12.15-06.53.58:159][  0]LogMemory: Virtual Memory: 5187.65 MB used,  134212544.00 MB free, 134217728.00 MB total
[2020.12.15-06.53.58:164][  0]LogWindows: WindowsPlatformFeatures enabled
[2020.12.15-06.53.58:902][  0]LogInit: Physics initialised using underlying interface: PhysX
[2020.12.15-06.53.58:919][  0]LogInit: Using OS detected language (en-US).
[2020.12.15-06.53.58:919][  0]LogInit: Using OS detected locale (en-CA).
[2020.12.15-06.53.59:007][  0]LogTextLocalizationManager: No specific localization for 'en-US' exists, so the 'en' localization will be used.
[2020.12.15-06.53.59:720][  0]LogInit: Setting process to per monitor DPI aware
[2020.12.15-06.54.00:475][  0]LogSlate: New Slate User Created.  User Index 0, Is Virtual User: 0
[2020.12.15-06.54.00:475][  0]LogSlate: Slate User Registered.  User Index 0, Is Virtual User: 0
[2020.12.15-06.54.04:629][  0]LogD3D11RHI: D3D11 min allowed feature level: 11_0
[2020.12.15-06.54.04:629][  0]LogD3D11RHI: D3D11 max allowed feature level: 11_0
[2020.12.15-06.54.04:629][  0]LogD3D11RHI: D3D11 adapters:
[2020.12.15-06.54.04:754][  0]LogD3D11RHI:    0. 'AMD Radeon RX 5600 XT' (Feature Level 11_0)
[2020.12.15-06.54.04:754][  0]LogD3D11RHI:       6104/0/8169 MB DedicatedVideo/DedicatedSystem/SharedSystem, Outputs:2, VendorId:0x1002
[2020.12.15-06.54.04:756][  0]LogD3D11RHI:    1. 'Microsoft Basic Render Driver' (Feature Level 11_0)
[2020.12.15-06.54.04:756][  0]LogD3D11RHI:       0/0/8169 MB DedicatedVideo/DedicatedSystem/SharedSystem, Outputs:0, VendorId:0x1414
[2020.12.15-06.54.04:756][  0]LogD3D11RHI: Chosen D3D11 Adapter: 0
[2020.12.15-06.54.04:763][  0]LogD3D11RHI: Creating new Direct3DDevice
[2020.12.15-06.54.04:763][  0]LogD3D11RHI:     GPU DeviceId: 0x731f (for the marketing name, search the web for "GPU Device Id")
[2020.12.15-06.54.04:763][  0]LogWindows: EnumDisplayDevices:
[2020.12.15-06.54.04:764][  0]LogWindows:    0. 'AMD Radeon RX 5600 XT' (P:1 D:1)
[2020.12.15-06.54.04:764][  0]LogWindows:    1. 'AMD Radeon RX 5600 XT' (P:0 D:1)
[2020.12.15-06.54.04:765][  0]LogWindows:    2. 'AMD Radeon RX 5600 XT' (P:0 D:0)
[2020.12.15-06.54.04:765][  0]LogWindows:    3. 'AMD Radeon RX 5600 XT' (P:0 D:0)
[2020.12.15-06.54.04:765][  0]LogWindows:    4. 'AMD Radeon RX 5600 XT' (P:0 D:0)
[2020.12.15-06.54.04:766][  0]LogWindows:    5. 'AMD Radeon RX 5600 XT' (P:0 D:0)
[2020.12.15-06.54.04:766][  0]LogWindows:    6. 'AMD Radeon RX 5600 XT' (P:0 D:0)
[2020.12.15-06.54.04:766][  0]LogWindows:    7. 'AMD Radeon RX 5600 XT' (P:0 D:0)
[2020.12.15-06.54.04:766][  0]LogWindows: DebugString: FoundDriverCount:8 
[2020.12.15-06.54.04:766][  0]LogD3D11RHI:     Adapter Name: AMD Radeon RX 5600 XT
[2020.12.15-06.54.04:766][  0]LogD3D11RHI:   Driver Version: Adrenalin 2020 20.11.2 (internal:27.20.14501.18003, unified:27.20.14501.18003)
[2020.12.15-06.54.04:767][  0]LogD3D11RHI:      Driver Date: 11-13-2020
[2020.12.15-06.54.04:767][  0]LogRHI: Texture pool is 3735 MB (70% of 5336 MB)
[2020.12.15-06.54.04:929][  0]LogD3D11RHI: RHI has support for 64 bit atomics
[2020.12.15-06.54.04:930][  0]LogD3D11RHI: Async texture creation enabled
[2020.12.15-06.54.04:930][  0]LogD3D11RHI: Array index from any shader is supported
[2020.12.15-06.54.05:302][  0]LogD3D11RHI: GPU Timing Frequency: 100.000000 (Debug: 2 1)
[2020.12.15-06.54.06:149][  0]LogTargetPlatformManager: Display: Loaded TargetPlatform 'AllDesktop'
[2020.12.15-06.54.06:204][  0]LogTargetPlatformManager: Display: Loaded TargetPlatform 'Android'
[2020.12.15-06.54.06:204][  0]LogTargetPlatformManager: Display: Loaded TargetPlatform 'Android_ASTC'
[2020.12.15-06.54.06:204][  0]LogTargetPlatformManager: Display: Loaded TargetPlatform 'Android_DXT'
[2020.12.15-06.54.06:204][  0]LogTargetPlatformManager: Display: Loaded TargetPlatform 'Android_ETC2'
[2020.12.15-06.54.06:204][  0]LogTargetPlatformManager: Display: Loaded TargetPlatform 'AndroidClient'
[2020.12.15-06.54.06:204][  0]LogTargetPlatformManager: Display: Loaded TargetPlatform 'Android_ASTCClient'
[2020.12.15-06.54.06:204][  0]LogTargetPlatformManager: Display: Loaded TargetPlatform 'Android_DXTClient'
[2020.12.15-06.54.06:204][  0]LogTargetPlatformManager: Display: Loaded TargetPlatform 'Android_ETC2Client'
[2020.12.15-06.54.06:204][  0]LogTargetPlatformManager: Display: Loaded TargetPlatform 'Android_Multi'
[2020.12.15-06.54.06:204][  0]LogTargetPlatformManager: Display: Loaded TargetPlatform 'Android_MultiClient'
[2020.12.15-06.54.06:416][  0]LogTargetPlatformManager: Display: Loaded TargetPlatform 'IOSClient'
[2020.12.15-06.54.06:416][  0]LogTargetPlatformManager: Display: Loaded TargetPlatform 'IOS'
[2020.12.15-06.54.06:456][  0]LogTargetPlatformManager: Display: Loaded TargetPlatform 'Linux'
[2020.12.15-06.54.06:483][  0]LogTargetPlatformManager: Display: Loaded TargetPlatform 'LinuxNoEditor'
[2020.12.15-06.54.06:510][  0]LogTargetPlatformManager: Display: Loaded TargetPlatform 'LinuxClient'
[2020.12.15-06.54.06:532][  0]LogTargetPlatformManager: Display: Loaded TargetPlatform 'LinuxServer'
[2020.12.15-06.54.06:556][  0]LogTargetPlatformManager: Display: Loaded TargetPlatform 'LinuxAArch64NoEditor'
[2020.12.15-06.54.06:576][  0]LogTargetPlatformManager: Display: Loaded TargetPlatform 'LinuxAArch64Client'
[2020.12.15-06.54.06:635][  0]LogTargetPlatformManager: Display: Loaded TargetPlatform 'LinuxAArch64Server'
[2020.12.15-06.54.06:678][  0]LogTargetPlatformManager: Display: Loaded TargetPlatform 'Lumin'
[2020.12.15-06.54.06:678][  0]LogTargetPlatformManager: Display: Loaded TargetPlatform 'LuminClient'
[2020.12.15-06.54.06:705][  0]LogTargetPlatformManager: Display: Loaded TargetPlatform 'TVOSClient'
[2020.12.15-06.54.06:705][  0]LogTargetPlatformManager: Display: Loaded TargetPlatform 'TVOS'
[2020.12.15-06.54.06:740][  0]LogTargetPlatformManager: Display: Loaded TargetPlatform 'WindowsNoEditor'
[2020.12.15-06.54.06:765][  0]LogTargetPlatformManager: Display: Loaded TargetPlatform 'Windows'
[2020.12.15-06.54.06:787][  0]LogTargetPlatformManager: Display: Loaded TargetPlatform 'WindowsClient'
[2020.12.15-06.54.06:810][  0]LogTargetPlatformManager: Display: Loaded TargetPlatform 'WindowsServer'
[2020.12.15-06.54.06:810][  0]LogTargetPlatformManager: Display: Building Assets For Windows
[2020.12.15-06.54.06:984][  0]LogAudioDebug: Display: Lib vorbis DLL was dynamically loaded.
[2020.12.15-06.54.07:553][  0]LogShaderCompilers: Guid format shader working directory is 17 characters bigger than the processId version (../../../../../GitHub/BlindVR/Intermediate/Shaders/WorkingDirectory/2500/).
[2020.12.15-06.54.07:554][  0]LogShaderCompilers: Cleaned the shader compiler working directory 'C:/Users/taery/AppData/Local/Temp/UnrealShaderWorkingDir/A92091AD413CB708A30A35B14F7F81E7/'.
[2020.12.15-06.54.07:580][  0]LogXGEController: Cleaning working directory: C:/Users/taery/AppData/Local/Temp/UnrealXGEWorkingDir/
[2020.12.15-06.54.07:580][  0]LogXGEController: Cannot use XGE Controller as Incredibuild is not installed on this machine.
[2020.12.15-06.54.07:580][  0]LogShaderCompilers: Cannot use XGE Shader Compiler as Incredibuild is not installed on this machine.
[2020.12.15-06.54.07:580][  0]LogShaderCompilers: Display: Using Local Shader Compiler.
[2020.12.15-06.54.12:374][  0]LogDerivedDataCache: Display: Max Cache Size: 512 MB
[2020.12.15-06.54.12:569][  0]LogDerivedDataCache: Loaded boot cache 0.19s 79MB C:/Users/taery/AppData/Local/UnrealEngine/4.25/DerivedDataCache/Boot.ddc.
[2020.12.15-06.54.12:570][  0]LogDerivedDataCache: Display: Loaded Boot cache: C:/Users/taery/AppData/Local/UnrealEngine/4.25/DerivedDataCache/Boot.ddc
[2020.12.15-06.54.12:570][  0]LogDerivedDataCache: FDerivedDataBackendGraph:  Pak pak cache file ../../../../../GitHub/BlindVR/DerivedDataCache/DDC.ddp not found, will not use a pak cache.
[2020.12.15-06.54.12:570][  0]LogDerivedDataCache: Unable to find inner node Pak for hierarchical cache Hierarchy.
[2020.12.15-06.54.12:570][  0]LogDerivedDataCache: FDerivedDataBackendGraph:  CompressedPak pak cache file ../../../../../GitHub/BlindVR/DerivedDataCache/Compressed.ddp not found, will not use a pak cache.
[2020.12.15-06.54.12:570][  0]LogDerivedDataCache: Unable to find inner node CompressedPak for hierarchical cache Hierarchy.
[2020.12.15-06.54.12:615][  0]LogDerivedDataCache: Display: Pak cache opened for reading ../../../Engine/DerivedDataCache/Compressed.ddp.
[2020.12.15-06.54.12:615][  0]LogDerivedDataCache: FDerivedDataBackendGraph:  EnterprisePak pak cache file ../../../Enterprise/DerivedDataCache/Compressed.ddp not found, will not use a pak cache.
[2020.12.15-06.54.12:615][  0]LogDerivedDataCache: Unable to find inner node EnterprisePak for hierarchical cache Hierarchy.
[2020.12.15-06.54.12:616][  0]LogDerivedDataCache: Using Local data cache path C:/Users/taery/AppData/Local/UnrealEngine/Common/DerivedDataCache: Writable
[2020.12.15-06.54.12:616][  0]LogDerivedDataCache: Shared data cache path not found in *engine.ini, will not use an Shared cache.
[2020.12.15-06.54.12:616][  0]LogDerivedDataCache: Unable to find inner node Shared for hierarchical cache Hierarchy.
[2020.12.15-06.54.12:837][  0]LogSlate: Using FreeType 2.10.0
[2020.12.15-06.54.12:949][  0]LogSlate: SlateFontServices - WITH_FREETYPE: 1, WITH_HARFBUZZ: 1
[2020.12.15-06.54.13:766][  0]LogAssetRegistry: FAssetRegistry took 0.0240 seconds to start up
[2020.12.15-06.54.21:109][  0]LogInit: Selected Device Profile: [Windows]
[2020.12.15-06.54.22:955][  0]LogMeshReduction: Using QuadricMeshReduction for automatic static mesh reduction
[2020.12.15-06.54.22:955][  0]LogMeshReduction: Using SimplygonMeshReduction for automatic skeletal mesh reduction
[2020.12.15-06.54.22:955][  0]LogMeshReduction: Using ProxyLODMeshReduction for automatic mesh merging
[2020.12.15-06.54.22:955][  0]LogMeshReduction: No distributed automatic mesh merging module available
[2020.12.15-06.54.22:955][  0]LogMeshMerging: No distributed automatic mesh merging module available
[2020.12.15-06.54.23:515][  0]LogNetVersion: BlindVR 1.0.0, NetCL: 13144385, EngineNetVer: 14, GameNetVer: 0 (Checksum: 2461011197)
[2020.12.15-06.54.35:073][  0]LogAISub: UAISubsystem::UAISubsystem AISubsystem (0000026FF74CE9C0), frame # 0
[2020.12.15-06.54.35:073][  0]LogAISub: UAISubsystem::UAISubsystem AIPerceptionSystem (0000026FF7372AC0), frame # 0
[2020.12.15-06.54.35:080][  0]LogAISub: UAISubsystem::UAISubsystem EnvQueryManager (0000026FF73C9C00), frame # 0
[2020.12.15-06.54.35:517][  0]LogPackageLocalizationCache: Processed 20 localized package path(s) for 1 prioritized culture(s) in 0.115964 seconds
[2020.12.15-06.54.35:538][  0]LogUObjectArray: 15917 objects as part of root set at end of initial load.
[2020.12.15-06.54.35:538][  0]LogUObjectAllocator: 3965568 out of 0 bytes used by permanent object pool.
[2020.12.15-06.54.35:538][  0]LogUObjectArray: CloseDisregardForGC: 0/0 objects in disregard for GC pool
[2020.12.15-06.54.39:921][  0]LogTcpMessaging: Initializing TcpMessaging bridge
[2020.12.15-06.54.39:958][  0]LogUdpMessaging: Initializing bridge on interface 0.0.0.0:0 to multicast group 230.0.0.1:6666.
[2020.12.15-06.54.40:675][  0]SourceControl: Source control is disabled
[2020.12.15-06.54.40:687][  0]SourceControl: Source control is disabled
[2020.12.15-06.54.40:747][  0]SourceControl: Source control is disabled
[2020.12.15-06.54.40:808][  0]SourceControl: Source control is disabled
[2020.12.15-06.54.40:846][  0]SourceControl: Source control is disabled
[2020.12.15-06.54.43:006][  0]LogAndroidPermission: UAndroidPermissionCallbackProxy::GetInstance
[2020.12.15-06.54.43:090][  0]LogAudioCaptureCore: Display: No Audio Capture implementations found. Audio input will be silent.
[2020.12.15-06.54.43:090][  0]LogAudioCaptureCore: Display: No Audio Capture implementations found. Audio input will be silent.
[2020.12.15-06.54.43:392][  0]LogOcInput: OculusInput pre-init called
[2020.12.15-06.54.45:023][  0]LogEngine: Initializing Engine...
[2020.12.15-06.54.45:057][  0]LogHMD: Oculus plugin initialized. Version: 4.25.4-14469661+++UE4+Release-4.25, OVRPlugin: 1.44.0
[2020.12.15-06.54.45:172][  0]LogStats: UGameplayTagsManager::InitializeManager -  0.024 s
[2020.12.15-06.54.45:879][  0]LogInit: Initializing FReadOnlyCVARCache
[2020.12.15-06.54.46:402][  0]LogAIModule: Creating AISystem for world Untitled
[2020.12.15-06.54.46:402][  0]LogAISub: UAISubsystem::UAISubsystem EnvQueryManager (0000026F864ADE00), frame # 0
[2020.12.15-06.54.46:403][  0]LogAISub: UAISubsystem::UAISubsystem AIPerceptionSystem (0000026FFBB25F80), frame # 0
[2020.12.15-06.54.46:571][  0]LogAudioMixer: Display: Audio Mixer Platform Settings:
[2020.12.15-06.54.46:571][  0]LogAudioMixer: Display: 	Sample Rate:						  48000
[2020.12.15-06.54.46:571][  0]LogAudioMixer: Display: 	Callback Buffer Frame Size Requested: 1024
[2020.12.15-06.54.46:571][  0]LogAudioMixer: Display: 	Callback Buffer Frame Size To Use:	  1024
[2020.12.15-06.54.46:571][  0]LogAudioMixer: Display: 	Number of buffers to queue:			  2
[2020.12.15-06.54.46:571][  0]LogAudioMixer: Display: 	Max Channels (voices):				  32
[2020.12.15-06.54.46:571][  0]LogAudioMixer: Display: 	Number of Async Source Workers:		  0
[2020.12.15-06.54.46:571][  0]LogAudio: Display: AudioDevice MaxSources: 32
[2020.12.15-06.54.46:586][  0]LogAudio: Display: Using built-in audio occlusion.
[2020.12.15-06.54.46:586][  0]LogAudioMixer: Display: Initializing audio mixer.
[2020.12.15-06.54.46:682][  0]LogAudioMixer: Display: 0: FrontLeft
[2020.12.15-06.54.46:682][  0]LogAudioMixer: Display: 1: FrontRight
[2020.12.15-06.54.46:720][  0]LogAudioMixer: Display: Using Audio Device Headphones (High Definition Audio Device)
[2020.12.15-06.54.46:737][  0]LogAudioMixer: Display: Initializing Sound Submixes...
[2020.12.15-06.54.46:806][  0]LogAudioMixer: Display: Creating Master Submix 'MasterSubmixDefault'
[2020.12.15-06.54.46:806][  0]LogAudioMixer: Display: Creating Master Submix 'MasterReverbSubmixDefault'
[2020.12.15-06.54.46:821][  0]LogAudioMixer: Display: Creating Master Submix 'MasterEQSubmixDefault'
[2020.12.15-06.54.46:822][  0]LogInit: FAudioDevice initialized.
[2020.12.15-06.54.46:823][  0]LogNetVersion: Set ProjectVersion to 1.0.0.0. Version Checksum will be recalculated on next use.
[2020.12.15-06.54.46:892][  0]LogDerivedDataCache: Saved boot cache 0.07s 79MB C:/Users/taery/AppData/Local/UnrealEngine/4.25/DerivedDataCache/Boot.ddc.
[2020.12.15-06.54.46:896][  0]LogInit: Texture streaming: Enabled
[2020.12.15-06.54.47:095][  0]LogEngineSessionManager: EngineSessionManager initialized
[2020.12.15-06.54.47:095][  0]LogEditorSessionSummary: Verbose: Initializing EditorSessionSummaryWriter for editor session tracking
[2020.12.15-06.54.47:109][  0]LogEditorSessionSummary: EditorSessionSummaryWriter initialized
[2020.12.15-06.54.47:479][  0]LogInit: Transaction tracking system initialized
[2020.12.15-06.54.47:780][  0]BlueprintLog: New page: Editor Load
[2020.12.15-06.54.48:708][  0]LocalizationService: Localization service is disabled
[2020.12.15-06.54.52:666][  0]LogFileCache: Scanning file cache for directory 'D:/GitHub/BlindVR/Content/' took 0.03s
[2020.12.15-06.54.52:666][  0]LogCook: Display: Max memory allowance for cook 16384mb min free memory 0mb
[2020.12.15-06.54.52:666][  0]LogCook: Display: Mobile HDR setting 1
[2020.12.15-06.54.54:822][  0]SourceControl: Source control is disabled
[2020.12.15-06.54.54:839][  0]LogUnrealEdMisc: Loading editor; pre map load, took 96.198
[2020.12.15-06.54.54:875][  0]Cmd: MAP LOAD FILE="../../../../../GitHub/BlindVR/Content/ThirdPersonBP/Maps/ThirdPersonExampleMap.umap" TEMPLATE=0 SHOWPROGRESS=1 FEATURELEVEL=3
[2020.12.15-06.54.54:876][  0]LogEditorServer: Warning: Can't find file '../../../../../GitHub/BlindVR/Content/ThirdPersonBP/Maps/ThirdPersonExampleMap.umap'
[2020.12.15-06.54.54:891][  0]Cmd: MAP CHECKDEP NOCLEARLOG
[2020.12.15-06.54.54:969][  0]MapCheck: Map check complete: 0 Error(s), 0 Warning(s), took 77.089ms to complete.
[2020.12.15-06.54.54:969][  0]LogFileHelpers: Loading map 'ThirdPersonExampleMap' took 0.094
[2020.12.15-06.54.56:058][  0]LogUnrealEdMisc: Total Editor Startup Time, took 97.417
[2020.12.15-06.54.56:727][  0]LogSlate: Updating window title bar state: overlay mode, drag disabled, window buttons hidden, title bar hidden
[2020.12.15-06.54.56:735][  0]LogSlate: Updating window title bar state: overlay mode, drag disabled, window buttons hidden, title bar hidden
[2020.12.15-06.54.56:742][  0]LogSlate: Updating window title bar state: overlay mode, drag disabled, window buttons hidden, title bar hidden
[2020.12.15-06.54.56:749][  0]LogSlate: Updating window title bar state: overlay mode, drag disabled, window buttons hidden, title bar hidden
[2020.12.15-06.54.56:849][  0]LogCollectionManager: Loaded 0 collections in 0.001737 seconds
[2020.12.15-06.54.57:059][  0]LogFileCache: Scanning file cache for directory 'D:/GitHub/BlindVR/Saved/Collections/' took 0.00s
[2020.12.15-06.54.57:059][  0]LogFileCache: Scanning file cache for directory 'D:/GitHub/BlindVR/Content/Developers/Wishes/Collections/' took 0.00s
[2020.12.15-06.54.57:059][  0]LogFileCache: Scanning file cache for directory 'D:/GitHub/BlindVR/Content/Collections/' took 0.00s
[2020.12.15-06.54.57:059][  0]LogContentBrowser: Native class hierarchy populated in 0.0304 seconds. Added 3432 classes and 826 folders.
[2020.12.15-06.54.57:209][  0]LogContentBrowser: Native class hierarchy updated for 'WidgetCarousel' in 0.0004 seconds. Added 0 classes and 0 folders.
[2020.12.15-06.54.58:345][  0]LogContentBrowser: Native class hierarchy updated for 'AddContentDialog' in 0.0004 seconds. Added 0 classes and 0 folders.
[2020.12.15-06.54.58:392][  0]LogContentBrowser: Native class hierarchy updated for 'SceneOutliner' in 0.0005 seconds. Added 2 classes and 0 folders.
[2020.12.15-06.54.58:863][  0]LogSlate: Took 0.035048 seconds to synchronously load lazily loaded font '../../../Engine/Content/Slate/Fonts/Roboto-Regular.ttf' (155K)
[2020.12.15-06.54.58:931][  0]LogSlate: Took 0.048909 seconds to synchronously load lazily loaded font '../../../Engine/Content/Slate/Fonts/Roboto-Bold.ttf' (160K)
[2020.12.15-06.54.59:012][  0]LogSlate: Took 0.024827 seconds to synchronously load lazily loaded font '../../../Engine/Content/Editor/Slate/Fonts/FontAwesome.ttf' (139K)
[2020.12.15-06.54.59:523][  0]LogRenderer: Reallocating scene render targets to support 1208x572 Format 26 NumSamples 1 (Frame:1).
[2020.12.15-06.55.00:118][  0]LogContentBrowser: Native class hierarchy updated for 'HierarchicalLODOutliner' in 0.0004 seconds. Added 0 classes and 0 folders.
[2020.12.15-06.55.00:118][  0]LogLoad: (Engine Initialization) Total time: 101.48 seconds
[2020.12.15-06.55.00:118][  0]LogLoad: (Engine Initialization) Total Blueprint compile time: 0.00 seconds
[2020.12.15-06.55.00:137][  0]LogOcInput: OculusInput is initialized
[2020.12.15-06.55.00:452][  0]LogContentStreaming: Texture pool size now 1000 MB
[2020.12.15-06.55.00:625][  0]LogSlate: Took 0.021927 seconds to synchronously load lazily loaded font '../../../Engine/Content/Slate/Fonts/Roboto-Light.ttf' (167K)
[2020.12.15-06.55.00:680][  1]LogAssetRegistry: Asset discovery search completed in 46.9151 seconds
[2020.12.15-06.55.00:684][  1]LogCollectionManager: Fixed up redirectors for 0 collections in 0.000003 seconds (updated 0 objects)
[2020.12.15-06.55.08:176][232]LogSlate: Took 0.000184 seconds to synchronously load lazily loaded font '../../../Engine/Content/Slate/Fonts/Roboto-Light.ttf' (167K)
[2020.12.15-06.55.10:407][232]LogBlueprint: Warning: [Compiler BP_MotionController] InputAction Event references unknown Action 'TriggerRight' for  InputAction TriggerRight
[2020.12.15-06.55.10:407][232]LogBlueprint: Warning: [Compiler BP_MotionController] InputAction Event references unknown Action 'TriggerLeft' for  InputAction TriggerLeft
[2020.12.15-06.55.10:461][232]LogBlueprint: Warning: [Compiler MotionControllerPawn] InputAction Event references unknown Action 'GrabRight' for  InputAction GrabRight
[2020.12.15-06.55.10:461][232]LogBlueprint: Warning: [Compiler MotionControllerPawn] InputAction Event references unknown Action 'GrabLeft' for  InputAction GrabLeft
[2020.12.15-06.55.10:464][232]LogBlueprint: Warning: [Compiler MotionControllerPawn] Get Input Axis references unknown Axis 'MotionControllerThumbRight_X' for  Get MotionControllerThumbRight_X
[2020.12.15-06.55.10:466][232]LogBlueprint: Warning: [Compiler MotionControllerPawn] Get Input Axis references unknown Axis 'MotionControllerThumbRight_X' for  Get MotionControllerThumbRight_X
[2020.12.15-06.55.10:469][232]LogBlueprint: Warning: [Compiler MotionControllerPawn] Get Input Axis references unknown Axis 'MotionControllerThumbRight_X' for  Get MotionControllerThumbRight_X
[2020.12.15-06.55.10:473][232]LogBlueprint: Warning: [Compiler MotionControllerPawn] Get Input Axis references unknown Axis 'MotionControllerThumbLeft_X' for  Get MotionControllerThumbLeft_X
[2020.12.15-06.55.10:473][232]LogBlueprint: Warning: [Compiler MotionControllerPawn] Get Input Axis references unknown Axis 'MotionControllerThumbLeft_Y' for  Get MotionControllerThumbLeft_Y
[2020.12.15-06.55.13:458][232]LogAssetEditorSubsystem: Opening Asset editor for World /Game/ThirdPersonBP/Maps/AITest.AITest
[2020.12.15-06.55.13:521][232]LogUObjectHash: Compacting FUObjectHashTables data took   0.79ms
[2020.12.15-06.55.13:522][232]Cmd: MAP LOAD FILE="../../../../../GitHub/BlindVR/Content/ThirdPersonBP/Maps/AITest.umap" TEMPLATE=0 SHOWPROGRESS=1 FEATURELEVEL=3
[2020.12.15-06.55.13:522][232]LightingResults: New page: Lighting Build
[2020.12.15-06.55.13:634][232]LogContentBrowser: Native class hierarchy updated for 'StatsViewer' in 0.0004 seconds. Added 6 classes and 0 folders.
[2020.12.15-06.55.13:635][232]LoadErrors: New page: Loading map: AITest.umap
[2020.12.15-06.55.13:682][232]LogWorld: UWorld::CleanupWorld for Untitled, bSessionEnded=true, bCleanupResources=true
[2020.12.15-06.55.13:694][232]LogSlate: InvalidateAllWidgets triggered.  All widgets were invalidated
[2020.12.15-06.55.13:707][232]MapCheck: New page: Map Check
[2020.12.15-06.55.13:707][232]LightingResults: New page: Lighting Build
[2020.12.15-06.55.13:793][232]LogAISub: UAISubsystem::~UAISubsystem EnvQueryManager (0000026F864ADE00), frame # 232
[2020.12.15-06.55.13:793][232]LogAISub: UAISubsystem::~UAISubsystem AIPerceptionSystem (0000026FFBB25F80), frame # 232
[2020.12.15-06.55.13:806][232]LogUObjectHash: Compacting FUObjectHashTables data took   0.55ms
[2020.12.15-06.55.14:068][232]LogEditorServer: Finished looking for orphan Actors (0.000 secs)
[2020.12.15-06.55.14:068][232]LogAIModule: Creating AISystem for world AITest
[2020.12.15-06.55.14:068][232]LogAISub: UAISubsystem::UAISubsystem EnvQueryManager (0000026F8D028E00), frame # 232
[2020.12.15-06.55.14:069][232]LogAISub: UAISubsystem::UAISubsystem AIPerceptionSystem (0000026FA1F5B4C0), frame # 232
[2020.12.15-06.55.14:140][232]LogUObjectHash: Compacting FUObjectHashTables data took   0.55ms
[2020.12.15-06.55.14:167][232]Cmd: MAP CHECKDEP NOCLEARLOG
[2020.12.15-06.55.14:168][232]MapCheck: Map check complete: 0 Error(s), 0 Warning(s), took 0.077ms to complete.
[2020.12.15-06.55.14:168][232]LogFileHelpers: Loading map 'AITest' took 0.646
[2020.12.15-06.55.20:500][936]LogTemp: Repeating last play command: Selected Viewport
[2020.12.15-06.55.20:535][936]LogPlayLevel: PlayLevel: No blueprints needed recompiling
[2020.12.15-06.55.20:535][936]LogHMD: Initializing OVRPlugin session
[2020.12.15-06.55.25:234][936]LogHMD: Allocating Oculus 3296 x 1776 rendertarget swapchain
[2020.12.15-06.55.25:275][936]PIE: New page: PIE session: AITest (Dec. 14, 2020, 8:55:25 p.m.)
[2020.12.15-06.55.25:303][936]LogOnline: OSS: Creating online subsystem instance for: NULL
[2020.12.15-06.55.25:318][936]LogOnline: OSS: TryLoadSubsystemAndSetDefault: Loaded subsystem for module [NULL]
[2020.12.15-06.55.25:320][936]LogPlayLevel: Creating play world package: /Game/ThirdPersonBP/Maps/UEDPIE_0_AITest
[2020.12.15-06.55.25:363][936]LogPlayLevel: PIE: StaticDuplicateObject took: (0.043526s)
[2020.12.15-06.55.25:365][936]LogAIModule: Creating AISystem for world AITest
[2020.12.15-06.55.25:365][936]LogAISub: UAISubsystem::UAISubsystem EnvQueryManager (0000026FA341FE00), frame # 936
[2020.12.15-06.55.25:366][936]LogAISub: UAISubsystem::UAISubsystem AIPerceptionSystem (0000026FD891CA40), frame # 936
[2020.12.15-06.55.25:366][936]LogPlayLevel: PIE: World Init took: (0.002334s)
[2020.12.15-06.55.25:366][936]LogPlayLevel: PIE: Created PIE world by copying editor world from /Game/ThirdPersonBP/Maps/AITest.AITest to /Game/ThirdPersonBP/Maps/UEDPIE_0_AITest.AITest (0.046180s)
[2020.12.15-06.55.25:382][936]LogUObjectHash: Compacting FUObjectHashTables data took   1.43ms
[2020.12.15-06.55.25:422][936]LogLoad: Game class is 'ThirdPersonGameMode_C'
[2020.12.15-06.55.25:475][936]LogWorld: Bringing World /Game/ThirdPersonBP/Maps/UEDPIE_0_AITest.AITest up for play (max tick rate 3) at 2020.12.15-01.55.25
[2020.12.15-06.55.25:506][936]LogWorld: Bringing up level for play took: 0.045169
[2020.12.15-06.55.25:543][936]LogNet: ReplicationDriverClass is null! Not using ReplicationDriver.
[2020.12.15-06.55.25:543][936]LogNetCore: DDoS detection status: detection enabled: 0 analytics enabled: 0
[2020.12.15-06.55.25:543][936]LogInit: WinSock: Socket queue. Rx: 131072 (config 131072) Tx: 131072 (config 131072)
[2020.12.15-06.55.25:543][936]LogNet: Created socket for bind address: 0.0.0.0 on port 17777
[2020.12.15-06.55.25:543][936]PacketHandlerLog: Loaded PacketHandler component: Engine.EngineHandlerComponentFactory (StatelessConnectHandlerComponent)
[2020.12.15-06.55.25:544][936]LogNet: GameNetDriver IpNetDriver_0 IpNetDriver listening on port 17777
[2020.12.15-06.55.25:561][936]LogTemp: Warning: All Systems Set
[2020.12.15-06.55.25:608][936]LogSlate: New Slate User Created.  User Index 8, Is Virtual User: 1
[2020.12.15-06.55.25:610][936]LogSlate: Slate User Registered.  User Index 8, Is Virtual User: 1
[2020.12.15-06.55.25:649][936]PIE: Server logged in
[2020.12.15-06.55.25:649][936]PIE: Play in editor total start time 5.121 seconds.
[2020.12.15-06.55.25:651][936]LogAudioMixer: Display: Audio Mixer Platform Settings:
[2020.12.15-06.55.25:651][936]LogAudioMixer: Display: 	Sample Rate:						  48000
[2020.12.15-06.55.25:651][936]LogAudioMixer: Display: 	Callback Buffer Frame Size Requested: 1024
[2020.12.15-06.55.25:651][936]LogAudioMixer: Display: 	Callback Buffer Frame Size To Use:	  1024
[2020.12.15-06.55.25:651][936]LogAudioMixer: Display: 	Number of buffers to queue:			  2
[2020.12.15-06.55.25:651][936]LogAudioMixer: Display: 	Max Channels (voices):				  32
[2020.12.15-06.55.25:651][936]LogAudioMixer: Display: 	Number of Async Source Workers:		  0
[2020.12.15-06.55.25:651][936]LogAudio: Display: AudioDevice MaxSources: 32
[2020.12.15-06.55.25:652][936]LogAudio: Display: Using built-in audio occlusion.
[2020.12.15-06.55.25:652][936]LogAudioMixer: Display: Initializing audio mixer.
[2020.12.15-06.55.25:664][936]LogAudioMixer: Display: 0: FrontLeft
[2020.12.15-06.55.25:664][936]LogAudioMixer: Display: 1: FrontRight
[2020.12.15-06.55.25:708][936]LogAudioMixer: Display: Using Audio Device Headphones (High Definition Audio Device)
[2020.12.15-06.55.25:709][936]LogAudioMixer: Display: Initializing Sound Submixes...
[2020.12.15-06.55.25:709][936]LogAudioMixer: Display: Creating Master Submix 'MasterSubmixDefault'
[2020.12.15-06.55.25:709][936]LogAudioMixer: Display: Creating Master Submix 'MasterReverbSubmixDefault'
[2020.12.15-06.55.25:709][936]LogAudioMixer: Display: Creating Master Submix 'MasterEQSubmixDefault'
[2020.12.15-06.55.25:726][936]LogInit: FAudioDevice initialized.
[2020.12.15-06.55.25:756][936]LogNet: Browse: 127.0.0.1:17777/Game/ThirdPersonBP/Maps/ThirdPersonExampleMap
[2020.12.15-06.55.25:762][936]LogInit: WinSock: Socket queue. Rx: 32768 (config 32768) Tx: 32768 (config 32768)
[2020.12.15-06.55.25:762][936]LogNet: Created socket for bind address: 0.0.0.0 on port 0
[2020.12.15-06.55.25:762][936]PacketHandlerLog: Loaded PacketHandler component: Engine.EngineHandlerComponentFactory (StatelessConnectHandlerComponent)
[2020.12.15-06.55.25:775][936]LogNet: Game client on port 17777, rate 10000
[2020.12.15-06.55.25:775][936]PIE: Client logged in
[2020.12.15-06.55.25:776][936]PIE: Play in editor total start time 5.248 seconds.
[2020.12.15-06.55.25:778][936]LogAudioMixer: Display: Audio Mixer Platform Settings:
[2020.12.15-06.55.25:778][936]LogAudioMixer: Display: 	Sample Rate:						  48000
[2020.12.15-06.55.25:778][936]LogAudioMixer: Display: 	Callback Buffer Frame Size Requested: 1024
[2020.12.15-06.55.25:778][936]LogAudioMixer: Display: 	Callback Buffer Frame Size To Use:	  1024
[2020.12.15-06.55.25:778][936]LogAudioMixer: Display: 	Number of buffers to queue:			  2
[2020.12.15-06.55.25:778][936]LogAudioMixer: Display: 	Max Channels (voices):				  32
[2020.12.15-06.55.25:778][936]LogAudioMixer: Display: 	Number of Async Source Workers:		  0
[2020.12.15-06.55.25:778][936]LogAudio: Display: AudioDevice MaxSources: 32
[2020.12.15-06.55.25:779][936]LogAudio: Display: Using built-in audio occlusion.
[2020.12.15-06.55.25:779][936]LogAudioMixer: Display: Initializing audio mixer.
[2020.12.15-06.55.25:787][936]LogAudioMixer: Display: 0: FrontLeft
[2020.12.15-06.55.25:787][936]LogAudioMixer: Display: 1: FrontRight
[2020.12.15-06.55.25:810][936]LogAudioMixer: Display: Using Audio Device Headphones (High Definition Audio Device)
[2020.12.15-06.55.25:811][936]LogAudioMixer: Display: Initializing Sound Submixes...
[2020.12.15-06.55.25:811][936]LogAudioMixer: Display: Creating Master Submix 'MasterSubmixDefault'
[2020.12.15-06.55.25:811][936]LogAudioMixer: Display: Creating Master Submix 'MasterReverbSubmixDefault'
[2020.12.15-06.55.25:811][936]LogAudioMixer: Display: Creating Master Submix 'MasterEQSubmixDefault'
[2020.12.15-06.55.25:830][936]LogInit: FAudioDevice initialized.
[2020.12.15-06.55.25:861][936]LogSlate: Updating window title bar state: overlay mode, drag disabled, window buttons hidden, title bar hidden
[2020.12.15-06.55.25:861][936]LogNet: Browse: 127.0.0.1:17777/Game/ThirdPersonBP/Maps/ThirdPersonExampleMap
[2020.12.15-06.55.25:862][936]LogInit: WinSock: Socket queue. Rx: 32768 (config 32768) Tx: 32768 (config 32768)
[2020.12.15-06.55.25:862][936]LogNet: Created socket for bind address: 0.0.0.0 on port 0
[2020.12.15-06.55.25:862][936]PacketHandlerLog: Loaded PacketHandler component: Engine.EngineHandlerComponentFactory (StatelessConnectHandlerComponent)
[2020.12.15-06.55.25:862][936]LogNet: Game client on port 17777, rate 10000
[2020.12.15-06.55.25:864][936]PIE: Client logged in
[2020.12.15-06.55.25:866][936]PIE: Play in editor total start time 5.338 seconds.
[2020.12.15-06.55.25:869][936]LogAudioMixer: Display: Audio Mixer Platform Settings:
[2020.12.15-06.55.25:870][936]LogAudioMixer: Display: 	Sample Rate:						  48000
[2020.12.15-06.55.25:870][936]LogAudioMixer: Display: 	Callback Buffer Frame Size Requested: 1024
[2020.12.15-06.55.25:870][936]LogAudioMixer: Display: 	Callback Buffer Frame Size To Use:	  1024
[2020.12.15-06.55.25:870][936]LogAudioMixer: Display: 	Number of buffers to queue:			  2
[2020.12.15-06.55.25:870][936]LogAudioMixer: Display: 	Max Channels (voices):				  32
[2020.12.15-06.55.25:870][936]LogAudioMixer: Display: 	Number of Async Source Workers:		  0
[2020.12.15-06.55.25:870][936]LogAudio: Display: AudioDevice MaxSources: 32
[2020.12.15-06.55.25:871][936]LogAudio: Display: Using built-in audio occlusion.
[2020.12.15-06.55.25:871][936]LogAudioMixer: Display: Initializing audio mixer.
[2020.12.15-06.55.25:880][936]LogAudioMixer: Display: 0: FrontLeft
[2020.12.15-06.55.25:880][936]LogAudioMixer: Display: 1: FrontRight
[2020.12.15-06.55.25:905][936]LogAudioMixer: Display: Using Audio Device Headphones (High Definition Audio Device)
[2020.12.15-06.55.25:905][936]LogAudioMixer: Display: Initializing Sound Submixes...
[2020.12.15-06.55.25:905][936]LogAudioMixer: Display: Creating Master Submix 'MasterSubmixDefault'
[2020.12.15-06.55.25:905][936]LogAudioMixer: Display: Creating Master Submix 'MasterReverbSubmixDefault'
[2020.12.15-06.55.25:906][936]LogAudioMixer: Display: Creating Master Submix 'MasterEQSubmixDefault'
[2020.12.15-06.55.25:928][936]LogInit: FAudioDevice initialized.
[2020.12.15-06.55.25:960][936]LogSlate: Updating window title bar state: overlay mode, drag disabled, window buttons hidden, title bar hidden
[2020.12.15-06.55.25:960][936]LogNet: Browse: 127.0.0.1:17777/Game/ThirdPersonBP/Maps/ThirdPersonExampleMap
[2020.12.15-06.55.25:961][936]LogInit: WinSock: Socket queue. Rx: 32768 (config 32768) Tx: 32768 (config 32768)
[2020.12.15-06.55.25:961][936]LogNet: Created socket for bind address: 0.0.0.0 on port 0
[2020.12.15-06.55.25:961][936]PacketHandlerLog: Loaded PacketHandler component: Engine.EngineHandlerComponentFactory (StatelessConnectHandlerComponent)
[2020.12.15-06.55.25:961][936]LogNet: Game client on port 17777, rate 10000
[2020.12.15-06.55.25:963][936]PIE: Client logged in
[2020.12.15-06.55.25:966][936]PIE: Play in editor total start time 5.438 seconds.
