Log file open, 10/19/20 17:42:08
LogInit: Display: Running engine for game: BlindVR
LogPlatformFile: Not using cached read wrapper
LogTaskGraph: Started task graph with 5 named threads and 23 total threads with 3 sets of task threads.
LogStats: Stats thread started at 0.285929
LogD3D11RHI: Loaded GFSDK_Aftermath_Lib.x64.dll
LogICUInternationalization: ICU TimeZone Detection - Raw Offset: -5:00, Platform Override: ''
LogPluginManager: Mounting plugin Paper2D
LogPluginManager: Mounting plugin AISupport
LogPluginManager: Mounting plugin LightPropagationVolume
LogPluginManager: Mounting plugin CameraShakePreviewer
LogPluginManager: Mounting plugin ActorLayerUtilities
LogPluginManager: Mounting plugin AnimationSharing
LogPluginManager: Mounting plugin CLionSourceCodeAccess
LogPluginManager: Mounting plugin CodeLiteSourceCodeAccess
LogPluginManager: Mounting plugin GitSourceControl
LogPluginManager: Mounting plugin KDevelopSourceCodeAccess
LogPluginManager: Mounting plugin NullSourceCodeAccess
LogPluginManager: Mounting plugin PerforceSourceControl
LogPluginManager: Mounting plugin PlasticSourceControl
LogPluginManager: Mounting plugin RiderSourceCodeAccess
LogPluginManager: Mounting plugin SubversionSourceControl
LogPluginManager: Mounting plugin UObjectPlugin
LogPluginManager: Mounting plugin VisualStudioCodeSourceCodeAccess
LogPluginManager: Mounting plugin VisualStudioSourceCodeAccess
LogPluginManager: Mounting plugin XCodeSourceCodeAccess
LogPluginManager: Mounting plugin AssetManagerEditor
LogPluginManager: Mounting plugin CryptoKeys
LogPluginManager: Mounting plugin CurveEditorTools
LogPluginManager: Mounting plugin DataValidation
LogPluginManager: Mounting plugin EditorScriptingUtilities
LogPluginManager: Mounting plugin FacialAnimation
LogPluginManager: Mounting plugin GameplayTagsEditor
LogPluginManager: Mounting plugin GeometryMode
LogPluginManager: Mounting plugin MacGraphicsSwitching
LogPluginManager: Mounting plugin MaterialAnalyzer
LogPluginManager: Mounting plugin MobileLauncherProfileWizard
LogPluginManager: Mounting plugin PluginBrowser
LogPluginManager: Mounting plugin SpeedTreeImporter
LogPluginManager: Mounting plugin DatasmithContent
LogPluginManager: Mounting plugin VariantManagerContent
LogPluginManager: Mounting plugin AlembicImporter
LogPluginManager: Mounting plugin AutomationUtils
LogPluginManager: Mounting plugin BackChannel
LogPluginManager: Mounting plugin ChaosCloth
LogPluginManager: Mounting plugin ChaosClothEditor
LogPluginManager: Mounting plugin ChaosEditor
LogPluginManager: Mounting plugin ChaosNiagara
LogPluginManager: Mounting plugin ChaosSolverPlugin
LogPluginManager: Mounting plugin CharacterAI
LogPluginManager: Mounting plugin GeometryCache
LogPluginManager: Mounting plugin GeometryCollectionPlugin
LogPluginManager: Mounting plugin GeometryProcessing
LogPluginManager: Mounting plugin PlanarCut
LogPluginManager: Mounting plugin PlatformCrypto
LogPluginManager: Mounting plugin ProxyLODPlugin
LogPluginManager: Mounting plugin SkeletalReduction
LogPluginManager: Mounting plugin Niagara
LogPluginManager: Mounting plugin MagicLeap
LogPluginManager: Mounting plugin MagicLeapLightEstimation
LogPluginManager: Mounting plugin MagicLeapMedia
LogPluginManager: Mounting plugin MagicLeapPassableWorld
LogPluginManager: Mounting plugin MLSDK
LogPluginManager: Mounting plugin ElectronicNodes
LogPluginManager: Mounting plugin AndroidMedia
LogPluginManager: Mounting plugin AvfMedia
LogPluginManager: Mounting plugin ImgMedia
LogPluginManager: Mounting plugin MediaCompositing
LogPluginManager: Mounting plugin MediaPlayerEditor
LogPluginManager: Mounting plugin WebMMedia
LogPluginManager: Mounting plugin WmfMedia
LogPluginManager: Mounting plugin MeshPainting
LogPluginManager: Mounting plugin TcpMessaging
LogPluginManager: Mounting plugin UdpMessaging
LogPluginManager: Mounting plugin ActorSequence
LogPluginManager: Mounting plugin LevelSequenceEditor
LogPluginManager: Mounting plugin MatineeToLevelSequence
LogPluginManager: Mounting plugin MovieRenderPipeline
LogPluginManager: Mounting plugin TemplateSequence
LogPluginManager: Mounting plugin NetcodeUnitTest
LogPluginManager: Mounting plugin NUTUnrealEngine4
LogPluginManager: Mounting plugin OnlineSubsystemGooglePlay
LogPluginManager: Mounting plugin OnlineSubsystemIOS
LogPluginManager: Mounting plugin OnlineSubsystem
LogPluginManager: Mounting plugin OnlineSubsystemNull
LogPluginManager: Mounting plugin OnlineSubsystemUtils
LogPluginManager: Mounting plugin LauncherChunkInstaller
LogPluginManager: Mounting plugin AndroidDeviceProfileSelector
LogPluginManager: Mounting plugin AndroidMoviePlayer
LogPluginManager: Mounting plugin AndroidPermission
LogPluginManager: Mounting plugin AppleImageUtils
LogPluginManager: Mounting plugin AppleMoviePlayer
LogPluginManager: Mounting plugin ArchVisCharacter
LogPluginManager: Mounting plugin AssetTags
LogPluginManager: Mounting plugin AudioCapture
LogPluginManager: Mounting plugin CableComponent
LogPluginManager: Mounting plugin CustomMeshComponent
LogPluginManager: Mounting plugin EditableMesh
LogPluginManager: Mounting plugin ExampleDeviceProfileSelector
LogPluginManager: Mounting plugin GoogleCloudMessaging
LogPluginManager: Mounting plugin GooglePAD
LogPluginManager: Mounting plugin IOSDeviceProfileSelector
LogPluginManager: Mounting plugin LinuxDeviceProfileSelector
LogPluginManager: Mounting plugin LocationServicesBPLibrary
LogPluginManager: Mounting plugin MobilePatchingUtils
LogPluginManager: Mounting plugin OculusVR
LogPluginManager: Mounting plugin PhysXVehicles
LogPluginManager: Mounting plugin PostSplashScreen
LogPluginManager: Mounting plugin ProceduralMeshComponent
LogPluginManager: Mounting plugin RuntimePhysXCooking
LogPluginManager: Mounting plugin SignificanceManager
LogPluginManager: Mounting plugin SoundFields
LogPluginManager: Mounting plugin SteamVR
LogPluginManager: Mounting plugin Synthesis
LogPluginManager: Mounting plugin WebMMoviePlayer
LogPluginManager: Mounting plugin WindowsMoviePlayer
LogPluginManager: Mounting plugin ScreenshotTools
LogInit: Using libcurl 7.55.1-DEV
LogInit:  - built for x86_64-pc-win32
LogInit:  - supports SSL with OpenSSL/1.1.1
LogInit:  - supports HTTP deflate (compression) using libz 1.2.8
LogInit:  - other features:
LogInit:      CURL_VERSION_SSL
LogInit:      CURL_VERSION_LIBZ
LogInit:      CURL_VERSION_IPV6
LogInit:      CURL_VERSION_ASYNCHDNS
LogInit:      CURL_VERSION_LARGEFILE
LogInit:      CURL_VERSION_IDN
LogInit:  CurlRequestOptions (configurable via config and command line):
LogInit:  - bVerifyPeer = true  - Libcurl will verify peer certificate
LogInit:  - bUseHttpProxy = false  - Libcurl will NOT use HTTP proxy
LogInit:  - bDontReuseConnections = false  - Libcurl will reuse connections
LogInit:  - MaxHostConnections = 16  - Libcurl will limit the number of connections to a host
LogInit:  - LocalHostAddr = Default
LogInit:  - BufferSize = 65536
LogOnline: OSS: Creating online subsystem instance for: NULL
LogInit: WinSock: version 1.1 (2.2), MaxSocks=32767, MaxUdp=65467
LogOnline: OSS: TryLoadSubsystemAndSetDefault: Loaded subsystem for module [NULL]
LogOculusPluginWrapper: OculusPlugin initialized successfully
LogInit: Build: ++UE4+Release-4.25-CL-13942748
LogInit: Engine Version: 4.25.3-13942748+++UE4+Release-4.25
LogInit: Compatible Engine Version: 4.25.0-13144385+++UE4+Release-4.25
LogInit: Net CL: 13144385
LogInit: OS: Windows 10 (Release 1909) (), CPU: Intel(R) Core(TM) i7-6700K CPU @ 4.00GHz, GPU: AMD Radeon RX 5600 XT
LogInit: Compiled (64-bit): Jul 25 2020 02:07:48
LogInit: Compiled with Visual C++: 19.24.28315.00
LogInit: Build Configuration: Development
LogInit: Branch Name: ++UE4+Release-4.25
LogInit: Command Line:  -skipcompile
LogInit: Base Directory: D:/Unreal Engine/UE_4.25/Engine/Binaries/Win64/
LogInit: Allocator: TBB
LogInit: Installed Engine Build: 1
LogDevObjectVersion: Number of dev versions registered: 26
LogDevObjectVersion:   Dev-Blueprints (B0D832E4-1F89-4F0D-ACCF-7EB736FD4AA2): 10
LogDevObjectVersion:   Dev-Build (E1C64328-A22C-4D53-A36C-8E866417BD8C): 0
LogDevObjectVersion:   Dev-Core (375EC13C-06E4-48FB-B500-84F0262A717E): 4
LogDevObjectVersion:   Dev-Editor (E4B068ED-F494-42E9-A231-DA0B2E46BB41): 38
LogDevObjectVersion:   Dev-Framework (CFFC743F-43B0-4480-9391-14DF171D2073): 37
LogDevObjectVersion:   Dev-Mobile (B02B49B5-BB20-44E9-A304-32B752E40360): 2
LogDevObjectVersion:   Dev-Networking (A4E4105C-59A1-49B5-A7C5-40C4547EDFEE): 0
LogDevObjectVersion:   Dev-Online (39C831C9-5AE6-47DC-9A44-9C173E1C8E7C): 0
LogDevObjectVersion:   Dev-Physics (78F01B33-EBEA-4F98-B9B4-84EACCB95AA2): 4
LogDevObjectVersion:   Dev-Platform (6631380F-2D4D-43E0-8009-CF276956A95A): 0
LogDevObjectVersion:   Dev-Rendering (12F88B9F-8875-4AFC-A67C-D90C383ABD29): 43
LogDevObjectVersion:   Dev-Sequencer (7B5AE74C-D270-4C10-A958-57980B212A5A): 12
LogDevObjectVersion:   Dev-VR (D7296918-1DD6-4BDD-9DE2-64A83CC13884): 3
LogDevObjectVersion:   Dev-LoadTimes (C2A15278-BFE7-4AFE-6C17-90FF531DF755): 1
LogDevObjectVersion:   Private-Geometry (6EACA3D4-40EC-4CC1-B786-8BED09428FC5): 3
LogDevObjectVersion:   Dev-AnimPhys (29E575DD-E0A3-4627-9D10-D276232CDCEA): 17
LogDevObjectVersion:   Dev-Anim (AF43A65D-7FD3-4947-9873-3E8ED9C1BB05): 7
LogDevObjectVersion:   Dev-ReflectionCapture (6B266CEC-1EC7-4B8F-A30B-E4D90942FC07): 1
LogDevObjectVersion:   Dev-Automation (0DF73D61-A23F-47EA-B727-89E90C41499A): 1
LogDevObjectVersion:   FortniteMain (601D1886-AC64-4F84-AA16-D3DE0DEAC7D6): 31
LogDevObjectVersion:   Dev-Enterprise (9DFFBCD6-494F-0158-E221-12823C92A888): 10
LogDevObjectVersion:   Dev-Niagara (F2AED0AC-9AFE-416F-8664-AA7FFA26D6FC): 1
LogDevObjectVersion:   Dev-Destruction (174F1F0B-B4C6-45A5-B13F-2EE8D0FB917D): 10
LogDevObjectVersion:   Dev-Physics-Ext (35F94A83-E258-406C-A318-09F59610247C): 37
LogDevObjectVersion:   Dev-PhysicsMaterial-Chaos (B68FC16E-8B1B-42E2-B453-215C058844FE): 1
LogDevObjectVersion:   Dev-CineCamera (B2E18506-4273-CFC2-A54E-F4BB758BBA07): 1
LogInit: Presizing for max 25165824 objects, including 0 objects not considered by GC, pre-allocating 0 bytes for permanent pool.
LogConfig: Applying CVar settings from Section [/Script/Engine.StreamingSettings] File [D:/GitHub/BlindVR/Saved/Config/Windows/Engine.ini]
LogConfig: Setting CVar [[s.MinBulkDataSizeForAsyncLoading:131072]]
LogConfig: Setting CVar [[s.AsyncLoadingThreadEnabled:0]]
LogConfig: Setting CVar [[s.EventDrivenLoaderEnabled:1]]
LogConfig: Setting CVar [[s.WarnIfTimeLimitExceeded:0]]
LogConfig: Setting CVar [[s.TimeLimitExceededMultiplier:1.5]]
LogConfig: Setting CVar [[s.TimeLimitExceededMinTime:0.005]]
LogConfig: Setting CVar [[s.UseBackgroundLevelStreaming:1]]
LogConfig: Setting CVar [[s.PriorityAsyncLoadingExtraTime:15.0]]
LogConfig: Setting CVar [[s.LevelStreamingActorsUpdateTimeLimit:5.0]]
LogConfig: Setting CVar [[s.PriorityLevelStreamingActorsUpdateExtraTime:5.0]]
LogConfig: Setting CVar [[s.LevelStreamingComponentsRegistrationGranularity:10]]
LogConfig: Setting CVar [[s.UnregisterComponentsTimeLimit:1.0]]
LogConfig: Setting CVar [[s.LevelStreamingComponentsUnregistrationGranularity:5]]
LogConfig: Setting CVar [[s.FlushStreamingOnExit:1]]
LogInit: Object subsystem initialized
LogConfig: Setting CVar [[con.DebugEarlyDefault:1]]
LogConfig: Setting CVar [[r.setres:1280x720]]
[2020.10.19-21.42.09:501][  0]LogConfig: Setting CVar [[r.VSync:0]]
[2020.10.19-21.42.09:501][  0]LogConfig: Setting CVar [[r.RHICmdBypass:0]]
[2020.10.19-21.42.09:501][  0]LogConfig: Applying CVar settings from Section [/Script/Engine.RendererSettings] File [D:/GitHub/BlindVR/Saved/Config/Windows/Engine.ini]
[2020.10.19-21.42.09:501][  0]LogConfig: Setting CVar [[r.GPUCrashDebugging:0]]
[2020.10.19-21.42.09:502][  0]LogConfig: Setting CVar [[r.Mobile.DisableVertexFog:1]]
[2020.10.19-21.42.09:502][  0]LogConfig: Setting CVar [[r.Shadow.CSM.MaxMobileCascades:2]]
[2020.10.19-21.42.09:502][  0]LogConfig: Setting CVar [[r.MobileMSAA:1]]
[2020.10.19-21.42.09:502][  0]LogConfig: Setting CVar [[r.Mobile.UseLegacyShadingModel:0]]
[2020.10.19-21.42.09:502][  0]LogConfig: Setting CVar [[r.Mobile.AllowDitheredLODTransition:0]]
[2020.10.19-21.42.09:502][  0]LogConfig: Setting CVar [[r.Mobile.AllowSoftwareOcclusion:0]]
[2020.10.19-21.42.09:502][  0]LogConfig: Setting CVar [[r.Mobile.VirtualTextures:0]]
[2020.10.19-21.42.09:502][  0]LogConfig: Setting CVar [[r.DiscardUnusedQuality:0]]
[2020.10.19-21.42.09:502][  0]LogConfig: Setting CVar [[r.AllowOcclusionQueries:1]]
[2020.10.19-21.42.09:502][  0]LogConfig: Setting CVar [[r.MinScreenRadiusForLights:0.030000]]
[2020.10.19-21.42.09:502][  0]LogConfig: Setting CVar [[r.MinScreenRadiusForDepthPrepass:0.030000]]
[2020.10.19-21.42.09:502][  0]LogConfig: Setting CVar [[r.MinScreenRadiusForCSMDepth:0.010000]]
[2020.10.19-21.42.09:502][  0]LogConfig: Setting CVar [[r.PrecomputedVisibilityWarning:0]]
[2020.10.19-21.42.09:502][  0]LogConfig: Setting CVar [[r.TextureStreaming:1]]
[2020.10.19-21.42.09:502][  0]LogConfig: Setting CVar [[Compat.UseDXT5NormalMaps:0]]
[2020.10.19-21.42.09:502][  0]LogConfig: Setting CVar [[r.VirtualTextures:0]]
[2020.10.19-21.42.09:502][  0]LogConfig: Setting CVar [[r.VirtualTexturedLightmaps:0]]
[2020.10.19-21.42.09:502][  0]LogConfig: Setting CVar [[r.VT.TileSize:128]]
[2020.10.19-21.42.09:502][  0]LogConfig: Setting CVar [[r.VT.TileBorderSize:4]]
[2020.10.19-21.42.09:503][  0]LogConfig: Setting CVar [[r.vt.FeedbackFactor:16]]
[2020.10.19-21.42.09:503][  0]LogConfig: Setting CVar [[r.VT.EnableCompressZlib:1]]
[2020.10.19-21.42.09:503][  0]LogConfig: Setting CVar [[r.VT.EnableCompressCrunch:0]]
[2020.10.19-21.42.09:503][  0]LogConfig: Setting CVar [[r.ClearCoatNormal:0]]
[2020.10.19-21.42.09:503][  0]LogConfig: Setting CVar [[r.AnisotropicBRDF:0]]
[2020.10.19-21.42.09:503][  0]LogConfig: Setting CVar [[r.ReflectionCaptureResolution:128]]
[2020.10.19-21.42.09:503][  0]LogConfig: Setting CVar [[r.ReflectionEnvironmentLightmapMixBasedOnRoughness:1]]
[2020.10.19-21.42.09:503][  0]LogConfig: Setting CVar [[r.ForwardShading:0]]
[2020.10.19-21.42.09:503][  0]LogConfig: Setting CVar [[r.VertexFoggingForOpaque:1]]
[2020.10.19-21.42.09:503][  0]LogConfig: Setting CVar [[r.AllowStaticLighting:1]]
[2020.10.19-21.42.09:503][  0]LogConfig: Setting CVar [[r.NormalMapsForStaticLighting:0]]
[2020.10.19-21.42.09:503][  0]LogConfig: Setting CVar [[r.GenerateMeshDistanceFields:0]]
[2020.10.19-21.42.09:503][  0]LogConfig: Setting CVar [[r.DistanceFieldBuild.EightBit:0]]
[2020.10.19-21.42.09:503][  0]LogConfig: Setting CVar [[r.GenerateLandscapeGIData:0]]
[2020.10.19-21.42.09:503][  0]LogConfig: Setting CVar [[r.DistanceFieldBuild.Compress:0]]
[2020.10.19-21.42.09:503][  0]LogConfig: Setting CVar [[r.TessellationAdaptivePixelsPerTriangle:48.000000]]
[2020.10.19-21.42.09:503][  0]LogConfig: Setting CVar [[r.SeparateTranslucency:1]]
[2020.10.19-21.42.09:503][  0]LogConfig: Setting CVar [[r.TranslucentSortPolicy:0]]
[2020.10.19-21.42.09:503][  0]LogConfig: Setting CVar [[r.CustomDepth:1]]
[2020.10.19-21.42.09:504][  0]LogConfig: Setting CVar [[r.CustomDepthTemporalAAJitter:1]]
[2020.10.19-21.42.09:504][  0]LogConfig: Setting CVar [[r.PostProcessing.PropagateAlpha:0]]
[2020.10.19-21.42.09:504][  0]LogConfig: Setting CVar [[r.DefaultFeature.Bloom:1]]
[2020.10.19-21.42.09:504][  0]LogConfig: Setting CVar [[r.DefaultFeature.AmbientOcclusion:1]]
[2020.10.19-21.42.09:504][  0]LogConfig: Setting CVar [[r.DefaultFeature.AmbientOcclusionStaticFraction:1]]
[2020.10.19-21.42.09:504][  0]LogConfig: Setting CVar [[r.DefaultFeature.AutoExposure:0]]
[2020.10.19-21.42.09:504][  0]LogConfig: Setting CVar [[r.DefaultFeature.AutoExposure.Method:0]]
[2020.10.19-21.42.09:504][  0]LogConfig: Setting CVar [[r.DefaultFeature.AutoExposure.Bias:1.000000]]
[2020.10.19-21.42.09:504][  0]LogConfig: Setting CVar [[r.DefaultFeature.AutoExposure.ExtendDefaultLuminanceRange:0]]
[2020.10.19-21.42.09:504][  0]LogConfig: Setting CVar [[r.UsePreExposure:1]]
[2020.10.19-21.42.09:504][  0]LogConfig: Setting CVar [[r.EyeAdaptation.EditorOnly:0]]
[2020.10.19-21.42.09:504][  0]LogConfig: Setting CVar [[r.DefaultFeature.MotionBlur:0]]
[2020.10.19-21.42.09:504][  0]LogConfig: Setting CVar [[r.DefaultFeature.LensFlare:0]]
[2020.10.19-21.42.09:504][  0]LogConfig: Setting CVar [[r.TemporalAA.Upsampling:0]]
[2020.10.19-21.42.09:504][  0]LogConfig: Setting CVar [[r.SSGI.Enable:0]]
[2020.10.19-21.42.09:504][  0]LogConfig: Setting CVar [[r.DefaultFeature.AntiAliasing:0]]
[2020.10.19-21.42.09:504][  0]LogConfig: Setting CVar [[r.DefaultFeature.LightUnits:1]]
[2020.10.19-21.42.09:504][  0]LogConfig: Setting CVar [[r.DefaultBackBufferPixelFormat:4]]
[2020.10.19-21.42.09:504][  0]LogConfig: Setting CVar [[r.Shadow.UnbuiltPreviewInGame:1]]
[2020.10.19-21.42.09:504][  0]LogConfig: Setting CVar [[r.StencilForLODDither:0]]
[2020.10.19-21.42.09:504][  0]LogConfig: Setting CVar [[r.EarlyZPass:3]]
[2020.10.19-21.42.09:505][  0]LogConfig: Setting CVar [[r.EarlyZPassOnlyMaterialMasking:0]]
[2020.10.19-21.42.09:505][  0]LogConfig: Setting CVar [[r.DBuffer:1]]
[2020.10.19-21.42.09:505][  0]LogConfig: Setting CVar [[r.ClearSceneMethod:1]]
[2020.10.19-21.42.09:505][  0]LogConfig: Setting CVar [[r.BasePassOutputsVelocity:0]]
[2020.10.19-21.42.09:505][  0]LogConfig: Setting CVar [[r.VertexDeformationOutputsVelocity:0]]
[2020.10.19-21.42.09:505][  0]LogConfig: Setting CVar [[r.SelectiveBasePassOutputs:0]]
[2020.10.19-21.42.09:505][  0]LogConfig: Setting CVar [[fx.GPUSimulationTextureSizeX:1024]]
[2020.10.19-21.42.09:505][  0]LogConfig: Setting CVar [[fx.GPUSimulationTextureSizeY:1024]]
[2020.10.19-21.42.09:505][  0]LogConfig: Setting CVar [[r.AllowGlobalClipPlane:0]]
[2020.10.19-21.42.09:505][  0]LogConfig: Setting CVar [[r.GBufferFormat:1]]
[2020.10.19-21.42.09:505][  0]LogConfig: Setting CVar [[r.MorphTarget.Mode:1]]
[2020.10.19-21.42.09:505][  0]LogConfig: Setting CVar [[vr.InstancedStereo:0]]
[2020.10.19-21.42.09:505][  0]LogConfig: Setting CVar [[r.MobileHDR:1]]
[2020.10.19-21.42.09:505][  0]LogConfig: Setting CVar [[vr.MobileMultiView:0]]
[2020.10.19-21.42.09:505][  0]LogConfig: Setting CVar [[r.Mobile.UseHWsRGBEncoding:0]]
[2020.10.19-21.42.09:505][  0]LogConfig: Setting CVar [[vr.RoundRobinOcclusion:0]]
[2020.10.19-21.42.09:505][  0]LogConfig: Setting CVar [[vr.ODSCapture:0]]
[2020.10.19-21.42.09:505][  0]LogConfig: Setting CVar [[r.MeshStreaming:0]]
[2020.10.19-21.42.09:506][  0]LogConfig: Setting CVar [[r.WireframeCullThreshold:5.000000]]
[2020.10.19-21.42.09:506][  0]LogConfig: Setting CVar [[r.RayTracing:0]]
[2020.10.19-21.42.09:506][  0]LogConfig: Setting CVar [[r.RayTracing.UseTextureLod:0]]
[2020.10.19-21.42.09:506][  0]LogConfig: Setting CVar [[r.SupportStationarySkylight:1]]
[2020.10.19-21.42.09:506][  0]LogConfig: Setting CVar [[r.SupportLowQualityLightmaps:1]]
[2020.10.19-21.42.09:506][  0]LogConfig: Setting CVar [[r.SupportPointLightWholeSceneShadows:1]]
[2020.10.19-21.42.09:506][  0]LogConfig: Setting CVar [[r.SupportAtmosphericFog:1]]
[2020.10.19-21.42.09:506][  0]LogConfig: Setting CVar [[r.SupportSkyAtmosphere:1]]
[2020.10.19-21.42.09:506][  0]LogConfig: Setting CVar [[r.SupportSkyAtmosphereAffectsHeightFog:0]]
[2020.10.19-21.42.09:506][  0]LogConfig: Setting CVar [[r.SkinCache.CompileShaders:0]]
[2020.10.19-21.42.09:506][  0]LogConfig: Setting CVar [[r.SkinCache.DefaultBehavior:1]]
[2020.10.19-21.42.09:506][  0]LogConfig: Setting CVar [[r.SkinCache.SceneMemoryLimitInMB:128.000000]]
[2020.10.19-21.42.09:506][  0]LogConfig: Setting CVar [[r.Mobile.EnableStaticAndCSMShadowReceivers:1]]
[2020.10.19-21.42.09:506][  0]LogConfig: Setting CVar [[r.Mobile.EnableMovableLightCSMShaderCulling:1]]
[2020.10.19-21.42.09:506][  0]LogConfig: Setting CVar [[r.Mobile.AllowDistanceFieldShadows:1]]
[2020.10.19-21.42.09:506][  0]LogConfig: Setting CVar [[r.Mobile.AllowMovableDirectionalLights:1]]
[2020.10.19-21.42.09:506][  0]LogConfig: Setting CVar [[r.MobileNumDynamicPointLights:4]]
[2020.10.19-21.42.09:506][  0]LogConfig: Setting CVar [[r.MobileDynamicPointLightsUseStaticBranch:1]]
[2020.10.19-21.42.09:506][  0]LogConfig: Setting CVar [[r.Mobile.EnableMovableSpotlights:0]]
[2020.10.19-21.42.09:506][  0]LogConfig: Setting CVar [[r.GPUSkin.Support16BitBoneIndex:0]]
[2020.10.19-21.42.09:507][  0]LogConfig: Setting CVar [[r.GPUSkin.Limit2BoneInfluences:0]]
[2020.10.19-21.42.09:507][  0]LogConfig: Setting CVar [[r.SupportDepthOnlyIndexBuffers:1]]
[2020.10.19-21.42.09:507][  0]LogConfig: Setting CVar [[r.SupportReversedIndexBuffers:1]]
[2020.10.19-21.42.09:507][  0]LogConfig: Setting CVar [[r.SupportMaterialLayers:0]]
[2020.10.19-21.42.09:507][  0]LogConfig: Setting CVar [[r.LightPropagationVolume:0]]
[2020.10.19-21.42.09:507][  0]LogConfig: Applying CVar settings from Section [/Script/Engine.RendererOverrideSettings] File [D:/GitHub/BlindVR/Saved/Config/Windows/Engine.ini]
[2020.10.19-21.42.09:507][  0]LogConfig: Applying CVar settings from Section [/Script/Engine.StreamingSettings] File [D:/GitHub/BlindVR/Saved/Config/Windows/Engine.ini]
[2020.10.19-21.42.09:507][  0]LogConfig: Setting CVar [[s.MinBulkDataSizeForAsyncLoading:131072]]
[2020.10.19-21.42.09:507][  0]LogConfig: Setting CVar [[s.AsyncLoadingThreadEnabled:0]]
[2020.10.19-21.42.09:507][  0]LogConfig: Setting CVar [[s.EventDrivenLoaderEnabled:1]]
[2020.10.19-21.42.09:507][  0]LogConfig: Setting CVar [[s.WarnIfTimeLimitExceeded:0]]
[2020.10.19-21.42.09:507][  0]LogConfig: Setting CVar [[s.TimeLimitExceededMultiplier:1.5]]
[2020.10.19-21.42.09:507][  0]LogConfig: Setting CVar [[s.TimeLimitExceededMinTime:0.005]]
[2020.10.19-21.42.09:507][  0]LogConfig: Setting CVar [[s.UseBackgroundLevelStreaming:1]]
[2020.10.19-21.42.09:508][  0]LogConfig: Setting CVar [[s.PriorityAsyncLoadingExtraTime:15.0]]
[2020.10.19-21.42.09:508][  0]LogConfig: Setting CVar [[s.LevelStreamingActorsUpdateTimeLimit:5.0]]
[2020.10.19-21.42.09:508][  0]LogConfig: Setting CVar [[s.PriorityLevelStreamingActorsUpdateExtraTime:5.0]]
[2020.10.19-21.42.09:508][  0]LogConfig: Setting CVar [[s.LevelStreamingComponentsRegistrationGranularity:10]]
[2020.10.19-21.42.09:508][  0]LogConfig: Setting CVar [[s.UnregisterComponentsTimeLimit:1.0]]
[2020.10.19-21.42.09:508][  0]LogConfig: Setting CVar [[s.LevelStreamingComponentsUnregistrationGranularity:5]]
[2020.10.19-21.42.09:508][  0]LogConfig: Setting CVar [[s.FlushStreamingOnExit:1]]
[2020.10.19-21.42.09:508][  0]LogConfig: Applying CVar settings from Section [/Script/Engine.GarbageCollectionSettings] File [D:/GitHub/BlindVR/Saved/Config/Windows/Engine.ini]
[2020.10.19-21.42.09:508][  0]LogConfig: Setting CVar [[gc.MaxObjectsNotConsideredByGC:1]]
[2020.10.19-21.42.09:508][  0]LogConfig: Setting CVar [[gc.SizeOfPermanentObjectPool:0]]
[2020.10.19-21.42.09:508][  0]LogConfig: Setting CVar [[gc.FlushStreamingOnGC:0]]
[2020.10.19-21.42.09:508][  0]LogConfig: Setting CVar [[gc.NumRetriesBeforeForcingGC:10]]
[2020.10.19-21.42.09:508][  0]LogConfig: Setting CVar [[gc.AllowParallelGC:1]]
[2020.10.19-21.42.09:508][  0]LogConfig: Setting CVar [[gc.TimeBetweenPurgingPendingKillObjects:61.1]]
[2020.10.19-21.42.09:508][  0]LogConfig: Setting CVar [[gc.MaxObjectsInEditor:25165824]]
[2020.10.19-21.42.09:508][  0]LogConfig: Setting CVar [[gc.IncrementalBeginDestroyEnabled:1]]
[2020.10.19-21.42.09:509][  0]LogConfig: Setting CVar [[gc.CreateGCClusters:1]]
[2020.10.19-21.42.09:509][  0]LogConfig: Setting CVar [[gc.MinGCClusterSize:5]]
[2020.10.19-21.42.09:509][  0]LogConfig: Setting CVar [[gc.ActorClusteringEnabled:0]]
[2020.10.19-21.42.09:509][  0]LogConfig: Setting CVar [[gc.BlueprintClusteringEnabled:0]]
[2020.10.19-21.42.09:509][  0]LogConfig: Setting CVar [[gc.UseDisregardForGCOnDedicatedServers:0]]
[2020.10.19-21.42.09:509][  0]LogConfig: Applying CVar settings from Section [/Script/Engine.NetworkSettings] File [D:/GitHub/BlindVR/Saved/Config/Windows/Engine.ini]
[2020.10.19-21.42.09:509][  0]LogConfig: Applying CVar settings from Section [/Script/UnrealEd.CookerSettings] File [D:/GitHub/BlindVR/Saved/Config/Windows/Engine.ini]
[2020.10.19-21.42.09:521][  0]LogConfig: Applying CVar settings from Section [ViewDistanceQuality@3] File [D:/GitHub/BlindVR/Saved/Config/Windows/Scalability.ini]
[2020.10.19-21.42.09:521][  0]LogConfig: Setting CVar [[r.SkeletalMeshLODBias:0]]
[2020.10.19-21.42.09:521][  0]LogConfig: Setting CVar [[r.ViewDistanceScale:1.0]]
[2020.10.19-21.42.09:521][  0]LogConfig: Applying CVar settings from Section [AntiAliasingQuality@3] File [D:/GitHub/BlindVR/Saved/Config/Windows/Scalability.ini]
[2020.10.19-21.42.09:521][  0]LogConfig: Setting CVar [[r.PostProcessAAQuality:3]]
[2020.10.19-21.42.09:521][  0]LogConfig: Applying CVar settings from Section [ShadowQuality@3] File [D:/GitHub/BlindVR/Saved/Config/Windows/Scalability.ini]
[2020.10.19-21.42.09:521][  0]LogConfig: Setting CVar [[r.LightFunctionQuality:1]]
[2020.10.19-21.42.09:521][  0]LogConfig: Setting CVar [[r.ShadowQuality:5]]
[2020.10.19-21.42.09:521][  0]LogConfig: Setting CVar [[r.Shadow.CSM.MaxCascades:10]]
[2020.10.19-21.42.09:521][  0]LogConfig: Setting CVar [[r.Shadow.MaxResolution:2048]]
[2020.10.19-21.42.09:521][  0]LogConfig: Setting CVar [[r.Shadow.MaxCSMResolution:2048]]
[2020.10.19-21.42.09:521][  0]LogConfig: Setting CVar [[r.Shadow.RadiusThreshold:0.01]]
[2020.10.19-21.42.09:521][  0]LogConfig: Setting CVar [[r.Shadow.DistanceScale:1.0]]
[2020.10.19-21.42.09:521][  0]LogConfig: Setting CVar [[r.Shadow.CSM.TransitionScale:1.0]]
[2020.10.19-21.42.09:522][  0]LogConfig: Setting CVar [[r.Shadow.PreShadowResolutionFactor:1.0]]
[2020.10.19-21.42.09:522][  0]LogConfig: Setting CVar [[r.DistanceFieldShadowing:1]]
[2020.10.19-21.42.09:522][  0]LogConfig: Setting CVar [[r.DistanceFieldAO:1]]
[2020.10.19-21.42.09:522][  0]LogConfig: Setting CVar [[r.AOQuality:2]]
[2020.10.19-21.42.09:522][  0]LogConfig: Setting CVar [[r.VolumetricFog:1]]
[2020.10.19-21.42.09:522][  0]LogConfig: Setting CVar [[r.VolumetricFog.GridPixelSize:8]]
[2020.10.19-21.42.09:522][  0]LogConfig: Setting CVar [[r.VolumetricFog.GridSizeZ:128]]
[2020.10.19-21.42.09:522][  0]LogConfig: Setting CVar [[r.VolumetricFog.HistoryMissSupersampleCount:4]]
[2020.10.19-21.42.09:522][  0]LogConfig: Setting CVar [[r.LightMaxDrawDistanceScale:1]]
[2020.10.19-21.42.09:522][  0]LogConfig: Setting CVar [[r.CapsuleShadows:1]]
[2020.10.19-21.42.09:522][  0]LogConfig: Applying CVar settings from Section [PostProcessQuality@3] File [D:/GitHub/BlindVR/Saved/Config/Windows/Scalability.ini]
[2020.10.19-21.42.09:522][  0]LogConfig: Setting CVar [[r.MotionBlurQuality:0]]
[2020.10.19-21.42.09:522][  0]LogConfig: Setting CVar [[r.AmbientOcclusionMipLevelFactor:0.4]]
[2020.10.19-21.42.09:522][  0]LogConfig: Setting CVar [[r.AmbientOcclusionMaxQuality:100]]
[2020.10.19-21.42.09:522][  0]LogConfig: Setting CVar [[r.AmbientOcclusionLevels:0]]
[2020.10.19-21.42.09:522][  0]LogConfig: Setting CVar [[r.AmbientOcclusionRadiusScale:1.0]]
[2020.10.19-21.42.09:523][  0]LogConfig: Setting CVar [[r.DepthOfFieldQuality:0]]
[2020.10.19-21.42.09:523][  0]LogConfig: Setting CVar [[r.RenderTargetPoolMin:400]]
[2020.10.19-21.42.09:523][  0]LogConfig: Setting CVar [[r.LensFlareQuality:0]]
[2020.10.19-21.42.09:523][  0]LogConfig: Setting CVar [[r.SceneColorFringeQuality:0]]
[2020.10.19-21.42.09:523][  0]LogConfig: Setting CVar [[r.EyeAdaptationQuality:2]]
[2020.10.19-21.42.09:523][  0]LogConfig: Setting CVar [[r.BloomQuality:1]]
[2020.10.19-21.42.09:523][  0]LogConfig: Setting CVar [[r.FastBlurThreshold:0]]
[2020.10.19-21.42.09:523][  0]LogConfig: Setting CVar [[r.Upscale.Quality:3]]
[2020.10.19-21.42.09:523][  0]LogConfig: Setting CVar [[r.Tonemapper.GrainQuantization:1]]
[2020.10.19-21.42.09:523][  0]LogConfig: Setting CVar [[r.LightShaftQuality:1]]
[2020.10.19-21.42.09:523][  0]LogConfig: Setting CVar [[r.Filter.SizeScale:1]]
[2020.10.19-21.42.09:523][  0]LogConfig: Setting CVar [[r.Tonemapper.Quality:5]]
[2020.10.19-21.42.09:523][  0]LogConfig: Setting CVar [[r.DOF.Gather.AccumulatorQuality:1        ; higher gathering accumulator quality]]
[2020.10.19-21.42.09:523][  0]LogConfig: Setting CVar [[r.DOF.Gather.PostfilterMethod:1          ; Median3x3 postfilering method]]
[2020.10.19-21.42.09:523][  0]LogConfig: Setting CVar [[r.DOF.Gather.EnableBokehSettings:0       ; no bokeh simulation when gathering]]
[2020.10.19-21.42.09:523][  0]LogConfig: Setting CVar [[r.DOF.Gather.RingCount:4                 ; medium number of samples when gathering]]
[2020.10.19-21.42.09:523][  0]LogConfig: Setting CVar [[r.DOF.Scatter.ForegroundCompositing:1    ; additive foreground scattering]]
[2020.10.19-21.42.09:523][  0]LogConfig: Setting CVar [[r.DOF.Scatter.BackgroundCompositing:2    ; additive background scattering]]
[2020.10.19-21.42.09:524][  0]LogConfig: Setting CVar [[r.DOF.Scatter.EnableBokehSettings:1      ; bokeh simulation when scattering]]
[2020.10.19-21.42.09:524][  0]LogConfig: Setting CVar [[r.DOF.Scatter.MaxSpriteRatio:0.1         ; only a maximum of 10% of scattered bokeh]]
[2020.10.19-21.42.09:524][  0]LogConfig: Setting CVar [[r.DOF.Recombine.Quality:1                ; cheap slight out of focus]]
[2020.10.19-21.42.09:524][  0]LogConfig: Setting CVar [[r.DOF.Recombine.EnableBokehSettings:0    ; no bokeh simulation on slight out of focus]]
[2020.10.19-21.42.09:524][  0]LogConfig: Setting CVar [[r.DOF.TemporalAAQuality:1                ; more stable temporal accumulation]]
[2020.10.19-21.42.09:524][  0]LogConfig: Setting CVar [[r.DOF.Kernel.MaxForegroundRadius:0.025]]
[2020.10.19-21.42.09:524][  0]LogConfig: Setting CVar [[r.DOF.Kernel.MaxBackgroundRadius:0.025]]
[2020.10.19-21.42.09:524][  0]LogConfig: Applying CVar settings from Section [TextureQuality@3] File [D:/GitHub/BlindVR/Saved/Config/Windows/Scalability.ini]
[2020.10.19-21.42.09:524][  0]LogConfig: Setting CVar [[r.Streaming.MipBias:0]]
[2020.10.19-21.42.09:524][  0]LogConfig: Setting CVar [[r.Streaming.AmortizeCPUToGPUCopy:0]]
[2020.10.19-21.42.09:524][  0]LogConfig: Setting CVar [[r.Streaming.MaxNumTexturesToStreamPerFrame:0]]
[2020.10.19-21.42.09:524][  0]LogConfig: Setting CVar [[r.Streaming.Boost:1]]
[2020.10.19-21.42.09:524][  0]LogConfig: Setting CVar [[r.MaxAnisotropy:8]]
[2020.10.19-21.42.09:524][  0]LogConfig: Setting CVar [[r.VT.MaxAnisotropy:8]]
[2020.10.19-21.42.09:525][  0]LogConfig: Setting CVar [[r.Streaming.LimitPoolSizeToVRAM:0]]
[2020.10.19-21.42.09:525][  0]LogConfig: Setting CVar [[r.Streaming.PoolSize:1000]]
[2020.10.19-21.42.09:525][  0]LogConfig: Setting CVar [[r.Streaming.MaxEffectiveScreenSize:0]]
[2020.10.19-21.42.09:525][  0]LogConfig: Applying CVar settings from Section [EffectsQuality@3] File [D:/GitHub/BlindVR/Saved/Config/Windows/Scalability.ini]
[2020.10.19-21.42.09:525][  0]LogConfig: Setting CVar [[r.TranslucencyLightingVolumeDim:4]]
[2020.10.19-21.42.09:525][  0]LogConfig: Setting CVar [[r.RefractionQuality:2]]
[2020.10.19-21.42.09:525][  0]LogConfig: Setting CVar [[r.SSR.Quality:0]]
[2020.10.19-21.42.09:525][  0]LogConfig: Setting CVar [[r.SSR.HalfResSceneColor:0]]
[2020.10.19-21.42.09:525][  0]LogConfig: Setting CVar [[r.SceneColorFormat:2]]
[2020.10.19-21.42.09:525][  0]LogConfig: Setting CVar [[r.DetailMode:2]]
[2020.10.19-21.42.09:525][  0]LogConfig: Setting CVar [[r.TranslucencyVolumeBlur:0]]
[2020.10.19-21.42.09:525][  0]LogConfig: Setting CVar [[r.MaterialQualityLevel:1 ; High quality]]
[2020.10.19-21.42.09:525][  0]LogConfig: Setting CVar [[r.SSS.Scale:1]]
[2020.10.19-21.42.09:525][  0]LogConfig: Setting CVar [[r.SSS.SampleSet:2]]
[2020.10.19-21.42.09:525][  0]LogConfig: Setting CVar [[r.SSS.Quality:1]]
[2020.10.19-21.42.09:525][  0]LogConfig: Setting CVar [[r.SSS.HalfRes:0]]
[2020.10.19-21.42.09:525][  0]LogConfig: Setting CVar [[r.SSGI.Quality:3]]
[2020.10.19-21.42.09:526][  0]LogConfig: Setting CVar [[r.EmitterSpawnRateScale:1.0]]
[2020.10.19-21.42.09:526][  0]LogConfig: Setting CVar [[r.ParticleLightQuality:2]]
[2020.10.19-21.42.09:526][  0]LogConfig: Setting CVar [[r.SkyAtmosphere.AerialPerspectiveLUT.FastApplyOnOpaque:1 ; Always have FastSkyLUT 1 in this case to avoid wrong sky]]
[2020.10.19-21.42.09:526][  0]LogConfig: Setting CVar [[r.SkyAtmosphere.AerialPerspectiveLUT.SampleCountPerSlice:1]]
[2020.10.19-21.42.09:526][  0]LogConfig: Setting CVar [[r.SkyAtmosphere.AerialPerspectiveLUT.DepthResolution:16.0]]
[2020.10.19-21.42.09:526][  0]LogConfig: Setting CVar [[r.SkyAtmosphere.FastSkyLUT:1]]
[2020.10.19-21.42.09:526][  0]LogConfig: Setting CVar [[r.SkyAtmosphere.FastSkyLUT.SampleCountMin:4.0]]
[2020.10.19-21.42.09:526][  0]LogConfig: Setting CVar [[r.SkyAtmosphere.FastSkyLUT.SampleCountMax:32.0]]
[2020.10.19-21.42.09:526][  0]LogConfig: Setting CVar [[r.SkyAtmosphere.SampleCountMin:4.0]]
[2020.10.19-21.42.09:526][  0]LogConfig: Setting CVar [[r.SkyAtmosphere.SampleCountMax:32.0]]
[2020.10.19-21.42.09:526][  0]LogConfig: Setting CVar [[r.SkyAtmosphere.TransmittanceLUT.UseSmallFormat:0]]
[2020.10.19-21.42.09:526][  0]LogConfig: Setting CVar [[r.SkyAtmosphere.TransmittanceLUT.SampleCount:10.0]]
[2020.10.19-21.42.09:526][  0]LogConfig: Setting CVar [[r.SkyAtmosphere.MultiScatteringLUT.SampleCount:15.0]]
[2020.10.19-21.42.09:526][  0]LogConfig: Applying CVar settings from Section [FoliageQuality@3] File [D:/GitHub/BlindVR/Saved/Config/Windows/Scalability.ini]
[2020.10.19-21.42.09:526][  0]LogConfig: Setting CVar [[foliage.DensityScale:1.0]]
[2020.10.19-21.42.09:526][  0]LogConfig: Setting CVar [[grass.DensityScale:1.0]]
[2020.10.19-21.42.09:526][  0]LogConfig: Applying CVar settings from Section [ShadingQuality@3] File [D:/GitHub/BlindVR/Saved/Config/Windows/Scalability.ini]
[2020.10.19-21.42.09:526][  0]LogConfig: Setting CVar [[r.HairStrands.SkyLighting.SampleCount:16]]
[2020.10.19-21.42.09:526][  0]LogConfig: Setting CVar [[r.HairStrands.SkyLighting.JitterIntegration:0]]
[2020.10.19-21.42.09:527][  0]LogConfig: Setting CVar [[r.HairStrands.SkyAO.SampleCount:16]]
[2020.10.19-21.42.09:527][  0]LogConfig: Setting CVar [[r.HairStrands.DeepShadow.SuperSampling:0]]
[2020.10.19-21.42.09:527][  0]LogConfig: Setting CVar [[r.HairStrands.VisibilityPPLL:0]]
[2020.10.19-21.42.09:527][  0]LogConfig: Setting CVar [[r.HairStrands.RasterizationScale:0.5]]
[2020.10.19-21.42.09:527][  0]LogConfig: Setting CVar [[r.HairStrands.VelocityRasterizationScale:1]]
[2020.10.19-21.42.09:527][  0]LogInit: Selected Device Profile: [Windows]
[2020.10.19-21.42.09:527][  0]LogInit: Applying CVar settings loaded from the selected device profile: [Windows]
[2020.10.19-21.42.09:527][  0]LogHAL: Display: Platform has ~ 16 GB [17133453312 / 17179869184 / 16], which maps to Larger [LargestMinGB=32, LargerMinGB=12, DefaultMinGB=8, SmallerMinGB=6, SmallestMinGB=0)
[2020.10.19-21.42.09:527][  0]LogInit: Going up to parent DeviceProfile []
[2020.10.19-21.42.09:527][  0]LogConfig: Applying CVar settings from Section [ViewDistanceQuality@3] File [D:/GitHub/BlindVR/Saved/Config/Windows/Scalability.ini]
[2020.10.19-21.42.09:527][  0]LogConfig: Setting CVar [[r.SkeletalMeshLODBias:0]]
[2020.10.19-21.42.09:527][  0]LogConfig: Setting CVar [[r.ViewDistanceScale:1.0]]
[2020.10.19-21.42.09:527][  0]LogConfig: Applying CVar settings from Section [AntiAliasingQuality@3] File [D:/GitHub/BlindVR/Saved/Config/Windows/Scalability.ini]
[2020.10.19-21.42.09:527][  0]LogConfig: Setting CVar [[r.PostProcessAAQuality:3]]
[2020.10.19-21.42.09:527][  0]LogConfig: Applying CVar settings from Section [ShadowQuality@3] File [D:/GitHub/BlindVR/Saved/Config/Windows/Scalability.ini]
[2020.10.19-21.42.09:528][  0]LogConfig: Setting CVar [[r.LightFunctionQuality:1]]
[2020.10.19-21.42.09:528][  0]LogConfig: Setting CVar [[r.ShadowQuality:5]]
[2020.10.19-21.42.09:528][  0]LogConfig: Setting CVar [[r.Shadow.CSM.MaxCascades:10]]
[2020.10.19-21.42.09:528][  0]LogConfig: Setting CVar [[r.Shadow.MaxResolution:2048]]
[2020.10.19-21.42.09:528][  0]LogConfig: Setting CVar [[r.Shadow.MaxCSMResolution:2048]]
[2020.10.19-21.42.09:528][  0]LogConfig: Setting CVar [[r.Shadow.RadiusThreshold:0.01]]
[2020.10.19-21.42.09:528][  0]LogConfig: Setting CVar [[r.Shadow.DistanceScale:1.0]]
[2020.10.19-21.42.09:528][  0]LogConfig: Setting CVar [[r.Shadow.CSM.TransitionScale:1.0]]
[2020.10.19-21.42.09:528][  0]LogConfig: Setting CVar [[r.Shadow.PreShadowResolutionFactor:1.0]]
[2020.10.19-21.42.09:528][  0]LogConfig: Setting CVar [[r.DistanceFieldShadowing:1]]
[2020.10.19-21.42.09:528][  0]LogConfig: Setting CVar [[r.DistanceFieldAO:1]]
[2020.10.19-21.42.09:528][  0]LogConfig: Setting CVar [[r.AOQuality:2]]
[2020.10.19-21.42.09:528][  0]LogConfig: Setting CVar [[r.VolumetricFog:1]]
[2020.10.19-21.42.09:528][  0]LogConfig: Setting CVar [[r.VolumetricFog.GridPixelSize:8]]
[2020.10.19-21.42.09:528][  0]LogConfig: Setting CVar [[r.VolumetricFog.GridSizeZ:128]]
[2020.10.19-21.42.09:528][  0]LogConfig: Setting CVar [[r.VolumetricFog.HistoryMissSupersampleCount:4]]
[2020.10.19-21.42.09:529][  0]LogConfig: Setting CVar [[r.LightMaxDrawDistanceScale:1]]
[2020.10.19-21.42.09:529][  0]LogConfig: Setting CVar [[r.CapsuleShadows:1]]
[2020.10.19-21.42.09:529][  0]LogConfig: Applying CVar settings from Section [PostProcessQuality@3] File [D:/GitHub/BlindVR/Saved/Config/Windows/Scalability.ini]
[2020.10.19-21.42.09:529][  0]LogConfig: Setting CVar [[r.MotionBlurQuality:0]]
[2020.10.19-21.42.09:529][  0]LogConfig: Setting CVar [[r.AmbientOcclusionMipLevelFactor:0.4]]
[2020.10.19-21.42.09:529][  0]LogConfig: Setting CVar [[r.AmbientOcclusionMaxQuality:100]]
[2020.10.19-21.42.09:529][  0]LogConfig: Setting CVar [[r.AmbientOcclusionLevels:0]]
[2020.10.19-21.42.09:529][  0]LogConfig: Setting CVar [[r.AmbientOcclusionRadiusScale:1.0]]
[2020.10.19-21.42.09:529][  0]LogConfig: Setting CVar [[r.DepthOfFieldQuality:0]]
[2020.10.19-21.42.09:529][  0]LogConfig: Setting CVar [[r.RenderTargetPoolMin:400]]
[2020.10.19-21.42.09:529][  0]LogConfig: Setting CVar [[r.LensFlareQuality:0]]
[2020.10.19-21.42.09:529][  0]LogConfig: Setting CVar [[r.SceneColorFringeQuality:0]]
[2020.10.19-21.42.09:529][  0]LogConfig: Setting CVar [[r.EyeAdaptationQuality:2]]
[2020.10.19-21.42.09:529][  0]LogConfig: Setting CVar [[r.BloomQuality:1]]
[2020.10.19-21.42.09:529][  0]LogConfig: Setting CVar [[r.FastBlurThreshold:0]]
[2020.10.19-21.42.09:529][  0]LogConfig: Setting CVar [[r.Upscale.Quality:3]]
[2020.10.19-21.42.09:530][  0]LogConfig: Setting CVar [[r.Tonemapper.GrainQuantization:1]]
[2020.10.19-21.42.09:530][  0]LogConfig: Setting CVar [[r.LightShaftQuality:1]]
[2020.10.19-21.42.09:530][  0]LogConfig: Setting CVar [[r.Filter.SizeScale:1]]
[2020.10.19-21.42.09:530][  0]LogConfig: Setting CVar [[r.Tonemapper.Quality:5]]
[2020.10.19-21.42.09:530][  0]LogConfig: Setting CVar [[r.DOF.Gather.AccumulatorQuality:1        ; higher gathering accumulator quality]]
[2020.10.19-21.42.09:530][  0]LogConfig: Setting CVar [[r.DOF.Gather.PostfilterMethod:1          ; Median3x3 postfilering method]]
[2020.10.19-21.42.09:530][  0]LogConfig: Setting CVar [[r.DOF.Gather.EnableBokehSettings:0       ; no bokeh simulation when gathering]]
[2020.10.19-21.42.09:530][  0]LogConfig: Setting CVar [[r.DOF.Gather.RingCount:4                 ; medium number of samples when gathering]]
[2020.10.19-21.42.09:530][  0]LogConfig: Setting CVar [[r.DOF.Scatter.ForegroundCompositing:1    ; additive foreground scattering]]
[2020.10.19-21.42.09:530][  0]LogConfig: Setting CVar [[r.DOF.Scatter.BackgroundCompositing:2    ; additive background scattering]]
[2020.10.19-21.42.09:530][  0]LogConfig: Setting CVar [[r.DOF.Scatter.EnableBokehSettings:1      ; bokeh simulation when scattering]]
[2020.10.19-21.42.09:530][  0]LogConfig: Setting CVar [[r.DOF.Scatter.MaxSpriteRatio:0.1         ; only a maximum of 10% of scattered bokeh]]
[2020.10.19-21.42.09:530][  0]LogConfig: Setting CVar [[r.DOF.Recombine.Quality:1                ; cheap slight out of focus]]
[2020.10.19-21.42.09:530][  0]LogConfig: Setting CVar [[r.DOF.Recombine.EnableBokehSettings:0    ; no bokeh simulation on slight out of focus]]
[2020.10.19-21.42.09:530][  0]LogConfig: Setting CVar [[r.DOF.TemporalAAQuality:1                ; more stable temporal accumulation]]
[2020.10.19-21.42.09:530][  0]LogConfig: Setting CVar [[r.DOF.Kernel.MaxForegroundRadius:0.025]]
[2020.10.19-21.42.09:530][  0]LogConfig: Setting CVar [[r.DOF.Kernel.MaxBackgroundRadius:0.025]]
[2020.10.19-21.42.09:530][  0]LogConfig: Applying CVar settings from Section [TextureQuality@3] File [D:/GitHub/BlindVR/Saved/Config/Windows/Scalability.ini]
[2020.10.19-21.42.09:530][  0]LogConfig: Setting CVar [[r.Streaming.MipBias:0]]
[2020.10.19-21.42.09:531][  0]LogConfig: Setting CVar [[r.Streaming.AmortizeCPUToGPUCopy:0]]
[2020.10.19-21.42.09:531][  0]LogConfig: Setting CVar [[r.Streaming.MaxNumTexturesToStreamPerFrame:0]]
[2020.10.19-21.42.09:531][  0]LogConfig: Setting CVar [[r.Streaming.Boost:1]]
[2020.10.19-21.42.09:531][  0]LogConfig: Setting CVar [[r.MaxAnisotropy:8]]
[2020.10.19-21.42.09:531][  0]LogConfig: Setting CVar [[r.VT.MaxAnisotropy:8]]
[2020.10.19-21.42.09:531][  0]LogConfig: Setting CVar [[r.Streaming.LimitPoolSizeToVRAM:0]]
[2020.10.19-21.42.09:531][  0]LogConfig: Setting CVar [[r.Streaming.PoolSize:1000]]
[2020.10.19-21.42.09:531][  0]LogConfig: Setting CVar [[r.Streaming.MaxEffectiveScreenSize:0]]
[2020.10.19-21.42.09:531][  0]LogConfig: Applying CVar settings from Section [EffectsQuality@3] File [D:/GitHub/BlindVR/Saved/Config/Windows/Scalability.ini]
[2020.10.19-21.42.09:531][  0]LogConfig: Setting CVar [[r.TranslucencyLightingVolumeDim:4]]
[2020.10.19-21.42.09:531][  0]LogConfig: Setting CVar [[r.RefractionQuality:2]]
[2020.10.19-21.42.09:531][  0]LogConfig: Setting CVar [[r.SSR.Quality:0]]
[2020.10.19-21.42.09:531][  0]LogConfig: Setting CVar [[r.SSR.HalfResSceneColor:0]]
[2020.10.19-21.42.09:531][  0]LogConfig: Setting CVar [[r.SceneColorFormat:2]]
[2020.10.19-21.42.09:531][  0]LogConfig: Setting CVar [[r.DetailMode:2]]
[2020.10.19-21.42.09:531][  0]LogConfig: Setting CVar [[r.TranslucencyVolumeBlur:0]]
[2020.10.19-21.42.09:531][  0]LogConfig: Setting CVar [[r.MaterialQualityLevel:1 ; High quality]]
[2020.10.19-21.42.09:531][  0]LogConfig: Setting CVar [[r.SSS.Scale:1]]
[2020.10.19-21.42.09:531][  0]LogConfig: Setting CVar [[r.SSS.SampleSet:2]]
[2020.10.19-21.42.09:532][  0]LogConfig: Setting CVar [[r.SSS.Quality:1]]
[2020.10.19-21.42.09:532][  0]LogConfig: Setting CVar [[r.SSS.HalfRes:0]]
[2020.10.19-21.42.09:532][  0]LogConfig: Setting CVar [[r.SSGI.Quality:3]]
[2020.10.19-21.42.09:532][  0]LogConfig: Setting CVar [[r.EmitterSpawnRateScale:1.0]]
[2020.10.19-21.42.09:532][  0]LogConfig: Setting CVar [[r.ParticleLightQuality:2]]
[2020.10.19-21.42.09:532][  0]LogConfig: Setting CVar [[r.SkyAtmosphere.AerialPerspectiveLUT.FastApplyOnOpaque:1 ; Always have FastSkyLUT 1 in this case to avoid wrong sky]]
[2020.10.19-21.42.09:532][  0]LogConfig: Setting CVar [[r.SkyAtmosphere.AerialPerspectiveLUT.SampleCountPerSlice:1]]
[2020.10.19-21.42.09:532][  0]LogConfig: Setting CVar [[r.SkyAtmosphere.AerialPerspectiveLUT.DepthResolution:16.0]]
[2020.10.19-21.42.09:532][  0]LogConfig: Setting CVar [[r.SkyAtmosphere.FastSkyLUT:1]]
[2020.10.19-21.42.09:532][  0]LogConfig: Setting CVar [[r.SkyAtmosphere.FastSkyLUT.SampleCountMin:4.0]]
[2020.10.19-21.42.09:532][  0]LogConfig: Setting CVar [[r.SkyAtmosphere.FastSkyLUT.SampleCountMax:32.0]]
[2020.10.19-21.42.09:532][  0]LogConfig: Setting CVar [[r.SkyAtmosphere.SampleCountMin:4.0]]
[2020.10.19-21.42.09:532][  0]LogConfig: Setting CVar [[r.SkyAtmosphere.SampleCountMax:32.0]]
[2020.10.19-21.42.09:532][  0]LogConfig: Setting CVar [[r.SkyAtmosphere.TransmittanceLUT.UseSmallFormat:0]]
[2020.10.19-21.42.09:532][  0]LogConfig: Setting CVar [[r.SkyAtmosphere.TransmittanceLUT.SampleCount:10.0]]
[2020.10.19-21.42.09:532][  0]LogConfig: Setting CVar [[r.SkyAtmosphere.MultiScatteringLUT.SampleCount:15.0]]
[2020.10.19-21.42.09:532][  0]LogConfig: Applying CVar settings from Section [FoliageQuality@3] File [D:/GitHub/BlindVR/Saved/Config/Windows/Scalability.ini]
[2020.10.19-21.42.09:532][  0]LogConfig: Setting CVar [[foliage.DensityScale:1.0]]
[2020.10.19-21.42.09:532][  0]LogConfig: Setting CVar [[grass.DensityScale:1.0]]
[2020.10.19-21.42.09:533][  0]LogConfig: Applying CVar settings from Section [ShadingQuality@3] File [D:/GitHub/BlindVR/Saved/Config/Windows/Scalability.ini]
[2020.10.19-21.42.09:533][  0]LogConfig: Setting CVar [[r.HairStrands.SkyLighting.SampleCount:16]]
[2020.10.19-21.42.09:533][  0]LogConfig: Setting CVar [[r.HairStrands.SkyLighting.JitterIntegration:0]]
[2020.10.19-21.42.09:533][  0]LogConfig: Setting CVar [[r.HairStrands.SkyAO.SampleCount:16]]
[2020.10.19-21.42.09:533][  0]LogConfig: Setting CVar [[r.HairStrands.DeepShadow.SuperSampling:0]]
[2020.10.19-21.42.09:533][  0]LogConfig: Setting CVar [[r.HairStrands.VisibilityPPLL:0]]
[2020.10.19-21.42.09:533][  0]LogConfig: Setting CVar [[r.HairStrands.RasterizationScale:0.5]]
[2020.10.19-21.42.09:533][  0]LogConfig: Setting CVar [[r.HairStrands.VelocityRasterizationScale:1]]
[2020.10.19-21.42.09:533][  0]LogConfig: Applying CVar settings from Section [Startup] File [../../../Engine/Config/ConsoleVariables.ini]
[2020.10.19-21.42.09:533][  0]LogConfig: Setting CVar [[net.UseAdaptiveNetUpdateFrequency:0]]
[2020.10.19-21.42.09:533][  0]LogConfig: Setting CVar [[p.chaos.AllowCreatePhysxBodies:1]]
[2020.10.19-21.42.09:533][  0]LogConfig: Setting CVar [[fx.SkipVectorVMBackendOptimizations:1]]
[2020.10.19-21.42.09:533][  0]LogConfig: Applying CVar settings from Section [ConsoleVariables] File [D:/GitHub/BlindVR/Saved/Config/Windows/Engine.ini]
[2020.10.19-21.42.09:534][  0]LogInit: Computer: TAERYNSPC
[2020.10.19-21.42.09:534][  0]LogInit: User: taery
[2020.10.19-21.42.09:534][  0]LogInit: CPU Page size=4096, Cores=4
[2020.10.19-21.42.09:534][  0]LogInit: High frequency timer resolution =10.000000 MHz
[2020.10.19-21.42.09:534][  0]LogMemory: Memory total: Physical=16.0GB (16GB approx)
[2020.10.19-21.42.09:534][  0]LogMemory: Platform Memory Stats for Windows
[2020.10.19-21.42.09:534][  0]LogMemory: Process Physical Memory: 118.75 MB used, 118.75 MB peak
[2020.10.19-21.42.09:534][  0]LogMemory: Process Virtual Memory: 100.72 MB used, 100.72 MB peak
[2020.10.19-21.42.09:534][  0]LogMemory: Physical Memory: 11893.04 MB used,  4446.70 MB free, 16339.73 MB total
[2020.10.19-21.42.09:534][  0]LogMemory: Virtual Memory: 5184.75 MB used,  134212544.00 MB free, 134217728.00 MB total
[2020.10.19-21.42.09:550][  0]LogWindows: WindowsPlatformFeatures enabled
[2020.10.19-21.42.09:726][  0]LogInit: Physics initialised using underlying interface: PhysX
[2020.10.19-21.42.09:727][  0]LogInit: Using OS detected language (en-US).
[2020.10.19-21.42.09:727][  0]LogInit: Using OS detected locale (en-CA).
[2020.10.19-21.42.09:730][  0]LogTextLocalizationManager: No specific localization for 'en-US' exists, so the 'en' localization will be used.
[2020.10.19-21.42.09:916][  0]LogInit: Setting process to per monitor DPI aware
[2020.10.19-21.42.09:965][  0]LogSlate: New Slate User Created.  User Index 0, Is Virtual User: 0
[2020.10.19-21.42.09:965][  0]LogSlate: Slate User Registered.  User Index 0, Is Virtual User: 0
[2020.10.19-21.42.10:105][  0]LogD3D11RHI: D3D11 min allowed feature level: 11_0
[2020.10.19-21.42.10:108][  0]LogD3D11RHI: D3D11 max allowed feature level: 11_0
[2020.10.19-21.42.10:108][  0]LogD3D11RHI: D3D11 adapters:
[2020.10.19-21.42.10:172][  0]LogD3D11RHI:    0. 'AMD Radeon RX 5600 XT' (Feature Level 11_0)
[2020.10.19-21.42.10:172][  0]LogD3D11RHI:       6104/0/8169 MB DedicatedVideo/DedicatedSystem/SharedSystem, Outputs:2, VendorId:0x1002
[2020.10.19-21.42.10:179][  0]LogD3D11RHI:    1. 'Microsoft Basic Render Driver' (Feature Level 11_0)
[2020.10.19-21.42.10:180][  0]LogD3D11RHI:       0/0/8169 MB DedicatedVideo/DedicatedSystem/SharedSystem, Outputs:0, VendorId:0x1414
[2020.10.19-21.42.10:180][  0]LogD3D11RHI: Chosen D3D11 Adapter: 0
[2020.10.19-21.42.10:190][  0]LogD3D11RHI: Creating new Direct3DDevice
[2020.10.19-21.42.10:190][  0]LogD3D11RHI:     GPU DeviceId: 0x731f (for the marketing name, search the web for "GPU Device Id")
[2020.10.19-21.42.10:190][  0]LogWindows: EnumDisplayDevices:
[2020.10.19-21.42.10:190][  0]LogWindows:    0. 'AMD Radeon RX 5600 XT' (P:1 D:1)
[2020.10.19-21.42.10:191][  0]LogWindows:    1. 'AMD Radeon RX 5600 XT' (P:0 D:1)
[2020.10.19-21.42.10:192][  0]LogWindows:    2. 'AMD Radeon RX 5600 XT' (P:0 D:0)
[2020.10.19-21.42.10:193][  0]LogWindows:    3. 'AMD Radeon RX 5600 XT' (P:0 D:0)
[2020.10.19-21.42.10:193][  0]LogWindows:    4. 'AMD Radeon RX 5600 XT' (P:0 D:0)
[2020.10.19-21.42.10:194][  0]LogWindows:    5. 'AMD Radeon RX 5600 XT' (P:0 D:0)
[2020.10.19-21.42.10:194][  0]LogWindows:    6. 'AMD Radeon RX 5600 XT' (P:0 D:0)
[2020.10.19-21.42.10:195][  0]LogWindows:    7. 'AMD Radeon RX 5600 XT' (P:0 D:0)
[2020.10.19-21.42.10:195][  0]LogWindows: DebugString: FoundDriverCount:8 
[2020.10.19-21.42.10:195][  0]LogD3D11RHI:     Adapter Name: AMD Radeon RX 5600 XT
[2020.10.19-21.42.10:195][  0]LogD3D11RHI:   Driver Version: Adrenalin 2020 20.9.1 (internal:27.20.12029.1000, unified:27.20.12029.1000)
[2020.10.19-21.42.10:195][  0]LogD3D11RHI:      Driver Date: 9-9-2020
[2020.10.19-21.42.10:196][  0]LogRHI: Texture pool is 3632 MB (70% of 5188 MB)
[2020.10.19-21.42.10:280][  0]LogD3D11RHI: RHI has support for 64 bit atomics
[2020.10.19-21.42.10:280][  0]LogD3D11RHI: Async texture creation enabled
[2020.10.19-21.42.10:280][  0]LogD3D11RHI: Array index from any shader is supported
[2020.10.19-21.42.10:293][  0]LogD3D11RHI: GPU Timing Frequency: 100.000000 (Debug: 2 1)
[2020.10.19-21.42.10:610][  0]LogTargetPlatformManager: Display: Loaded TargetPlatform 'AllDesktop'
[2020.10.19-21.42.10:641][  0]LogTargetPlatformManager: Display: Loaded TargetPlatform 'Android'
[2020.10.19-21.42.10:641][  0]LogTargetPlatformManager: Display: Loaded TargetPlatform 'Android_ASTC'
[2020.10.19-21.42.10:641][  0]LogTargetPlatformManager: Display: Loaded TargetPlatform 'Android_DXT'
[2020.10.19-21.42.10:641][  0]LogTargetPlatformManager: Display: Loaded TargetPlatform 'Android_ETC2'
[2020.10.19-21.42.10:641][  0]LogTargetPlatformManager: Display: Loaded TargetPlatform 'AndroidClient'
[2020.10.19-21.42.10:642][  0]LogTargetPlatformManager: Display: Loaded TargetPlatform 'Android_ASTCClient'
[2020.10.19-21.42.10:642][  0]LogTargetPlatformManager: Display: Loaded TargetPlatform 'Android_DXTClient'
[2020.10.19-21.42.10:642][  0]LogTargetPlatformManager: Display: Loaded TargetPlatform 'Android_ETC2Client'
[2020.10.19-21.42.10:642][  0]LogTargetPlatformManager: Display: Loaded TargetPlatform 'Android_Multi'
[2020.10.19-21.42.10:642][  0]LogTargetPlatformManager: Display: Loaded TargetPlatform 'Android_MultiClient'
[2020.10.19-21.42.10:685][  0]LogTargetPlatformManager: Display: Loaded TargetPlatform 'IOSClient'
[2020.10.19-21.42.10:685][  0]LogTargetPlatformManager: Display: Loaded TargetPlatform 'IOS'
[2020.10.19-21.42.10:702][  0]LogTargetPlatformManager: Display: Loaded TargetPlatform 'Linux'
[2020.10.19-21.42.10:717][  0]LogTargetPlatformManager: Display: Loaded TargetPlatform 'LinuxNoEditor'
[2020.10.19-21.42.10:736][  0]LogTargetPlatformManager: Display: Loaded TargetPlatform 'LinuxClient'
[2020.10.19-21.42.10:754][  0]LogTargetPlatformManager: Display: Loaded TargetPlatform 'LinuxServer'
[2020.10.19-21.42.10:769][  0]LogTargetPlatformManager: Display: Loaded TargetPlatform 'LinuxAArch64NoEditor'
[2020.10.19-21.42.10:785][  0]LogTargetPlatformManager: Display: Loaded TargetPlatform 'LinuxAArch64Client'
[2020.10.19-21.42.10:801][  0]LogTargetPlatformManager: Display: Loaded TargetPlatform 'LinuxAArch64Server'
[2020.10.19-21.42.10:834][  0]LogTargetPlatformManager: Display: Loaded TargetPlatform 'Lumin'
[2020.10.19-21.42.10:834][  0]LogTargetPlatformManager: Display: Loaded TargetPlatform 'LuminClient'
[2020.10.19-21.42.10:856][  0]LogTargetPlatformManager: Display: Loaded TargetPlatform 'TVOSClient'
[2020.10.19-21.42.10:856][  0]LogTargetPlatformManager: Display: Loaded TargetPlatform 'TVOS'
[2020.10.19-21.42.10:873][  0]LogTargetPlatformManager: Display: Loaded TargetPlatform 'WindowsNoEditor'
[2020.10.19-21.42.10:890][  0]LogTargetPlatformManager: Display: Loaded TargetPlatform 'Windows'
[2020.10.19-21.42.10:905][  0]LogTargetPlatformManager: Display: Loaded TargetPlatform 'WindowsClient'
[2020.10.19-21.42.10:923][  0]LogTargetPlatformManager: Display: Loaded TargetPlatform 'WindowsServer'
[2020.10.19-21.42.10:924][  0]LogTargetPlatformManager: Display: Building Assets For Windows
[2020.10.19-21.42.10:954][  0]LogAudioDebug: Display: Lib vorbis DLL was dynamically loaded.
[2020.10.19-21.42.11:186][  0]LogShaderCompilers: Guid format shader working directory is 17 characters bigger than the processId version (../../../../../GitHub/BlindVR/Intermediate/Shaders/WorkingDirectory/5104/).
[2020.10.19-21.42.11:186][  0]LogShaderCompilers: Cleaned the shader compiler working directory 'C:/Users/taery/AppData/Local/Temp/UnrealShaderWorkingDir/561E131A497E3F5E6202DB830BFBE2E6/'.
[2020.10.19-21.42.11:186][  0]LogXGEController: Cleaning working directory: C:/Users/taery/AppData/Local/Temp/UnrealXGEWorkingDir/
[2020.10.19-21.42.11:187][  0]LogXGEController: Cannot use XGE Controller as Incredibuild is not installed on this machine.
[2020.10.19-21.42.11:187][  0]LogShaderCompilers: Cannot use XGE Shader Compiler as Incredibuild is not installed on this machine.
[2020.10.19-21.42.11:187][  0]LogShaderCompilers: Display: Using Local Shader Compiler.
[2020.10.19-21.42.11:995][  0]LogDerivedDataCache: Display: Max Cache Size: 512 MB
[2020.10.19-21.42.12:056][  0]LogDerivedDataCache: Loaded boot cache 0.06s 79MB C:/Users/taery/AppData/Local/UnrealEngine/4.25/DerivedDataCache/Boot.ddc.
[2020.10.19-21.42.12:056][  0]LogDerivedDataCache: Display: Loaded Boot cache: C:/Users/taery/AppData/Local/UnrealEngine/4.25/DerivedDataCache/Boot.ddc
[2020.10.19-21.42.12:056][  0]LogDerivedDataCache: FDerivedDataBackendGraph:  Pak pak cache file ../../../../../GitHub/BlindVR/DerivedDataCache/DDC.ddp not found, will not use a pak cache.
[2020.10.19-21.42.12:056][  0]LogDerivedDataCache: Unable to find inner node Pak for hierarchical cache Hierarchy.
[2020.10.19-21.42.12:056][  0]LogDerivedDataCache: FDerivedDataBackendGraph:  CompressedPak pak cache file ../../../../../GitHub/BlindVR/DerivedDataCache/Compressed.ddp not found, will not use a pak cache.
[2020.10.19-21.42.12:056][  0]LogDerivedDataCache: Unable to find inner node CompressedPak for hierarchical cache Hierarchy.
[2020.10.19-21.42.12:068][  0]LogDerivedDataCache: Display: Pak cache opened for reading ../../../Engine/DerivedDataCache/Compressed.ddp.
[2020.10.19-21.42.12:068][  0]LogDerivedDataCache: FDerivedDataBackendGraph:  EnterprisePak pak cache file ../../../Enterprise/DerivedDataCache/Compressed.ddp not found, will not use a pak cache.
[2020.10.19-21.42.12:068][  0]LogDerivedDataCache: Unable to find inner node EnterprisePak for hierarchical cache Hierarchy.
[2020.10.19-21.42.12:069][  0]LogDerivedDataCache: Using Local data cache path C:/Users/taery/AppData/Local/UnrealEngine/Common/DerivedDataCache: Writable
[2020.10.19-21.42.12:070][  0]LogDerivedDataCache: Shared data cache path not found in *engine.ini, will not use an Shared cache.
[2020.10.19-21.42.12:070][  0]LogDerivedDataCache: Unable to find inner node Shared for hierarchical cache Hierarchy.
[2020.10.19-21.42.12:119][  0]LogSlate: Using FreeType 2.10.0
[2020.10.19-21.42.12:120][  0]LogSlate: SlateFontServices - WITH_FREETYPE: 1, WITH_HARFBUZZ: 1
[2020.10.19-21.42.12:153][  0]LogAssetRegistry: FAssetRegistry took 0.0043 seconds to start up
[2020.10.19-21.42.12:378][  0]LogInit: Selected Device Profile: [Windows]
[2020.10.19-21.42.12:602][  0]LogMeshReduction: Using QuadricMeshReduction for automatic static mesh reduction
[2020.10.19-21.42.12:603][  0]LogMeshReduction: Using SimplygonMeshReduction for automatic skeletal mesh reduction
[2020.10.19-21.42.12:603][  0]LogMeshReduction: Using ProxyLODMeshReduction for automatic mesh merging
[2020.10.19-21.42.12:603][  0]LogMeshReduction: No distributed automatic mesh merging module available
[2020.10.19-21.42.12:603][  0]LogMeshMerging: No distributed automatic mesh merging module available
[2020.10.19-21.42.12:631][  0]LogNetVersion: BlindVR 1.0.0, NetCL: 13144385, EngineNetVer: 14, GameNetVer: 0 (Checksum: 2461011197)
[2020.10.19-21.42.13:137][  0]LogAISub: UAISubsystem::UAISubsystem AISubsystem (0000022DC1162AC0), frame # 0
[2020.10.19-21.42.13:137][  0]LogAISub: UAISubsystem::UAISubsystem AIPerceptionSystem (0000022DC10E3C40), frame # 0
[2020.10.19-21.42.13:138][  0]LogAISub: UAISubsystem::UAISubsystem EnvQueryManager (0000022DC1145E00), frame # 0
[2020.10.19-21.42.13:190][  0]LogPackageLocalizationCache: Processed 19 localized package path(s) for 1 prioritized culture(s) in 0.046099 seconds
[2020.10.19-21.42.13:197][  0]LogUObjectArray: 15917 objects as part of root set at end of initial load.
[2020.10.19-21.42.13:197][  0]LogUObjectAllocator: 3965568 out of 0 bytes used by permanent object pool.
[2020.10.19-21.42.13:197][  0]LogUObjectArray: CloseDisregardForGC: 0/0 objects in disregard for GC pool
[2020.10.19-21.42.14:148][  0]LogTcpMessaging: Initializing TcpMessaging bridge
[2020.10.19-21.42.14:159][  0]LogUdpMessaging: Initializing bridge on interface 0.0.0.0:0 to multicast group 230.0.0.1:6666.
[2020.10.19-21.42.14:448][  0]SourceControl: Source control is disabled
[2020.10.19-21.42.14:448][  0]SourceControl: Source control is disabled
[2020.10.19-21.42.14:470][  0]SourceControl: Source control is disabled
[2020.10.19-21.42.14:482][  0]SourceControl: Source control is disabled
[2020.10.19-21.42.14:504][  0]SourceControl: Source control is disabled
[2020.10.19-21.42.15:278][  0]LogAndroidPermission: UAndroidPermissionCallbackProxy::GetInstance
[2020.10.19-21.42.15:348][  0]LogAudioCaptureCore: Display: No Audio Capture implementations found. Audio input will be silent.
[2020.10.19-21.42.15:348][  0]LogAudioCaptureCore: Display: No Audio Capture implementations found. Audio input will be silent.
[2020.10.19-21.42.15:459][  0]LogOcInput: OculusInput pre-init called
[2020.10.19-21.42.15:750][  0]LogEngine: Initializing Engine...
[2020.10.19-21.42.15:751][  0]LogHMD: Oculus plugin initialized. Version: 4.25.3-13942748+++UE4+Release-4.25, OVRPlugin: 1.44.0
[2020.10.19-21.42.15:752][  0]LogStats: UGameplayTagsManager::InitializeManager -  0.000 s
[2020.10.19-21.42.15:866][  0]LogInit: Initializing FReadOnlyCVARCache
[2020.10.19-21.42.15:884][  0]LogAIModule: Creating AISystem for world Untitled
[2020.10.19-21.42.15:884][  0]LogAISub: UAISubsystem::UAISubsystem EnvQueryManager (0000022DC614E000), frame # 0
[2020.10.19-21.42.15:884][  0]LogAISub: UAISubsystem::UAISubsystem AIPerceptionSystem (0000022DC6123B00), frame # 0
[2020.10.19-21.42.15:908][  0]LogAudioMixer: Display: Audio Mixer Platform Settings:
[2020.10.19-21.42.15:909][  0]LogAudioMixer: Display: 	Sample Rate:						  48000
[2020.10.19-21.42.15:909][  0]LogAudioMixer: Display: 	Callback Buffer Frame Size Requested: 1024
[2020.10.19-21.42.15:909][  0]LogAudioMixer: Display: 	Callback Buffer Frame Size To Use:	  1024
[2020.10.19-21.42.15:909][  0]LogAudioMixer: Display: 	Number of buffers to queue:			  2
[2020.10.19-21.42.15:909][  0]LogAudioMixer: Display: 	Max Channels (voices):				  32
[2020.10.19-21.42.15:909][  0]LogAudioMixer: Display: 	Number of Async Source Workers:		  0
[2020.10.19-21.42.15:909][  0]LogAudio: Display: AudioDevice MaxSources: 32
[2020.10.19-21.42.15:910][  0]LogAudio: Display: Using built-in audio occlusion.
[2020.10.19-21.42.15:910][  0]LogAudioMixer: Display: Initializing audio mixer.
[2020.10.19-21.42.15:930][  0]LogAudioMixer: Display: 0: FrontLeft
[2020.10.19-21.42.15:930][  0]LogAudioMixer: Display: 1: FrontRight
[2020.10.19-21.42.16:001][  0]LogAudioMixer: Display: Using Audio Device Headphones (Realtek High Definition Audio)
[2020.10.19-21.42.16:004][  0]LogAudioMixer: Display: Initializing Sound Submixes...
[2020.10.19-21.42.16:006][  0]LogAudioMixer: Display: Creating Master Submix 'MasterSubmixDefault'
[2020.10.19-21.42.16:006][  0]LogAudioMixer: Display: Creating Master Submix 'MasterReverbSubmixDefault'
[2020.10.19-21.42.16:006][  0]LogAudioMixer: Display: Creating Master Submix 'MasterEQSubmixDefault'
[2020.10.19-21.42.16:009][  0]LogInit: FAudioDevice initialized.
[2020.10.19-21.42.16:009][  0]LogNetVersion: Set ProjectVersion to 1.0.0.0. Version Checksum will be recalculated on next use.
[2020.10.19-21.42.16:113][  0]LogDerivedDataCache: Saved boot cache 0.10s 79MB C:/Users/taery/AppData/Local/UnrealEngine/4.25/DerivedDataCache/Boot.ddc.
[2020.10.19-21.42.16:120][  0]LogInit: Texture streaming: Enabled
[2020.10.19-21.42.16:162][  0]LogEngineSessionManager: EngineSessionManager initialized
[2020.10.19-21.42.16:162][  0]LogEngineSessionManager: EngineSessionManager sent abnormal shutdown report. Type=Debugger, SessionId={2FF297E5-40FC-F4A0-1587-21A10D9F6997}
[2020.10.19-21.42.16:162][  0]LogEngineSessionManager: EngineSessionManager sent abnormal shutdown report. Type=Debugger, SessionId={7CAC5296-4C30-8020-E8B3-ADB49468C832}
[2020.10.19-21.42.16:162][  0]LogEditorSessionSummary: Verbose: Initializing EditorSessionSummaryWriter for editor session tracking
[2020.10.19-21.42.16:166][  0]LogEditorSessionSummary: EditorSessionSummaryWriter initialized
[2020.10.19-21.42.16:229][  0]LogInit: Transaction tracking system initialized
[2020.10.19-21.42.16:293][  0]BlueprintLog: New page: Editor Load
[2020.10.19-21.42.16:516][  0]LocalizationService: Localization service is disabled
[2020.10.19-21.42.16:815][  0]LogCook: Display: Max memory allowance for cook 16384mb min free memory 0mb
[2020.10.19-21.42.16:815][  0]LogCook: Display: Mobile HDR setting 1
[2020.10.19-21.42.17:164][  0]LogFileCache: Scanning file cache for directory 'D:/GitHub/BlindVR/Content/' took 0.01s
[2020.10.19-21.42.17:414][  0]SourceControl: Source control is disabled
[2020.10.19-21.42.17:414][  0]LogUnrealEdMisc: Loading editor; pre map load, took 9.841
[2020.10.19-21.42.17:414][  0]Cmd: MAP LOAD FILE="../../../../../GitHub/BlindVR/Content/ThirdPersonBP/Maps/AITest.umap" TEMPLATE=0 SHOWPROGRESS=1 FEATURELEVEL=3
[2020.10.19-21.42.17:415][  0]LightingResults: New page: Lighting Build
[2020.10.19-21.42.17:415][  0]LogWorld: UWorld::CleanupWorld for Untitled, bSessionEnded=true, bCleanupResources=true
[2020.10.19-21.42.17:415][  0]LogSlate: InvalidateAllWidgets triggered.  All widgets were invalidated
[2020.10.19-21.42.17:416][  0]MapCheck: New page: Map Check
[2020.10.19-21.42.17:416][  0]LightingResults: New page: Lighting Build
[2020.10.19-21.42.17:424][  0]LogAISub: UAISubsystem::~UAISubsystem EnvQueryManager (0000022DC614E000), frame # 0
[2020.10.19-21.42.17:424][  0]LogAISub: UAISubsystem::~UAISubsystem AIPerceptionSystem (0000022DC6123B00), frame # 0
[2020.10.19-21.42.17:425][  0]LogUObjectHash: Compacting FUObjectHashTables data took   0.86ms
[2020.10.19-21.42.17:617][  0]LogAIModule: Creating AISystem for world AITest
[2020.10.19-21.42.17:618][  0]LogAISub: UAISubsystem::UAISubsystem EnvQueryManager (0000022DC73C9C00), frame # 0
[2020.10.19-21.42.17:618][  0]LogAISub: UAISubsystem::UAISubsystem AIPerceptionSystem (0000022DC73DE840), frame # 0
[2020.10.19-21.42.17:631][  0]LogEditorServer: Finished looking for orphan Actors (0.000 secs)
[2020.10.19-21.42.17:649][  0]LogUObjectHash: Compacting FUObjectHashTables data took   0.71ms
[2020.10.19-21.42.17:649][  0]Cmd: MAP CHECKDEP NOCLEARLOG
[2020.10.19-21.42.17:649][  0]MapCheck: Map check complete: 0 Error(s), 0 Warning(s), took 0.098ms to complete.
[2020.10.19-21.42.17:649][  0]LogFileHelpers: Loading map 'AITest' took 0.236
[2020.10.19-21.42.17:651][  0]LogUnrealEdMisc: Total Editor Startup Time, took 10.078
[2020.10.19-21.42.17:805][  0]LogSlate: Updating window title bar state: overlay mode, drag disabled, window buttons hidden, title bar hidden
[2020.10.19-21.42.17:813][  0]LogSlate: Updating window title bar state: overlay mode, drag disabled, window buttons hidden, title bar hidden
[2020.10.19-21.42.17:819][  0]LogSlate: Updating window title bar state: overlay mode, drag disabled, window buttons hidden, title bar hidden
[2020.10.19-21.42.17:826][  0]LogSlate: Updating window title bar state: overlay mode, drag disabled, window buttons hidden, title bar hidden
[2020.10.19-21.42.17:837][  0]LogCollectionManager: Loaded 0 collections in 0.000850 seconds
[2020.10.19-21.42.17:853][  0]LogFileCache: Scanning file cache for directory 'D:/GitHub/BlindVR/Saved/Collections/' took 0.00s
[2020.10.19-21.42.17:853][  0]LogFileCache: Scanning file cache for directory 'D:/GitHub/BlindVR/Content/Developers/taery/Collections/' took 0.00s
[2020.10.19-21.42.17:853][  0]LogFileCache: Scanning file cache for directory 'D:/GitHub/BlindVR/Content/Collections/' took 0.00s
[2020.10.19-21.42.17:853][  0]LogContentBrowser: Native class hierarchy populated in 0.0080 seconds. Added 3431 classes and 826 folders.
[2020.10.19-21.42.17:857][  0]LogContentBrowser: Native class hierarchy updated for 'WidgetCarousel' in 0.0003 seconds. Added 0 classes and 0 folders.
[2020.10.19-21.42.17:892][  0]LogContentBrowser: Native class hierarchy updated for 'AddContentDialog' in 0.0003 seconds. Added 0 classes and 0 folders.
[2020.10.19-21.42.17:893][  0]LogContentBrowser: Native class hierarchy updated for 'SceneOutliner' in 0.0003 seconds. Added 2 classes and 0 folders.
[2020.10.19-21.42.17:940][  0]LogSlate: Took 0.000249 seconds to synchronously load lazily loaded font '../../../Engine/Content/Slate/Fonts/Roboto-Regular.ttf' (155K)
[2020.10.19-21.42.17:941][  0]LogSlate: Took 0.000166 seconds to synchronously load lazily loaded font '../../../Engine/Content/Slate/Fonts/Roboto-Bold.ttf' (160K)
[2020.10.19-21.42.17:945][  0]LogSlate: Took 0.000139 seconds to synchronously load lazily loaded font '../../../Engine/Content/Editor/Slate/Fonts/FontAwesome.ttf' (139K)
[2020.10.19-21.42.18:013][  0]LogRenderer: Reallocating scene render targets to support 1208x572 Format 26 NumSamples 1 (Frame:1).
[2020.10.19-21.42.18:168][  0]LogContentBrowser: Native class hierarchy updated for 'HierarchicalLODOutliner' in 0.0003 seconds. Added 0 classes and 0 folders.
[2020.10.19-21.42.18:168][  0]LogLoad: (Engine Initialization) Total time: 10.60 seconds
[2020.10.19-21.42.18:168][  0]LogLoad: (Engine Initialization) Total Blueprint compile time: 0.00 seconds
[2020.10.19-21.42.18:184][  0]LogOcInput: OculusInput is initialized
[2020.10.19-21.42.18:212][  0]LogAssetRegistry: Asset discovery search completed in 6.0614 seconds
[2020.10.19-21.42.18:216][  0]LogCollectionManager: Fixed up redirectors for 0 collections in 0.000002 seconds (updated 0 objects)
[2020.10.19-21.42.18:217][  0]LogContentStreaming: Texture pool size now 1000 MB
[2020.10.19-21.42.18:247][  0]LogSlate: Took 0.000134 seconds to synchronously load lazily loaded font '../../../Engine/Content/Slate/Fonts/Roboto-Light.ttf' (167K)
[2020.10.19-21.42.41:660][677]LogEditorViewport: Clicking on Actor (LMB): NPC_CPP_C (NPC_CPP)
[2020.10.19-21.43.03:072][835]LogSlate: Took 0.000231 seconds to synchronously load lazily loaded font '../../../Engine/Content/Slate/Fonts/Roboto-Italic.ttf' (157K)
[2020.10.19-21.45.21:271][760]LogUObjectHash: Compacting FUObjectHashTables data took   0.89ms
[2020.10.19-21.45.21:511][760]LogSlate: Took 0.000144 seconds to synchronously load lazily loaded font '../../../Engine/Content/Slate/Fonts/Roboto-Light.ttf' (167K)
[2020.10.19-21.45.21:533][760]Cmd: OBJ SAVEPACKAGE PACKAGE="/Game/ThirdPersonBP/Maps/AITest" FILE="../../../../../GitHub/BlindVR/Content/ThirdPersonBP/Maps/AITest.umap" SILENT=true AUTOSAVING=false KEEPDIRTY=false
[2020.10.19-21.45.21:579][760]LogUObjectHash: Compacting FUObjectHashTables data took   0.24ms
[2020.10.19-21.45.21:655][760]LogSavePackage: Moving '../../../../../GitHub/BlindVR/Saved/AITest8A12FF654A255D59604160A29A899C75.tmp' to '../../../../../GitHub/BlindVR/Content/ThirdPersonBP/Maps/AITest.umap'
[2020.10.19-21.45.21:777][760]LogFileHelpers: Saving map 'AITest' took 0.244
[2020.10.19-21.45.21:778][760]Cmd: OBJ SAVEPACKAGE PACKAGE="/Game/ThirdPersonBP/Maps/AITest_BuiltData" FILE="../../../../../GitHub/BlindVR/Content/ThirdPersonBP/Maps/AITest_BuiltData.uasset" SILENT=true
[2020.10.19-21.45.22:073][760]LogSavePackage: Moving '../../../../../GitHub/BlindVR/Saved/AITest_BuiltData45024C7944AD6E66D1B7A0B63735F97A.tmp' to '../../../../../GitHub/BlindVR/Content/ThirdPersonBP/Maps/AITest_BuiltData.uasset'
[2020.10.19-21.45.22:075][760]Cmd: OBJ SAVEPACKAGE PACKAGE="/Game/ThirdPersonBP/Maps/AITest_BuiltData" FILE="../../../../../GitHub/BlindVR/Content/ThirdPersonBP/Maps/AITest_BuiltData.uasset" SILENT=true
[2020.10.19-21.45.22:169][760]LogSavePackage: Moving '../../../../../GitHub/BlindVR/Saved/AITest_BuiltData0793C4DA404CD58EE10107AF72244A6A.tmp' to '../../../../../GitHub/BlindVR/Content/ThirdPersonBP/Maps/AITest_BuiltData.uasset'
[2020.10.19-21.45.22:203][760]AssetCheck: New page: Asset Save: multiple assets
[2020.10.19-21.45.22:203][760]LogContentValidation: Display: Validating World /Game/ThirdPersonBP/Maps/AITest.AITest
[2020.10.19-21.45.22:203][760]LogContentValidation: Display: Validating MapBuildDataRegistry /Game/ThirdPersonBP/Maps/AITest_BuiltData.AITest_BuiltData
[2020.10.19-21.45.22:721][820]LogUObjectHash: Compacting FUObjectHashTables data took   0.29ms
[2020.10.19-21.45.22:818][820]LogSlate: Window 'BlindVR - Unreal Editor' being destroyed
[2020.10.19-21.45.22:820][820]LogWindowsTextInputMethodSystem: Display: IME system now deactivated.
[2020.10.19-21.45.23:135][821]Cmd: QUIT_EDITOR
[2020.10.19-21.45.23:135][821]LogCore: Engine exit requested (reason: UUnrealEdEngine::CloseEditor())
[2020.10.19-21.45.23:374][821]LogCore: Engine exit requested (reason: EngineExit() was called; note: exit was already requested)
[2020.10.19-21.45.24:344][821]LogExit: Preparing to exit.
