Log file open, 10/18/20 15:46:27
LogInit: Display: Running engine for game: BlindVR
LogPlatformFile: Not using cached read wrapper
LogTaskGraph: Started task graph with 5 named threads and 23 total threads with 3 sets of task threads.
LogStats: Stats thread started at 2.145403
LogD3D11RHI: Loaded GFSDK_Aftermath_Lib.x64.dll
LogICUInternationalization: ICU TimeZone Detection - Raw Offset: -5:00, Platform Override: ''
LogPluginManager: Mounting plugin Paper2D
LogPluginManager: Mounting plugin AISupport
LogPluginManager: Mounting plugin LightPropagationVolume
LogPluginManager: Mounting plugin CameraShakePreviewer
LogPluginManager: Mounting plugin ActorLayerUtilities
LogPluginManager: Mounting plugin AnimationSharing
LogPluginManager: Mounting plugin CLionSourceCodeAccess
LogPluginManager: Mounting plugin CodeLiteSourceCodeAccess
LogPluginManager: Mounting plugin GitSourceControl
LogPluginManager: Mounting plugin KDevelopSourceCodeAccess
LogPluginManager: Mounting plugin NullSourceCodeAccess
LogPluginManager: Mounting plugin PerforceSourceControl
LogPluginManager: Mounting plugin PlasticSourceControl
LogPluginManager: Mounting plugin RiderSourceCodeAccess
LogPluginManager: Mounting plugin SubversionSourceControl
LogPluginManager: Mounting plugin UObjectPlugin
LogPluginManager: Mounting plugin VisualStudioCodeSourceCodeAccess
LogPluginManager: Mounting plugin VisualStudioSourceCodeAccess
LogPluginManager: Mounting plugin XCodeSourceCodeAccess
LogPluginManager: Mounting plugin AssetManagerEditor
LogPluginManager: Mounting plugin CryptoKeys
LogPluginManager: Mounting plugin CurveEditorTools
LogPluginManager: Mounting plugin DataValidation
LogPluginManager: Mounting plugin EditorScriptingUtilities
LogPluginManager: Mounting plugin FacialAnimation
LogPluginManager: Mounting plugin GameplayTagsEditor
LogPluginManager: Mounting plugin GeometryMode
LogPluginManager: Mounting plugin MacGraphicsSwitching
LogPluginManager: Mounting plugin MaterialAnalyzer
LogPluginManager: Mounting plugin MobileLauncherProfileWizard
LogPluginManager: Mounting plugin PluginBrowser
LogPluginManager: Mounting plugin SpeedTreeImporter
LogPluginManager: Mounting plugin DatasmithContent
LogPluginManager: Mounting plugin VariantManagerContent
LogPluginManager: Mounting plugin AlembicImporter
LogPluginManager: Mounting plugin AutomationUtils
LogPluginManager: Mounting plugin BackChannel
LogPluginManager: Mounting plugin ChaosCloth
LogPluginManager: Mounting plugin ChaosClothEditor
LogPluginManager: Mounting plugin ChaosEditor
LogPluginManager: Mounting plugin ChaosNiagara
LogPluginManager: Mounting plugin ChaosSolverPlugin
LogPluginManager: Mounting plugin CharacterAI
LogPluginManager: Mounting plugin GeometryCache
LogPluginManager: Mounting plugin GeometryCollectionPlugin
LogPluginManager: Mounting plugin GeometryProcessing
LogPluginManager: Mounting plugin PlanarCut
LogPluginManager: Mounting plugin PlatformCrypto
LogPluginManager: Mounting plugin ProxyLODPlugin
LogPluginManager: Mounting plugin SkeletalReduction
LogPluginManager: Mounting plugin Niagara
LogPluginManager: Mounting plugin MagicLeap
LogPluginManager: Mounting plugin MagicLeapLightEstimation
LogPluginManager: Mounting plugin MagicLeapMedia
LogPluginManager: Mounting plugin MagicLeapPassableWorld
LogPluginManager: Mounting plugin MLSDK
LogPluginManager: Mounting plugin ElectronicNodes
LogPluginManager: Mounting plugin AndroidMedia
LogPluginManager: Mounting plugin AvfMedia
LogPluginManager: Mounting plugin ImgMedia
LogPluginManager: Mounting plugin MediaCompositing
LogPluginManager: Mounting plugin MediaPlayerEditor
LogPluginManager: Mounting plugin WebMMedia
LogPluginManager: Mounting plugin WmfMedia
LogPluginManager: Mounting plugin MeshPainting
LogPluginManager: Mounting plugin TcpMessaging
LogPluginManager: Mounting plugin UdpMessaging
LogPluginManager: Mounting plugin ActorSequence
LogPluginManager: Mounting plugin LevelSequenceEditor
LogPluginManager: Mounting plugin MatineeToLevelSequence
LogPluginManager: Mounting plugin MovieRenderPipeline
LogPluginManager: Mounting plugin TemplateSequence
LogPluginManager: Mounting plugin NetcodeUnitTest
LogPluginManager: Mounting plugin NUTUnrealEngine4
LogPluginManager: Mounting plugin OnlineSubsystemGooglePlay
LogPluginManager: Mounting plugin OnlineSubsystemIOS
LogPluginManager: Mounting plugin OnlineSubsystem
LogPluginManager: Mounting plugin OnlineSubsystemNull
LogPluginManager: Mounting plugin OnlineSubsystemUtils
LogPluginManager: Mounting plugin LauncherChunkInstaller
LogPluginManager: Mounting plugin AndroidDeviceProfileSelector
LogPluginManager: Mounting plugin AndroidMoviePlayer
LogPluginManager: Mounting plugin AndroidPermission
LogPluginManager: Mounting plugin AppleImageUtils
LogPluginManager: Mounting plugin AppleMoviePlayer
LogPluginManager: Mounting plugin ArchVisCharacter
LogPluginManager: Mounting plugin AssetTags
LogPluginManager: Mounting plugin AudioCapture
LogPluginManager: Mounting plugin CableComponent
LogPluginManager: Mounting plugin CustomMeshComponent
LogPluginManager: Mounting plugin EditableMesh
LogPluginManager: Mounting plugin ExampleDeviceProfileSelector
LogPluginManager: Mounting plugin GoogleCloudMessaging
LogPluginManager: Mounting plugin GooglePAD
LogPluginManager: Mounting plugin IOSDeviceProfileSelector
LogPluginManager: Mounting plugin LinuxDeviceProfileSelector
LogPluginManager: Mounting plugin LocationServicesBPLibrary
LogPluginManager: Mounting plugin MobilePatchingUtils
LogPluginManager: Mounting plugin OculusVR
LogPluginManager: Mounting plugin PhysXVehicles
LogPluginManager: Mounting plugin PostSplashScreen
LogPluginManager: Mounting plugin ProceduralMeshComponent
LogPluginManager: Mounting plugin RuntimePhysXCooking
LogPluginManager: Mounting plugin SignificanceManager
LogPluginManager: Mounting plugin SoundFields
LogPluginManager: Mounting plugin SteamVR
LogPluginManager: Mounting plugin Synthesis
LogPluginManager: Mounting plugin WebMMoviePlayer
LogPluginManager: Mounting plugin WindowsMoviePlayer
LogPluginManager: Mounting plugin ScreenshotTools
LogInit: Using libcurl 7.55.1-DEV
LogInit:  - built for x86_64-pc-win32
LogInit:  - supports SSL with OpenSSL/1.1.1
LogInit:  - supports HTTP deflate (compression) using libz 1.2.8
LogInit:  - other features:
LogInit:      CURL_VERSION_SSL
LogInit:      CURL_VERSION_LIBZ
LogInit:      CURL_VERSION_IPV6
LogInit:      CURL_VERSION_ASYNCHDNS
LogInit:      CURL_VERSION_LARGEFILE
LogInit:      CURL_VERSION_IDN
LogInit:  CurlRequestOptions (configurable via config and command line):
LogInit:  - bVerifyPeer = true  - Libcurl will verify peer certificate
LogInit:  - bUseHttpProxy = false  - Libcurl will NOT use HTTP proxy
LogInit:  - bDontReuseConnections = false  - Libcurl will reuse connections
LogInit:  - MaxHostConnections = 16  - Libcurl will limit the number of connections to a host
LogInit:  - LocalHostAddr = Default
LogInit:  - BufferSize = 65536
LogOnline: OSS: Creating online subsystem instance for: NULL
LogInit: WinSock: version 1.1 (2.2), MaxSocks=32767, MaxUdp=65467
LogOnline: OSS: TryLoadSubsystemAndSetDefault: Loaded subsystem for module [NULL]
LogOculusPluginWrapper: OculusPlugin initialized successfully
LogInit: Build: ++UE4+Release-4.25-CL-13942748
LogInit: Engine Version: 4.25.3-13942748+++UE4+Release-4.25
LogInit: Compatible Engine Version: 4.25.0-13144385+++UE4+Release-4.25
LogInit: Net CL: 13144385
LogInit: OS: Windows 10 (Release 1909) (), CPU: Intel(R) Core(TM) i7-6700K CPU @ 4.00GHz, GPU: AMD Radeon RX 5600 XT
LogInit: Compiled (64-bit): Jul 25 2020 02:07:48
LogInit: Compiled with Visual C++: 19.24.28315.00
LogInit: Build Configuration: Development
LogInit: Branch Name: ++UE4+Release-4.25
LogInit: Command Line:  -skipcompile
LogInit: Base Directory: D:/Unreal Engine/UE_4.25/Engine/Binaries/Win64/
LogInit: Allocator: TBB
LogInit: Installed Engine Build: 1
LogDevObjectVersion: Number of dev versions registered: 26
LogDevObjectVersion:   Dev-Blueprints (B0D832E4-1F89-4F0D-ACCF-7EB736FD4AA2): 10
LogDevObjectVersion:   Dev-Build (E1C64328-A22C-4D53-A36C-8E866417BD8C): 0
LogDevObjectVersion:   Dev-Core (375EC13C-06E4-48FB-B500-84F0262A717E): 4
LogDevObjectVersion:   Dev-Editor (E4B068ED-F494-42E9-A231-DA0B2E46BB41): 38
LogDevObjectVersion:   Dev-Framework (CFFC743F-43B0-4480-9391-14DF171D2073): 37
LogDevObjectVersion:   Dev-Mobile (B02B49B5-BB20-44E9-A304-32B752E40360): 2
LogDevObjectVersion:   Dev-Networking (A4E4105C-59A1-49B5-A7C5-40C4547EDFEE): 0
LogDevObjectVersion:   Dev-Online (39C831C9-5AE6-47DC-9A44-9C173E1C8E7C): 0
LogDevObjectVersion:   Dev-Physics (78F01B33-EBEA-4F98-B9B4-84EACCB95AA2): 4
LogDevObjectVersion:   Dev-Platform (6631380F-2D4D-43E0-8009-CF276956A95A): 0
LogDevObjectVersion:   Dev-Rendering (12F88B9F-8875-4AFC-A67C-D90C383ABD29): 43
LogDevObjectVersion:   Dev-Sequencer (7B5AE74C-D270-4C10-A958-57980B212A5A): 12
LogDevObjectVersion:   Dev-VR (D7296918-1DD6-4BDD-9DE2-64A83CC13884): 3
LogDevObjectVersion:   Dev-LoadTimes (C2A15278-BFE7-4AFE-6C17-90FF531DF755): 1
LogDevObjectVersion:   Private-Geometry (6EACA3D4-40EC-4CC1-B786-8BED09428FC5): 3
LogDevObjectVersion:   Dev-AnimPhys (29E575DD-E0A3-4627-9D10-D276232CDCEA): 17
LogDevObjectVersion:   Dev-Anim (AF43A65D-7FD3-4947-9873-3E8ED9C1BB05): 7
LogDevObjectVersion:   Dev-ReflectionCapture (6B266CEC-1EC7-4B8F-A30B-E4D90942FC07): 1
LogDevObjectVersion:   Dev-Automation (0DF73D61-A23F-47EA-B727-89E90C41499A): 1
LogDevObjectVersion:   FortniteMain (601D1886-AC64-4F84-AA16-D3DE0DEAC7D6): 31
LogDevObjectVersion:   Dev-Enterprise (9DFFBCD6-494F-0158-E221-12823C92A888): 10
LogDevObjectVersion:   Dev-Niagara (F2AED0AC-9AFE-416F-8664-AA7FFA26D6FC): 1
LogDevObjectVersion:   Dev-Destruction (174F1F0B-B4C6-45A5-B13F-2EE8D0FB917D): 10
LogDevObjectVersion:   Dev-Physics-Ext (35F94A83-E258-406C-A318-09F59610247C): 37
LogDevObjectVersion:   Dev-PhysicsMaterial-Chaos (B68FC16E-8B1B-42E2-B453-215C058844FE): 1
LogDevObjectVersion:   Dev-CineCamera (B2E18506-4273-CFC2-A54E-F4BB758BBA07): 1
LogInit: Presizing for max 25165824 objects, including 0 objects not considered by GC, pre-allocating 0 bytes for permanent pool.
LogConfig: Applying CVar settings from Section [/Script/Engine.StreamingSettings] File [D:/GitHub/BlindVR/Saved/Config/Windows/Engine.ini]
LogConfig: Setting CVar [[s.MinBulkDataSizeForAsyncLoading:131072]]
LogConfig: Setting CVar [[s.AsyncLoadingThreadEnabled:0]]
LogConfig: Setting CVar [[s.EventDrivenLoaderEnabled:1]]
LogConfig: Setting CVar [[s.WarnIfTimeLimitExceeded:0]]
LogConfig: Setting CVar [[s.TimeLimitExceededMultiplier:1.5]]
LogConfig: Setting CVar [[s.TimeLimitExceededMinTime:0.005]]
LogConfig: Setting CVar [[s.UseBackgroundLevelStreaming:1]]
LogConfig: Setting CVar [[s.PriorityAsyncLoadingExtraTime:15.0]]
LogConfig: Setting CVar [[s.LevelStreamingActorsUpdateTimeLimit:5.0]]
LogConfig: Setting CVar [[s.PriorityLevelStreamingActorsUpdateExtraTime:5.0]]
LogConfig: Setting CVar [[s.LevelStreamingComponentsRegistrationGranularity:10]]
LogConfig: Setting CVar [[s.UnregisterComponentsTimeLimit:1.0]]
LogConfig: Setting CVar [[s.LevelStreamingComponentsUnregistrationGranularity:5]]
LogConfig: Setting CVar [[s.FlushStreamingOnExit:1]]
LogInit: Object subsystem initialized
LogConfig: Setting CVar [[con.DebugEarlyDefault:1]]
LogConfig: Setting CVar [[r.setres:1280x720]]
[2020.10.18-19.46.37:002][  0]LogConfig: Setting CVar [[r.VSync:0]]
[2020.10.18-19.46.37:003][  0]LogConfig: Setting CVar [[r.RHICmdBypass:0]]
[2020.10.18-19.46.37:003][  0]LogConfig: Applying CVar settings from Section [/Script/Engine.RendererSettings] File [D:/GitHub/BlindVR/Saved/Config/Windows/Engine.ini]
[2020.10.18-19.46.37:003][  0]LogConfig: Setting CVar [[r.GPUCrashDebugging:0]]
[2020.10.18-19.46.37:003][  0]LogConfig: Setting CVar [[r.Mobile.DisableVertexFog:1]]
[2020.10.18-19.46.37:003][  0]LogConfig: Setting CVar [[r.Shadow.CSM.MaxMobileCascades:2]]
[2020.10.18-19.46.37:003][  0]LogConfig: Setting CVar [[r.MobileMSAA:1]]
[2020.10.18-19.46.37:003][  0]LogConfig: Setting CVar [[r.Mobile.UseLegacyShadingModel:0]]
[2020.10.18-19.46.37:003][  0]LogConfig: Setting CVar [[r.Mobile.AllowDitheredLODTransition:0]]
[2020.10.18-19.46.37:003][  0]LogConfig: Setting CVar [[r.Mobile.AllowSoftwareOcclusion:0]]
[2020.10.18-19.46.37:003][  0]LogConfig: Setting CVar [[r.Mobile.VirtualTextures:0]]
[2020.10.18-19.46.37:003][  0]LogConfig: Setting CVar [[r.DiscardUnusedQuality:0]]
[2020.10.18-19.46.37:003][  0]LogConfig: Setting CVar [[r.AllowOcclusionQueries:1]]
[2020.10.18-19.46.37:003][  0]LogConfig: Setting CVar [[r.MinScreenRadiusForLights:0.030000]]
[2020.10.18-19.46.37:003][  0]LogConfig: Setting CVar [[r.MinScreenRadiusForDepthPrepass:0.030000]]
[2020.10.18-19.46.37:003][  0]LogConfig: Setting CVar [[r.MinScreenRadiusForCSMDepth:0.010000]]
[2020.10.18-19.46.37:003][  0]LogConfig: Setting CVar [[r.PrecomputedVisibilityWarning:0]]
[2020.10.18-19.46.37:003][  0]LogConfig: Setting CVar [[r.TextureStreaming:1]]
[2020.10.18-19.46.37:004][  0]LogConfig: Setting CVar [[Compat.UseDXT5NormalMaps:0]]
[2020.10.18-19.46.37:004][  0]LogConfig: Setting CVar [[r.VirtualTextures:0]]
[2020.10.18-19.46.37:004][  0]LogConfig: Setting CVar [[r.VirtualTexturedLightmaps:0]]
[2020.10.18-19.46.37:004][  0]LogConfig: Setting CVar [[r.VT.TileSize:128]]
[2020.10.18-19.46.37:004][  0]LogConfig: Setting CVar [[r.VT.TileBorderSize:4]]
[2020.10.18-19.46.37:004][  0]LogConfig: Setting CVar [[r.vt.FeedbackFactor:16]]
[2020.10.18-19.46.37:004][  0]LogConfig: Setting CVar [[r.VT.EnableCompressZlib:1]]
[2020.10.18-19.46.37:004][  0]LogConfig: Setting CVar [[r.VT.EnableCompressCrunch:0]]
[2020.10.18-19.46.37:004][  0]LogConfig: Setting CVar [[r.ClearCoatNormal:0]]
[2020.10.18-19.46.37:004][  0]LogConfig: Setting CVar [[r.AnisotropicBRDF:0]]
[2020.10.18-19.46.37:004][  0]LogConfig: Setting CVar [[r.ReflectionCaptureResolution:128]]
[2020.10.18-19.46.37:004][  0]LogConfig: Setting CVar [[r.ReflectionEnvironmentLightmapMixBasedOnRoughness:1]]
[2020.10.18-19.46.37:004][  0]LogConfig: Setting CVar [[r.ForwardShading:0]]
[2020.10.18-19.46.37:004][  0]LogConfig: Setting CVar [[r.VertexFoggingForOpaque:1]]
[2020.10.18-19.46.37:004][  0]LogConfig: Setting CVar [[r.AllowStaticLighting:1]]
[2020.10.18-19.46.37:004][  0]LogConfig: Setting CVar [[r.NormalMapsForStaticLighting:0]]
[2020.10.18-19.46.37:004][  0]LogConfig: Setting CVar [[r.GenerateMeshDistanceFields:0]]
[2020.10.18-19.46.37:004][  0]LogConfig: Setting CVar [[r.DistanceFieldBuild.EightBit:0]]
[2020.10.18-19.46.37:004][  0]LogConfig: Setting CVar [[r.GenerateLandscapeGIData:0]]
[2020.10.18-19.46.37:005][  0]LogConfig: Setting CVar [[r.DistanceFieldBuild.Compress:0]]
[2020.10.18-19.46.37:005][  0]LogConfig: Setting CVar [[r.TessellationAdaptivePixelsPerTriangle:48.000000]]
[2020.10.18-19.46.37:005][  0]LogConfig: Setting CVar [[r.SeparateTranslucency:1]]
[2020.10.18-19.46.37:005][  0]LogConfig: Setting CVar [[r.TranslucentSortPolicy:0]]
[2020.10.18-19.46.37:005][  0]LogConfig: Setting CVar [[r.CustomDepth:1]]
[2020.10.18-19.46.37:005][  0]LogConfig: Setting CVar [[r.CustomDepthTemporalAAJitter:1]]
[2020.10.18-19.46.37:005][  0]LogConfig: Setting CVar [[r.PostProcessing.PropagateAlpha:0]]
[2020.10.18-19.46.37:005][  0]LogConfig: Setting CVar [[r.DefaultFeature.Bloom:1]]
[2020.10.18-19.46.37:005][  0]LogConfig: Setting CVar [[r.DefaultFeature.AmbientOcclusion:1]]
[2020.10.18-19.46.37:005][  0]LogConfig: Setting CVar [[r.DefaultFeature.AmbientOcclusionStaticFraction:1]]
[2020.10.18-19.46.37:005][  0]LogConfig: Setting CVar [[r.DefaultFeature.AutoExposure:0]]
[2020.10.18-19.46.37:005][  0]LogConfig: Setting CVar [[r.DefaultFeature.AutoExposure.Method:0]]
[2020.10.18-19.46.37:005][  0]LogConfig: Setting CVar [[r.DefaultFeature.AutoExposure.Bias:1.000000]]
[2020.10.18-19.46.37:005][  0]LogConfig: Setting CVar [[r.DefaultFeature.AutoExposure.ExtendDefaultLuminanceRange:0]]
[2020.10.18-19.46.37:005][  0]LogConfig: Setting CVar [[r.UsePreExposure:1]]
[2020.10.18-19.46.37:005][  0]LogConfig: Setting CVar [[r.EyeAdaptation.EditorOnly:0]]
[2020.10.18-19.46.37:005][  0]LogConfig: Setting CVar [[r.DefaultFeature.MotionBlur:0]]
[2020.10.18-19.46.37:006][  0]LogConfig: Setting CVar [[r.DefaultFeature.LensFlare:0]]
[2020.10.18-19.46.37:006][  0]LogConfig: Setting CVar [[r.TemporalAA.Upsampling:0]]
[2020.10.18-19.46.37:006][  0]LogConfig: Setting CVar [[r.SSGI.Enable:0]]
[2020.10.18-19.46.37:006][  0]LogConfig: Setting CVar [[r.DefaultFeature.AntiAliasing:0]]
[2020.10.18-19.46.37:006][  0]LogConfig: Setting CVar [[r.DefaultFeature.LightUnits:1]]
[2020.10.18-19.46.37:006][  0]LogConfig: Setting CVar [[r.DefaultBackBufferPixelFormat:4]]
[2020.10.18-19.46.37:006][  0]LogConfig: Setting CVar [[r.Shadow.UnbuiltPreviewInGame:1]]
[2020.10.18-19.46.37:006][  0]LogConfig: Setting CVar [[r.StencilForLODDither:0]]
[2020.10.18-19.46.37:006][  0]LogConfig: Setting CVar [[r.EarlyZPass:3]]
[2020.10.18-19.46.37:006][  0]LogConfig: Setting CVar [[r.EarlyZPassOnlyMaterialMasking:0]]
[2020.10.18-19.46.37:006][  0]LogConfig: Setting CVar [[r.DBuffer:1]]
[2020.10.18-19.46.37:006][  0]LogConfig: Setting CVar [[r.ClearSceneMethod:1]]
[2020.10.18-19.46.37:006][  0]LogConfig: Setting CVar [[r.BasePassOutputsVelocity:0]]
[2020.10.18-19.46.37:006][  0]LogConfig: Setting CVar [[r.VertexDeformationOutputsVelocity:0]]
[2020.10.18-19.46.37:006][  0]LogConfig: Setting CVar [[r.SelectiveBasePassOutputs:0]]
[2020.10.18-19.46.37:007][  0]LogConfig: Setting CVar [[fx.GPUSimulationTextureSizeX:1024]]
[2020.10.18-19.46.37:007][  0]LogConfig: Setting CVar [[fx.GPUSimulationTextureSizeY:1024]]
[2020.10.18-19.46.37:007][  0]LogConfig: Setting CVar [[r.AllowGlobalClipPlane:0]]
[2020.10.18-19.46.37:007][  0]LogConfig: Setting CVar [[r.GBufferFormat:1]]
[2020.10.18-19.46.37:007][  0]LogConfig: Setting CVar [[r.MorphTarget.Mode:1]]
[2020.10.18-19.46.37:007][  0]LogConfig: Setting CVar [[vr.InstancedStereo:0]]
[2020.10.18-19.46.37:007][  0]LogConfig: Setting CVar [[r.MobileHDR:1]]
[2020.10.18-19.46.37:007][  0]LogConfig: Setting CVar [[vr.MobileMultiView:0]]
[2020.10.18-19.46.37:007][  0]LogConfig: Setting CVar [[r.Mobile.UseHWsRGBEncoding:0]]
[2020.10.18-19.46.37:007][  0]LogConfig: Setting CVar [[vr.RoundRobinOcclusion:0]]
[2020.10.18-19.46.37:007][  0]LogConfig: Setting CVar [[vr.ODSCapture:0]]
[2020.10.18-19.46.37:007][  0]LogConfig: Setting CVar [[r.MeshStreaming:0]]
[2020.10.18-19.46.37:007][  0]LogConfig: Setting CVar [[r.WireframeCullThreshold:5.000000]]
[2020.10.18-19.46.37:007][  0]LogConfig: Setting CVar [[r.RayTracing:0]]
[2020.10.18-19.46.37:007][  0]LogConfig: Setting CVar [[r.RayTracing.UseTextureLod:0]]
[2020.10.18-19.46.37:007][  0]LogConfig: Setting CVar [[r.SupportStationarySkylight:1]]
[2020.10.18-19.46.37:008][  0]LogConfig: Setting CVar [[r.SupportLowQualityLightmaps:1]]
[2020.10.18-19.46.37:008][  0]LogConfig: Setting CVar [[r.SupportPointLightWholeSceneShadows:1]]
[2020.10.18-19.46.37:008][  0]LogConfig: Setting CVar [[r.SupportAtmosphericFog:1]]
[2020.10.18-19.46.37:008][  0]LogConfig: Setting CVar [[r.SupportSkyAtmosphere:1]]
[2020.10.18-19.46.37:008][  0]LogConfig: Setting CVar [[r.SupportSkyAtmosphereAffectsHeightFog:0]]
[2020.10.18-19.46.37:008][  0]LogConfig: Setting CVar [[r.SkinCache.CompileShaders:0]]
[2020.10.18-19.46.37:008][  0]LogConfig: Setting CVar [[r.SkinCache.DefaultBehavior:1]]
[2020.10.18-19.46.37:008][  0]LogConfig: Setting CVar [[r.SkinCache.SceneMemoryLimitInMB:128.000000]]
[2020.10.18-19.46.37:008][  0]LogConfig: Setting CVar [[r.Mobile.EnableStaticAndCSMShadowReceivers:1]]
[2020.10.18-19.46.37:008][  0]LogConfig: Setting CVar [[r.Mobile.EnableMovableLightCSMShaderCulling:1]]
[2020.10.18-19.46.37:008][  0]LogConfig: Setting CVar [[r.Mobile.AllowDistanceFieldShadows:1]]
[2020.10.18-19.46.37:008][  0]LogConfig: Setting CVar [[r.Mobile.AllowMovableDirectionalLights:1]]
[2020.10.18-19.46.37:008][  0]LogConfig: Setting CVar [[r.MobileNumDynamicPointLights:4]]
[2020.10.18-19.46.37:008][  0]LogConfig: Setting CVar [[r.MobileDynamicPointLightsUseStaticBranch:1]]
[2020.10.18-19.46.37:008][  0]LogConfig: Setting CVar [[r.Mobile.EnableMovableSpotlights:0]]
[2020.10.18-19.46.37:008][  0]LogConfig: Setting CVar [[r.GPUSkin.Support16BitBoneIndex:0]]
[2020.10.18-19.46.37:009][  0]LogConfig: Setting CVar [[r.GPUSkin.Limit2BoneInfluences:0]]
[2020.10.18-19.46.37:009][  0]LogConfig: Setting CVar [[r.SupportDepthOnlyIndexBuffers:1]]
[2020.10.18-19.46.37:009][  0]LogConfig: Setting CVar [[r.SupportReversedIndexBuffers:1]]
[2020.10.18-19.46.37:009][  0]LogConfig: Setting CVar [[r.SupportMaterialLayers:0]]
[2020.10.18-19.46.37:009][  0]LogConfig: Setting CVar [[r.LightPropagationVolume:0]]
[2020.10.18-19.46.37:009][  0]LogConfig: Applying CVar settings from Section [/Script/Engine.RendererOverrideSettings] File [D:/GitHub/BlindVR/Saved/Config/Windows/Engine.ini]
[2020.10.18-19.46.37:009][  0]LogConfig: Applying CVar settings from Section [/Script/Engine.StreamingSettings] File [D:/GitHub/BlindVR/Saved/Config/Windows/Engine.ini]
[2020.10.18-19.46.37:009][  0]LogConfig: Setting CVar [[s.MinBulkDataSizeForAsyncLoading:131072]]
[2020.10.18-19.46.37:009][  0]LogConfig: Setting CVar [[s.AsyncLoadingThreadEnabled:0]]
[2020.10.18-19.46.37:009][  0]LogConfig: Setting CVar [[s.EventDrivenLoaderEnabled:1]]
[2020.10.18-19.46.37:009][  0]LogConfig: Setting CVar [[s.WarnIfTimeLimitExceeded:0]]
[2020.10.18-19.46.37:009][  0]LogConfig: Setting CVar [[s.TimeLimitExceededMultiplier:1.5]]
[2020.10.18-19.46.37:009][  0]LogConfig: Setting CVar [[s.TimeLimitExceededMinTime:0.005]]
[2020.10.18-19.46.37:009][  0]LogConfig: Setting CVar [[s.UseBackgroundLevelStreaming:1]]
[2020.10.18-19.46.37:009][  0]LogConfig: Setting CVar [[s.PriorityAsyncLoadingExtraTime:15.0]]
[2020.10.18-19.46.37:009][  0]LogConfig: Setting CVar [[s.LevelStreamingActorsUpdateTimeLimit:5.0]]
[2020.10.18-19.46.37:009][  0]LogConfig: Setting CVar [[s.PriorityLevelStreamingActorsUpdateExtraTime:5.0]]
[2020.10.18-19.46.37:009][  0]LogConfig: Setting CVar [[s.LevelStreamingComponentsRegistrationGranularity:10]]
[2020.10.18-19.46.37:010][  0]LogConfig: Setting CVar [[s.UnregisterComponentsTimeLimit:1.0]]
[2020.10.18-19.46.37:010][  0]LogConfig: Setting CVar [[s.LevelStreamingComponentsUnregistrationGranularity:5]]
[2020.10.18-19.46.37:010][  0]LogConfig: Setting CVar [[s.FlushStreamingOnExit:1]]
[2020.10.18-19.46.37:010][  0]LogConfig: Applying CVar settings from Section [/Script/Engine.GarbageCollectionSettings] File [D:/GitHub/BlindVR/Saved/Config/Windows/Engine.ini]
[2020.10.18-19.46.37:010][  0]LogConfig: Setting CVar [[gc.MaxObjectsNotConsideredByGC:1]]
[2020.10.18-19.46.37:010][  0]LogConfig: Setting CVar [[gc.SizeOfPermanentObjectPool:0]]
[2020.10.18-19.46.37:010][  0]LogConfig: Setting CVar [[gc.FlushStreamingOnGC:0]]
[2020.10.18-19.46.37:010][  0]LogConfig: Setting CVar [[gc.NumRetriesBeforeForcingGC:10]]
[2020.10.18-19.46.37:010][  0]LogConfig: Setting CVar [[gc.AllowParallelGC:1]]
[2020.10.18-19.46.37:010][  0]LogConfig: Setting CVar [[gc.TimeBetweenPurgingPendingKillObjects:61.1]]
[2020.10.18-19.46.37:010][  0]LogConfig: Setting CVar [[gc.MaxObjectsInEditor:25165824]]
[2020.10.18-19.46.37:010][  0]LogConfig: Setting CVar [[gc.IncrementalBeginDestroyEnabled:1]]
[2020.10.18-19.46.37:010][  0]LogConfig: Setting CVar [[gc.CreateGCClusters:1]]
[2020.10.18-19.46.37:010][  0]LogConfig: Setting CVar [[gc.MinGCClusterSize:5]]
[2020.10.18-19.46.37:010][  0]LogConfig: Setting CVar [[gc.ActorClusteringEnabled:0]]
[2020.10.18-19.46.37:010][  0]LogConfig: Setting CVar [[gc.BlueprintClusteringEnabled:0]]
[2020.10.18-19.46.37:010][  0]LogConfig: Setting CVar [[gc.UseDisregardForGCOnDedicatedServers:0]]
[2020.10.18-19.46.37:010][  0]LogConfig: Applying CVar settings from Section [/Script/Engine.NetworkSettings] File [D:/GitHub/BlindVR/Saved/Config/Windows/Engine.ini]
[2020.10.18-19.46.37:011][  0]LogConfig: Applying CVar settings from Section [/Script/UnrealEd.CookerSettings] File [D:/GitHub/BlindVR/Saved/Config/Windows/Engine.ini]
[2020.10.18-19.46.37:024][  0]LogConfig: Applying CVar settings from Section [ViewDistanceQuality@3] File [D:/GitHub/BlindVR/Saved/Config/Windows/Scalability.ini]
[2020.10.18-19.46.37:025][  0]LogConfig: Setting CVar [[r.SkeletalMeshLODBias:0]]
[2020.10.18-19.46.37:025][  0]LogConfig: Setting CVar [[r.ViewDistanceScale:1.0]]
[2020.10.18-19.46.37:025][  0]LogConfig: Applying CVar settings from Section [AntiAliasingQuality@3] File [D:/GitHub/BlindVR/Saved/Config/Windows/Scalability.ini]
[2020.10.18-19.46.37:025][  0]LogConfig: Setting CVar [[r.PostProcessAAQuality:3]]
[2020.10.18-19.46.37:025][  0]LogConfig: Applying CVar settings from Section [ShadowQuality@3] File [D:/GitHub/BlindVR/Saved/Config/Windows/Scalability.ini]
[2020.10.18-19.46.37:025][  0]LogConfig: Setting CVar [[r.LightFunctionQuality:1]]
[2020.10.18-19.46.37:025][  0]LogConfig: Setting CVar [[r.ShadowQuality:5]]
[2020.10.18-19.46.37:025][  0]LogConfig: Setting CVar [[r.Shadow.CSM.MaxCascades:10]]
[2020.10.18-19.46.37:025][  0]LogConfig: Setting CVar [[r.Shadow.MaxResolution:2048]]
[2020.10.18-19.46.37:025][  0]LogConfig: Setting CVar [[r.Shadow.MaxCSMResolution:2048]]
[2020.10.18-19.46.37:025][  0]LogConfig: Setting CVar [[r.Shadow.RadiusThreshold:0.01]]
[2020.10.18-19.46.37:025][  0]LogConfig: Setting CVar [[r.Shadow.DistanceScale:1.0]]
[2020.10.18-19.46.37:025][  0]LogConfig: Setting CVar [[r.Shadow.CSM.TransitionScale:1.0]]
[2020.10.18-19.46.37:025][  0]LogConfig: Setting CVar [[r.Shadow.PreShadowResolutionFactor:1.0]]
[2020.10.18-19.46.37:025][  0]LogConfig: Setting CVar [[r.DistanceFieldShadowing:1]]
[2020.10.18-19.46.37:025][  0]LogConfig: Setting CVar [[r.DistanceFieldAO:1]]
[2020.10.18-19.46.37:025][  0]LogConfig: Setting CVar [[r.AOQuality:2]]
[2020.10.18-19.46.37:025][  0]LogConfig: Setting CVar [[r.VolumetricFog:1]]
[2020.10.18-19.46.37:025][  0]LogConfig: Setting CVar [[r.VolumetricFog.GridPixelSize:8]]
[2020.10.18-19.46.37:026][  0]LogConfig: Setting CVar [[r.VolumetricFog.GridSizeZ:128]]
[2020.10.18-19.46.37:026][  0]LogConfig: Setting CVar [[r.VolumetricFog.HistoryMissSupersampleCount:4]]
[2020.10.18-19.46.37:026][  0]LogConfig: Setting CVar [[r.LightMaxDrawDistanceScale:1]]
[2020.10.18-19.46.37:026][  0]LogConfig: Setting CVar [[r.CapsuleShadows:1]]
[2020.10.18-19.46.37:026][  0]LogConfig: Applying CVar settings from Section [PostProcessQuality@3] File [D:/GitHub/BlindVR/Saved/Config/Windows/Scalability.ini]
[2020.10.18-19.46.37:026][  0]LogConfig: Setting CVar [[r.MotionBlurQuality:0]]
[2020.10.18-19.46.37:026][  0]LogConfig: Setting CVar [[r.AmbientOcclusionMipLevelFactor:0.4]]
[2020.10.18-19.46.37:026][  0]LogConfig: Setting CVar [[r.AmbientOcclusionMaxQuality:100]]
[2020.10.18-19.46.37:026][  0]LogConfig: Setting CVar [[r.AmbientOcclusionLevels:0]]
[2020.10.18-19.46.37:026][  0]LogConfig: Setting CVar [[r.AmbientOcclusionRadiusScale:1.0]]
[2020.10.18-19.46.37:026][  0]LogConfig: Setting CVar [[r.DepthOfFieldQuality:0]]
[2020.10.18-19.46.37:026][  0]LogConfig: Setting CVar [[r.RenderTargetPoolMin:400]]
[2020.10.18-19.46.37:026][  0]LogConfig: Setting CVar [[r.LensFlareQuality:0]]
[2020.10.18-19.46.37:026][  0]LogConfig: Setting CVar [[r.SceneColorFringeQuality:0]]
[2020.10.18-19.46.37:026][  0]LogConfig: Setting CVar [[r.EyeAdaptationQuality:2]]
[2020.10.18-19.46.37:026][  0]LogConfig: Setting CVar [[r.BloomQuality:1]]
[2020.10.18-19.46.37:027][  0]LogConfig: Setting CVar [[r.FastBlurThreshold:0]]
[2020.10.18-19.46.37:027][  0]LogConfig: Setting CVar [[r.Upscale.Quality:3]]
[2020.10.18-19.46.37:027][  0]LogConfig: Setting CVar [[r.Tonemapper.GrainQuantization:1]]
[2020.10.18-19.46.37:027][  0]LogConfig: Setting CVar [[r.LightShaftQuality:1]]
[2020.10.18-19.46.37:027][  0]LogConfig: Setting CVar [[r.Filter.SizeScale:1]]
[2020.10.18-19.46.37:027][  0]LogConfig: Setting CVar [[r.Tonemapper.Quality:5]]
[2020.10.18-19.46.37:027][  0]LogConfig: Setting CVar [[r.DOF.Gather.AccumulatorQuality:1        ; higher gathering accumulator quality]]
[2020.10.18-19.46.37:027][  0]LogConfig: Setting CVar [[r.DOF.Gather.PostfilterMethod:1          ; Median3x3 postfilering method]]
[2020.10.18-19.46.37:027][  0]LogConfig: Setting CVar [[r.DOF.Gather.EnableBokehSettings:0       ; no bokeh simulation when gathering]]
[2020.10.18-19.46.37:027][  0]LogConfig: Setting CVar [[r.DOF.Gather.RingCount:4                 ; medium number of samples when gathering]]
[2020.10.18-19.46.37:027][  0]LogConfig: Setting CVar [[r.DOF.Scatter.ForegroundCompositing:1    ; additive foreground scattering]]
[2020.10.18-19.46.37:027][  0]LogConfig: Setting CVar [[r.DOF.Scatter.BackgroundCompositing:2    ; additive background scattering]]
[2020.10.18-19.46.37:027][  0]LogConfig: Setting CVar [[r.DOF.Scatter.EnableBokehSettings:1      ; bokeh simulation when scattering]]
[2020.10.18-19.46.37:027][  0]LogConfig: Setting CVar [[r.DOF.Scatter.MaxSpriteRatio:0.1         ; only a maximum of 10% of scattered bokeh]]
[2020.10.18-19.46.37:027][  0]LogConfig: Setting CVar [[r.DOF.Recombine.Quality:1                ; cheap slight out of focus]]
[2020.10.18-19.46.37:027][  0]LogConfig: Setting CVar [[r.DOF.Recombine.EnableBokehSettings:0    ; no bokeh simulation on slight out of focus]]
[2020.10.18-19.46.37:027][  0]LogConfig: Setting CVar [[r.DOF.TemporalAAQuality:1                ; more stable temporal accumulation]]
[2020.10.18-19.46.37:027][  0]LogConfig: Setting CVar [[r.DOF.Kernel.MaxForegroundRadius:0.025]]
[2020.10.18-19.46.37:028][  0]LogConfig: Setting CVar [[r.DOF.Kernel.MaxBackgroundRadius:0.025]]
[2020.10.18-19.46.37:028][  0]LogConfig: Applying CVar settings from Section [TextureQuality@3] File [D:/GitHub/BlindVR/Saved/Config/Windows/Scalability.ini]
[2020.10.18-19.46.37:028][  0]LogConfig: Setting CVar [[r.Streaming.MipBias:0]]
[2020.10.18-19.46.37:028][  0]LogConfig: Setting CVar [[r.Streaming.AmortizeCPUToGPUCopy:0]]
[2020.10.18-19.46.37:028][  0]LogConfig: Setting CVar [[r.Streaming.MaxNumTexturesToStreamPerFrame:0]]
[2020.10.18-19.46.37:028][  0]LogConfig: Setting CVar [[r.Streaming.Boost:1]]
[2020.10.18-19.46.37:028][  0]LogConfig: Setting CVar [[r.MaxAnisotropy:8]]
[2020.10.18-19.46.37:028][  0]LogConfig: Setting CVar [[r.VT.MaxAnisotropy:8]]
[2020.10.18-19.46.37:028][  0]LogConfig: Setting CVar [[r.Streaming.LimitPoolSizeToVRAM:0]]
[2020.10.18-19.46.37:028][  0]LogConfig: Setting CVar [[r.Streaming.PoolSize:1000]]
[2020.10.18-19.46.37:028][  0]LogConfig: Setting CVar [[r.Streaming.MaxEffectiveScreenSize:0]]
[2020.10.18-19.46.37:028][  0]LogConfig: Applying CVar settings from Section [EffectsQuality@3] File [D:/GitHub/BlindVR/Saved/Config/Windows/Scalability.ini]
[2020.10.18-19.46.37:028][  0]LogConfig: Setting CVar [[r.TranslucencyLightingVolumeDim:4]]
[2020.10.18-19.46.37:028][  0]LogConfig: Setting CVar [[r.RefractionQuality:2]]
[2020.10.18-19.46.37:028][  0]LogConfig: Setting CVar [[r.SSR.Quality:0]]
[2020.10.18-19.46.37:029][  0]LogConfig: Setting CVar [[r.SSR.HalfResSceneColor:0]]
[2020.10.18-19.46.37:029][  0]LogConfig: Setting CVar [[r.SceneColorFormat:2]]
[2020.10.18-19.46.37:031][  0]LogConfig: Setting CVar [[r.DetailMode:2]]
[2020.10.18-19.46.37:031][  0]LogConfig: Setting CVar [[r.TranslucencyVolumeBlur:0]]
[2020.10.18-19.46.37:031][  0]LogConfig: Setting CVar [[r.MaterialQualityLevel:1 ; High quality]]
[2020.10.18-19.46.37:031][  0]LogConfig: Setting CVar [[r.SSS.Scale:1]]
[2020.10.18-19.46.37:031][  0]LogConfig: Setting CVar [[r.SSS.SampleSet:2]]
[2020.10.18-19.46.37:031][  0]LogConfig: Setting CVar [[r.SSS.Quality:1]]
[2020.10.18-19.46.37:031][  0]LogConfig: Setting CVar [[r.SSS.HalfRes:0]]
[2020.10.18-19.46.37:031][  0]LogConfig: Setting CVar [[r.SSGI.Quality:3]]
[2020.10.18-19.46.37:031][  0]LogConfig: Setting CVar [[r.EmitterSpawnRateScale:1.0]]
[2020.10.18-19.46.37:031][  0]LogConfig: Setting CVar [[r.ParticleLightQuality:2]]
[2020.10.18-19.46.37:031][  0]LogConfig: Setting CVar [[r.SkyAtmosphere.AerialPerspectiveLUT.FastApplyOnOpaque:1 ; Always have FastSkyLUT 1 in this case to avoid wrong sky]]
[2020.10.18-19.46.37:032][  0]LogConfig: Setting CVar [[r.SkyAtmosphere.AerialPerspectiveLUT.SampleCountPerSlice:1]]
[2020.10.18-19.46.37:032][  0]LogConfig: Setting CVar [[r.SkyAtmosphere.AerialPerspectiveLUT.DepthResolution:16.0]]
[2020.10.18-19.46.37:032][  0]LogConfig: Setting CVar [[r.SkyAtmosphere.FastSkyLUT:1]]
[2020.10.18-19.46.37:032][  0]LogConfig: Setting CVar [[r.SkyAtmosphere.FastSkyLUT.SampleCountMin:4.0]]
[2020.10.18-19.46.37:032][  0]LogConfig: Setting CVar [[r.SkyAtmosphere.FastSkyLUT.SampleCountMax:32.0]]
[2020.10.18-19.46.37:032][  0]LogConfig: Setting CVar [[r.SkyAtmosphere.SampleCountMin:4.0]]
[2020.10.18-19.46.37:032][  0]LogConfig: Setting CVar [[r.SkyAtmosphere.SampleCountMax:32.0]]
[2020.10.18-19.46.37:032][  0]LogConfig: Setting CVar [[r.SkyAtmosphere.TransmittanceLUT.UseSmallFormat:0]]
[2020.10.18-19.46.37:032][  0]LogConfig: Setting CVar [[r.SkyAtmosphere.TransmittanceLUT.SampleCount:10.0]]
[2020.10.18-19.46.37:032][  0]LogConfig: Setting CVar [[r.SkyAtmosphere.MultiScatteringLUT.SampleCount:15.0]]
[2020.10.18-19.46.37:033][  0]LogConfig: Applying CVar settings from Section [FoliageQuality@3] File [D:/GitHub/BlindVR/Saved/Config/Windows/Scalability.ini]
[2020.10.18-19.46.37:033][  0]LogConfig: Setting CVar [[foliage.DensityScale:1.0]]
[2020.10.18-19.46.37:033][  0]LogConfig: Setting CVar [[grass.DensityScale:1.0]]
[2020.10.18-19.46.37:033][  0]LogConfig: Applying CVar settings from Section [ShadingQuality@3] File [D:/GitHub/BlindVR/Saved/Config/Windows/Scalability.ini]
[2020.10.18-19.46.37:033][  0]LogConfig: Setting CVar [[r.HairStrands.SkyLighting.SampleCount:16]]
[2020.10.18-19.46.37:033][  0]LogConfig: Setting CVar [[r.HairStrands.SkyLighting.JitterIntegration:0]]
[2020.10.18-19.46.37:033][  0]LogConfig: Setting CVar [[r.HairStrands.SkyAO.SampleCount:16]]
[2020.10.18-19.46.37:033][  0]LogConfig: Setting CVar [[r.HairStrands.DeepShadow.SuperSampling:0]]
[2020.10.18-19.46.37:033][  0]LogConfig: Setting CVar [[r.HairStrands.VisibilityPPLL:0]]
[2020.10.18-19.46.37:033][  0]LogConfig: Setting CVar [[r.HairStrands.RasterizationScale:0.5]]
[2020.10.18-19.46.37:033][  0]LogConfig: Setting CVar [[r.HairStrands.VelocityRasterizationScale:1]]
[2020.10.18-19.46.37:033][  0]LogInit: Selected Device Profile: [Windows]
[2020.10.18-19.46.37:033][  0]LogInit: Applying CVar settings loaded from the selected device profile: [Windows]
[2020.10.18-19.46.37:033][  0]LogHAL: Display: Platform has ~ 16 GB [17133453312 / 17179869184 / 16], which maps to Larger [LargestMinGB=32, LargerMinGB=12, DefaultMinGB=8, SmallerMinGB=6, SmallestMinGB=0)
[2020.10.18-19.46.37:034][  0]LogInit: Going up to parent DeviceProfile []
[2020.10.18-19.46.37:034][  0]LogConfig: Applying CVar settings from Section [ViewDistanceQuality@3] File [D:/GitHub/BlindVR/Saved/Config/Windows/Scalability.ini]
[2020.10.18-19.46.37:034][  0]LogConfig: Setting CVar [[r.SkeletalMeshLODBias:0]]
[2020.10.18-19.46.37:034][  0]LogConfig: Setting CVar [[r.ViewDistanceScale:1.0]]
[2020.10.18-19.46.37:034][  0]LogConfig: Applying CVar settings from Section [AntiAliasingQuality@3] File [D:/GitHub/BlindVR/Saved/Config/Windows/Scalability.ini]
[2020.10.18-19.46.37:034][  0]LogConfig: Setting CVar [[r.PostProcessAAQuality:3]]
[2020.10.18-19.46.37:034][  0]LogConfig: Applying CVar settings from Section [ShadowQuality@3] File [D:/GitHub/BlindVR/Saved/Config/Windows/Scalability.ini]
[2020.10.18-19.46.37:034][  0]LogConfig: Setting CVar [[r.LightFunctionQuality:1]]
[2020.10.18-19.46.37:034][  0]LogConfig: Setting CVar [[r.ShadowQuality:5]]
[2020.10.18-19.46.37:034][  0]LogConfig: Setting CVar [[r.Shadow.CSM.MaxCascades:10]]
[2020.10.18-19.46.37:034][  0]LogConfig: Setting CVar [[r.Shadow.MaxResolution:2048]]
[2020.10.18-19.46.37:034][  0]LogConfig: Setting CVar [[r.Shadow.MaxCSMResolution:2048]]
[2020.10.18-19.46.37:034][  0]LogConfig: Setting CVar [[r.Shadow.RadiusThreshold:0.01]]
[2020.10.18-19.46.37:035][  0]LogConfig: Setting CVar [[r.Shadow.DistanceScale:1.0]]
[2020.10.18-19.46.37:035][  0]LogConfig: Setting CVar [[r.Shadow.CSM.TransitionScale:1.0]]
[2020.10.18-19.46.37:035][  0]LogConfig: Setting CVar [[r.Shadow.PreShadowResolutionFactor:1.0]]
[2020.10.18-19.46.37:035][  0]LogConfig: Setting CVar [[r.DistanceFieldShadowing:1]]
[2020.10.18-19.46.37:035][  0]LogConfig: Setting CVar [[r.DistanceFieldAO:1]]
[2020.10.18-19.46.37:035][  0]LogConfig: Setting CVar [[r.AOQuality:2]]
[2020.10.18-19.46.37:035][  0]LogConfig: Setting CVar [[r.VolumetricFog:1]]
[2020.10.18-19.46.37:035][  0]LogConfig: Setting CVar [[r.VolumetricFog.GridPixelSize:8]]
[2020.10.18-19.46.37:035][  0]LogConfig: Setting CVar [[r.VolumetricFog.GridSizeZ:128]]
[2020.10.18-19.46.37:035][  0]LogConfig: Setting CVar [[r.VolumetricFog.HistoryMissSupersampleCount:4]]
[2020.10.18-19.46.37:035][  0]LogConfig: Setting CVar [[r.LightMaxDrawDistanceScale:1]]
[2020.10.18-19.46.37:035][  0]LogConfig: Setting CVar [[r.CapsuleShadows:1]]
[2020.10.18-19.46.37:035][  0]LogConfig: Applying CVar settings from Section [PostProcessQuality@3] File [D:/GitHub/BlindVR/Saved/Config/Windows/Scalability.ini]
[2020.10.18-19.46.37:035][  0]LogConfig: Setting CVar [[r.MotionBlurQuality:0]]
[2020.10.18-19.46.37:035][  0]LogConfig: Setting CVar [[r.AmbientOcclusionMipLevelFactor:0.4]]
[2020.10.18-19.46.37:035][  0]LogConfig: Setting CVar [[r.AmbientOcclusionMaxQuality:100]]
[2020.10.18-19.46.37:035][  0]LogConfig: Setting CVar [[r.AmbientOcclusionLevels:0]]
[2020.10.18-19.46.37:035][  0]LogConfig: Setting CVar [[r.AmbientOcclusionRadiusScale:1.0]]
[2020.10.18-19.46.37:036][  0]LogConfig: Setting CVar [[r.DepthOfFieldQuality:0]]
[2020.10.18-19.46.37:036][  0]LogConfig: Setting CVar [[r.RenderTargetPoolMin:400]]
[2020.10.18-19.46.37:036][  0]LogConfig: Setting CVar [[r.LensFlareQuality:0]]
[2020.10.18-19.46.37:036][  0]LogConfig: Setting CVar [[r.SceneColorFringeQuality:0]]
[2020.10.18-19.46.37:036][  0]LogConfig: Setting CVar [[r.EyeAdaptationQuality:2]]
[2020.10.18-19.46.37:036][  0]LogConfig: Setting CVar [[r.BloomQuality:1]]
[2020.10.18-19.46.37:036][  0]LogConfig: Setting CVar [[r.FastBlurThreshold:0]]
[2020.10.18-19.46.37:036][  0]LogConfig: Setting CVar [[r.Upscale.Quality:3]]
[2020.10.18-19.46.37:036][  0]LogConfig: Setting CVar [[r.Tonemapper.GrainQuantization:1]]
[2020.10.18-19.46.37:036][  0]LogConfig: Setting CVar [[r.LightShaftQuality:1]]
[2020.10.18-19.46.37:036][  0]LogConfig: Setting CVar [[r.Filter.SizeScale:1]]
[2020.10.18-19.46.37:036][  0]LogConfig: Setting CVar [[r.Tonemapper.Quality:5]]
[2020.10.18-19.46.37:036][  0]LogConfig: Setting CVar [[r.DOF.Gather.AccumulatorQuality:1        ; higher gathering accumulator quality]]
[2020.10.18-19.46.37:036][  0]LogConfig: Setting CVar [[r.DOF.Gather.PostfilterMethod:1          ; Median3x3 postfilering method]]
[2020.10.18-19.46.37:036][  0]LogConfig: Setting CVar [[r.DOF.Gather.EnableBokehSettings:0       ; no bokeh simulation when gathering]]
[2020.10.18-19.46.37:036][  0]LogConfig: Setting CVar [[r.DOF.Gather.RingCount:4                 ; medium number of samples when gathering]]
[2020.10.18-19.46.37:036][  0]LogConfig: Setting CVar [[r.DOF.Scatter.ForegroundCompositing:1    ; additive foreground scattering]]
[2020.10.18-19.46.37:036][  0]LogConfig: Setting CVar [[r.DOF.Scatter.BackgroundCompositing:2    ; additive background scattering]]
[2020.10.18-19.46.37:036][  0]LogConfig: Setting CVar [[r.DOF.Scatter.EnableBokehSettings:1      ; bokeh simulation when scattering]]
[2020.10.18-19.46.37:037][  0]LogConfig: Setting CVar [[r.DOF.Scatter.MaxSpriteRatio:0.1         ; only a maximum of 10% of scattered bokeh]]
[2020.10.18-19.46.37:037][  0]LogConfig: Setting CVar [[r.DOF.Recombine.Quality:1                ; cheap slight out of focus]]
[2020.10.18-19.46.37:037][  0]LogConfig: Setting CVar [[r.DOF.Recombine.EnableBokehSettings:0    ; no bokeh simulation on slight out of focus]]
[2020.10.18-19.46.37:037][  0]LogConfig: Setting CVar [[r.DOF.TemporalAAQuality:1                ; more stable temporal accumulation]]
[2020.10.18-19.46.37:037][  0]LogConfig: Setting CVar [[r.DOF.Kernel.MaxForegroundRadius:0.025]]
[2020.10.18-19.46.37:037][  0]LogConfig: Setting CVar [[r.DOF.Kernel.MaxBackgroundRadius:0.025]]
[2020.10.18-19.46.37:037][  0]LogConfig: Applying CVar settings from Section [TextureQuality@3] File [D:/GitHub/BlindVR/Saved/Config/Windows/Scalability.ini]
[2020.10.18-19.46.37:037][  0]LogConfig: Setting CVar [[r.Streaming.MipBias:0]]
[2020.10.18-19.46.37:037][  0]LogConfig: Setting CVar [[r.Streaming.AmortizeCPUToGPUCopy:0]]
[2020.10.18-19.46.37:037][  0]LogConfig: Setting CVar [[r.Streaming.MaxNumTexturesToStreamPerFrame:0]]
[2020.10.18-19.46.37:037][  0]LogConfig: Setting CVar [[r.Streaming.Boost:1]]
[2020.10.18-19.46.37:037][  0]LogConfig: Setting CVar [[r.MaxAnisotropy:8]]
[2020.10.18-19.46.37:037][  0]LogConfig: Setting CVar [[r.VT.MaxAnisotropy:8]]
[2020.10.18-19.46.37:037][  0]LogConfig: Setting CVar [[r.Streaming.LimitPoolSizeToVRAM:0]]
[2020.10.18-19.46.37:037][  0]LogConfig: Setting CVar [[r.Streaming.PoolSize:1000]]
[2020.10.18-19.46.37:037][  0]LogConfig: Setting CVar [[r.Streaming.MaxEffectiveScreenSize:0]]
[2020.10.18-19.46.37:037][  0]LogConfig: Applying CVar settings from Section [EffectsQuality@3] File [D:/GitHub/BlindVR/Saved/Config/Windows/Scalability.ini]
[2020.10.18-19.46.37:037][  0]LogConfig: Setting CVar [[r.TranslucencyLightingVolumeDim:4]]
[2020.10.18-19.46.37:038][  0]LogConfig: Setting CVar [[r.RefractionQuality:2]]
[2020.10.18-19.46.37:038][  0]LogConfig: Setting CVar [[r.SSR.Quality:0]]
[2020.10.18-19.46.37:038][  0]LogConfig: Setting CVar [[r.SSR.HalfResSceneColor:0]]
[2020.10.18-19.46.37:038][  0]LogConfig: Setting CVar [[r.SceneColorFormat:2]]
[2020.10.18-19.46.37:038][  0]LogConfig: Setting CVar [[r.DetailMode:2]]
[2020.10.18-19.46.37:038][  0]LogConfig: Setting CVar [[r.TranslucencyVolumeBlur:0]]
[2020.10.18-19.46.37:038][  0]LogConfig: Setting CVar [[r.MaterialQualityLevel:1 ; High quality]]
[2020.10.18-19.46.37:038][  0]LogConfig: Setting CVar [[r.SSS.Scale:1]]
[2020.10.18-19.46.37:038][  0]LogConfig: Setting CVar [[r.SSS.SampleSet:2]]
[2020.10.18-19.46.37:038][  0]LogConfig: Setting CVar [[r.SSS.Quality:1]]
[2020.10.18-19.46.37:038][  0]LogConfig: Setting CVar [[r.SSS.HalfRes:0]]
[2020.10.18-19.46.37:038][  0]LogConfig: Setting CVar [[r.SSGI.Quality:3]]
[2020.10.18-19.46.37:038][  0]LogConfig: Setting CVar [[r.EmitterSpawnRateScale:1.0]]
[2020.10.18-19.46.37:038][  0]LogConfig: Setting CVar [[r.ParticleLightQuality:2]]
[2020.10.18-19.46.37:038][  0]LogConfig: Setting CVar [[r.SkyAtmosphere.AerialPerspectiveLUT.FastApplyOnOpaque:1 ; Always have FastSkyLUT 1 in this case to avoid wrong sky]]
[2020.10.18-19.46.37:038][  0]LogConfig: Setting CVar [[r.SkyAtmosphere.AerialPerspectiveLUT.SampleCountPerSlice:1]]
[2020.10.18-19.46.37:038][  0]LogConfig: Setting CVar [[r.SkyAtmosphere.AerialPerspectiveLUT.DepthResolution:16.0]]
[2020.10.18-19.46.37:038][  0]LogConfig: Setting CVar [[r.SkyAtmosphere.FastSkyLUT:1]]
[2020.10.18-19.46.37:038][  0]LogConfig: Setting CVar [[r.SkyAtmosphere.FastSkyLUT.SampleCountMin:4.0]]
[2020.10.18-19.46.37:039][  0]LogConfig: Setting CVar [[r.SkyAtmosphere.FastSkyLUT.SampleCountMax:32.0]]
[2020.10.18-19.46.37:039][  0]LogConfig: Setting CVar [[r.SkyAtmosphere.SampleCountMin:4.0]]
[2020.10.18-19.46.37:039][  0]LogConfig: Setting CVar [[r.SkyAtmosphere.SampleCountMax:32.0]]
[2020.10.18-19.46.37:039][  0]LogConfig: Setting CVar [[r.SkyAtmosphere.TransmittanceLUT.UseSmallFormat:0]]
[2020.10.18-19.46.37:039][  0]LogConfig: Setting CVar [[r.SkyAtmosphere.TransmittanceLUT.SampleCount:10.0]]
[2020.10.18-19.46.37:039][  0]LogConfig: Setting CVar [[r.SkyAtmosphere.MultiScatteringLUT.SampleCount:15.0]]
[2020.10.18-19.46.37:039][  0]LogConfig: Applying CVar settings from Section [FoliageQuality@3] File [D:/GitHub/BlindVR/Saved/Config/Windows/Scalability.ini]
[2020.10.18-19.46.37:039][  0]LogConfig: Setting CVar [[foliage.DensityScale:1.0]]
[2020.10.18-19.46.37:039][  0]LogConfig: Setting CVar [[grass.DensityScale:1.0]]
[2020.10.18-19.46.37:039][  0]LogConfig: Applying CVar settings from Section [ShadingQuality@3] File [D:/GitHub/BlindVR/Saved/Config/Windows/Scalability.ini]
[2020.10.18-19.46.37:039][  0]LogConfig: Setting CVar [[r.HairStrands.SkyLighting.SampleCount:16]]
[2020.10.18-19.46.37:039][  0]LogConfig: Setting CVar [[r.HairStrands.SkyLighting.JitterIntegration:0]]
[2020.10.18-19.46.37:039][  0]LogConfig: Setting CVar [[r.HairStrands.SkyAO.SampleCount:16]]
[2020.10.18-19.46.37:039][  0]LogConfig: Setting CVar [[r.HairStrands.DeepShadow.SuperSampling:0]]
[2020.10.18-19.46.37:039][  0]LogConfig: Setting CVar [[r.HairStrands.VisibilityPPLL:0]]
[2020.10.18-19.46.37:039][  0]LogConfig: Setting CVar [[r.HairStrands.RasterizationScale:0.5]]
[2020.10.18-19.46.37:039][  0]LogConfig: Setting CVar [[r.HairStrands.VelocityRasterizationScale:1]]
[2020.10.18-19.46.37:039][  0]LogConfig: Applying CVar settings from Section [Startup] File [../../../Engine/Config/ConsoleVariables.ini]
[2020.10.18-19.46.37:040][  0]LogConfig: Setting CVar [[net.UseAdaptiveNetUpdateFrequency:0]]
[2020.10.18-19.46.37:040][  0]LogConfig: Setting CVar [[p.chaos.AllowCreatePhysxBodies:1]]
[2020.10.18-19.46.37:040][  0]LogConfig: Setting CVar [[fx.SkipVectorVMBackendOptimizations:1]]
[2020.10.18-19.46.37:040][  0]LogConfig: Applying CVar settings from Section [ConsoleVariables] File [D:/GitHub/BlindVR/Saved/Config/Windows/Engine.ini]
[2020.10.18-19.46.37:040][  0]LogInit: Computer: TAERYNSPC
[2020.10.18-19.46.37:040][  0]LogInit: User: taery
[2020.10.18-19.46.37:040][  0]LogInit: CPU Page size=4096, Cores=4
[2020.10.18-19.46.37:040][  0]LogInit: High frequency timer resolution =10.000000 MHz
[2020.10.18-19.46.37:040][  0]LogMemory: Memory total: Physical=16.0GB (16GB approx)
[2020.10.18-19.46.37:040][  0]LogMemory: Platform Memory Stats for Windows
[2020.10.18-19.46.37:040][  0]LogMemory: Process Physical Memory: 118.65 MB used, 118.65 MB peak
[2020.10.18-19.46.37:040][  0]LogMemory: Process Virtual Memory: 100.55 MB used, 100.55 MB peak
[2020.10.18-19.46.37:040][  0]LogMemory: Physical Memory: 9612.56 MB used,  6727.17 MB free, 16339.73 MB total
[2020.10.18-19.46.37:041][  0]LogMemory: Virtual Memory: 5184.75 MB used,  134212544.00 MB free, 134217728.00 MB total
[2020.10.18-19.46.37:054][  0]LogWindows: WindowsPlatformFeatures enabled
[2020.10.18-19.46.39:610][  0]LogInit: Physics initialised using underlying interface: PhysX
[2020.10.18-19.46.39:625][  0]LogInit: Using OS detected language (en-US).
[2020.10.18-19.46.39:625][  0]LogInit: Using OS detected locale (en-CA).
[2020.10.18-19.46.39:657][  0]LogTextLocalizationManager: No specific localization for 'en-US' exists, so the 'en' localization will be used.
[2020.10.18-19.46.40:921][  0]LogInit: Setting process to per monitor DPI aware
[2020.10.18-19.46.41:296][  0]LogSlate: New Slate User Created.  User Index 0, Is Virtual User: 0
[2020.10.18-19.46.41:296][  0]LogSlate: Slate User Registered.  User Index 0, Is Virtual User: 0
[2020.10.18-19.46.42:118][  0]LogD3D11RHI: D3D11 min allowed feature level: 11_0
[2020.10.18-19.46.42:118][  0]LogD3D11RHI: D3D11 max allowed feature level: 11_0
[2020.10.18-19.46.42:118][  0]LogD3D11RHI: D3D11 adapters:
[2020.10.18-19.46.42:171][  0]LogD3D11RHI:    0. 'AMD Radeon RX 5600 XT' (Feature Level 11_0)
[2020.10.18-19.46.42:171][  0]LogD3D11RHI:       6104/0/8169 MB DedicatedVideo/DedicatedSystem/SharedSystem, Outputs:2, VendorId:0x1002
[2020.10.18-19.46.42:177][  0]LogD3D11RHI:    1. 'Microsoft Basic Render Driver' (Feature Level 11_0)
[2020.10.18-19.46.42:177][  0]LogD3D11RHI:       0/0/8169 MB DedicatedVideo/DedicatedSystem/SharedSystem, Outputs:0, VendorId:0x1414
[2020.10.18-19.46.42:177][  0]LogD3D11RHI: Chosen D3D11 Adapter: 0
[2020.10.18-19.46.42:185][  0]LogD3D11RHI: Creating new Direct3DDevice
[2020.10.18-19.46.42:185][  0]LogD3D11RHI:     GPU DeviceId: 0x731f (for the marketing name, search the web for "GPU Device Id")
[2020.10.18-19.46.42:185][  0]LogWindows: EnumDisplayDevices:
[2020.10.18-19.46.42:186][  0]LogWindows:    0. 'AMD Radeon RX 5600 XT' (P:1 D:1)
[2020.10.18-19.46.42:186][  0]LogWindows:    1. 'AMD Radeon RX 5600 XT' (P:0 D:1)
[2020.10.18-19.46.42:187][  0]LogWindows:    2. 'AMD Radeon RX 5600 XT' (P:0 D:0)
[2020.10.18-19.46.42:187][  0]LogWindows:    3. 'AMD Radeon RX 5600 XT' (P:0 D:0)
[2020.10.18-19.46.42:188][  0]LogWindows:    4. 'AMD Radeon RX 5600 XT' (P:0 D:0)
[2020.10.18-19.46.42:188][  0]LogWindows:    5. 'AMD Radeon RX 5600 XT' (P:0 D:0)
[2020.10.18-19.46.42:188][  0]LogWindows:    6. 'AMD Radeon RX 5600 XT' (P:0 D:0)
[2020.10.18-19.46.42:189][  0]LogWindows:    7. 'AMD Radeon RX 5600 XT' (P:0 D:0)
[2020.10.18-19.46.42:189][  0]LogWindows: DebugString: FoundDriverCount:8 
[2020.10.18-19.46.42:189][  0]LogD3D11RHI:     Adapter Name: AMD Radeon RX 5600 XT
[2020.10.18-19.46.42:190][  0]LogD3D11RHI:   Driver Version: Adrenalin 2020 20.9.1 (internal:27.20.12029.1000, unified:27.20.12029.1000)
[2020.10.18-19.46.42:190][  0]LogD3D11RHI:      Driver Date: 9-9-2020
[2020.10.18-19.46.42:190][  0]LogRHI: Texture pool is 3632 MB (70% of 5188 MB)
[2020.10.18-19.46.42:270][  0]LogD3D11RHI: RHI has support for 64 bit atomics
[2020.10.18-19.46.42:270][  0]LogD3D11RHI: Async texture creation enabled
[2020.10.18-19.46.42:270][  0]LogD3D11RHI: Array index from any shader is supported
[2020.10.18-19.46.42:283][  0]LogD3D11RHI: GPU Timing Frequency: 100.000000 (Debug: 2 1)
[2020.10.18-19.46.42:709][  0]LogTargetPlatformManager: Display: Loaded TargetPlatform 'AllDesktop'
[2020.10.18-19.46.42:827][  0]LogTargetPlatformManager: Display: Loaded TargetPlatform 'Android'
[2020.10.18-19.46.42:827][  0]LogTargetPlatformManager: Display: Loaded TargetPlatform 'Android_ASTC'
[2020.10.18-19.46.42:827][  0]LogTargetPlatformManager: Display: Loaded TargetPlatform 'Android_DXT'
[2020.10.18-19.46.42:827][  0]LogTargetPlatformManager: Display: Loaded TargetPlatform 'Android_ETC2'
[2020.10.18-19.46.42:827][  0]LogTargetPlatformManager: Display: Loaded TargetPlatform 'AndroidClient'
[2020.10.18-19.46.42:827][  0]LogTargetPlatformManager: Display: Loaded TargetPlatform 'Android_ASTCClient'
[2020.10.18-19.46.42:827][  0]LogTargetPlatformManager: Display: Loaded TargetPlatform 'Android_DXTClient'
[2020.10.18-19.46.42:827][  0]LogTargetPlatformManager: Display: Loaded TargetPlatform 'Android_ETC2Client'
[2020.10.18-19.46.42:827][  0]LogTargetPlatformManager: Display: Loaded TargetPlatform 'Android_Multi'
[2020.10.18-19.46.42:827][  0]LogTargetPlatformManager: Display: Loaded TargetPlatform 'Android_MultiClient'
[2020.10.18-19.46.43:236][  0]LogTargetPlatformManager: Display: Loaded TargetPlatform 'IOSClient'
[2020.10.18-19.46.43:236][  0]LogTargetPlatformManager: Display: Loaded TargetPlatform 'IOS'
[2020.10.18-19.46.43:420][  0]LogTargetPlatformManager: Display: Loaded TargetPlatform 'Linux'
[2020.10.18-19.46.43:526][  0]LogTargetPlatformManager: Display: Loaded TargetPlatform 'LinuxNoEditor'
[2020.10.18-19.46.43:591][  0]LogTargetPlatformManager: Display: Loaded TargetPlatform 'LinuxClient'
[2020.10.18-19.46.43:742][  0]LogTargetPlatformManager: Display: Loaded TargetPlatform 'LinuxServer'
[2020.10.18-19.46.43:852][  0]LogTargetPlatformManager: Display: Loaded TargetPlatform 'LinuxAArch64NoEditor'
[2020.10.18-19.46.43:955][  0]LogTargetPlatformManager: Display: Loaded TargetPlatform 'LinuxAArch64Client'
[2020.10.18-19.46.44:072][  0]LogTargetPlatformManager: Display: Loaded TargetPlatform 'LinuxAArch64Server'
[2020.10.18-19.46.44:164][  0]LogTargetPlatformManager: Display: Loaded TargetPlatform 'Lumin'
[2020.10.18-19.46.44:164][  0]LogTargetPlatformManager: Display: Loaded TargetPlatform 'LuminClient'
[2020.10.18-19.46.44:233][  0]LogTargetPlatformManager: Display: Loaded TargetPlatform 'TVOSClient'
[2020.10.18-19.46.44:233][  0]LogTargetPlatformManager: Display: Loaded TargetPlatform 'TVOS'
[2020.10.18-19.46.44:468][  0]LogTargetPlatformManager: Display: Loaded TargetPlatform 'WindowsNoEditor'
[2020.10.18-19.46.44:648][  0]LogTargetPlatformManager: Display: Loaded TargetPlatform 'Windows'
[2020.10.18-19.46.44:725][  0]LogTargetPlatformManager: Display: Loaded TargetPlatform 'WindowsClient'
[2020.10.18-19.46.44:899][  0]LogTargetPlatformManager: Display: Loaded TargetPlatform 'WindowsServer'
[2020.10.18-19.46.44:899][  0]LogTargetPlatformManager: Display: Building Assets For Windows
[2020.10.18-19.46.45:324][  0]LogAudioDebug: Display: Lib vorbis DLL was dynamically loaded.
[2020.10.18-19.46.50:355][  0]LogShaderCompilers: Guid format shader working directory is 16 characters bigger than the processId version (../../../../../GitHub/BlindVR/Intermediate/Shaders/WorkingDirectory/13196/).
[2020.10.18-19.46.50:355][  0]LogShaderCompilers: Cleaned the shader compiler working directory 'C:/Users/taery/AppData/Local/Temp/UnrealShaderWorkingDir/D9B4E7D841C7E039998B17A4A3328723/'.
[2020.10.18-19.46.50:369][  0]LogXGEController: Cleaning working directory: C:/Users/taery/AppData/Local/Temp/UnrealXGEWorkingDir/
[2020.10.18-19.46.50:370][  0]LogXGEController: Cannot use XGE Controller as Incredibuild is not installed on this machine.
[2020.10.18-19.46.50:370][  0]LogShaderCompilers: Cannot use XGE Shader Compiler as Incredibuild is not installed on this machine.
[2020.10.18-19.46.50:370][  0]LogShaderCompilers: Display: Using Local Shader Compiler.
[2020.10.18-19.46.52:088][  0]LogDerivedDataCache: Display: Max Cache Size: 512 MB
[2020.10.18-19.46.52:204][  0]LogDerivedDataCache: Loaded boot cache 0.12s 79MB C:/Users/taery/AppData/Local/UnrealEngine/4.25/DerivedDataCache/Boot.ddc.
[2020.10.18-19.46.52:204][  0]LogDerivedDataCache: Display: Loaded Boot cache: C:/Users/taery/AppData/Local/UnrealEngine/4.25/DerivedDataCache/Boot.ddc
[2020.10.18-19.46.52:204][  0]LogDerivedDataCache: FDerivedDataBackendGraph:  Pak pak cache file ../../../../../GitHub/BlindVR/DerivedDataCache/DDC.ddp not found, will not use a pak cache.
[2020.10.18-19.46.52:204][  0]LogDerivedDataCache: Unable to find inner node Pak for hierarchical cache Hierarchy.
[2020.10.18-19.46.52:204][  0]LogDerivedDataCache: FDerivedDataBackendGraph:  CompressedPak pak cache file ../../../../../GitHub/BlindVR/DerivedDataCache/Compressed.ddp not found, will not use a pak cache.
[2020.10.18-19.46.52:205][  0]LogDerivedDataCache: Unable to find inner node CompressedPak for hierarchical cache Hierarchy.
[2020.10.18-19.46.52:215][  0]LogDerivedDataCache: Display: Pak cache opened for reading ../../../Engine/DerivedDataCache/Compressed.ddp.
[2020.10.18-19.46.52:216][  0]LogDerivedDataCache: FDerivedDataBackendGraph:  EnterprisePak pak cache file ../../../Enterprise/DerivedDataCache/Compressed.ddp not found, will not use a pak cache.
[2020.10.18-19.46.52:216][  0]LogDerivedDataCache: Unable to find inner node EnterprisePak for hierarchical cache Hierarchy.
[2020.10.18-19.46.52:219][  0]LogDerivedDataCache: Using Local data cache path C:/Users/taery/AppData/Local/UnrealEngine/Common/DerivedDataCache: Writable
[2020.10.18-19.46.52:219][  0]LogDerivedDataCache: Shared data cache path not found in *engine.ini, will not use an Shared cache.
[2020.10.18-19.46.52:219][  0]LogDerivedDataCache: Unable to find inner node Shared for hierarchical cache Hierarchy.
[2020.10.18-19.46.52:275][  0]LogSlate: Using FreeType 2.10.0
[2020.10.18-19.46.52:336][  0]LogSlate: SlateFontServices - WITH_FREETYPE: 1, WITH_HARFBUZZ: 1
[2020.10.18-19.46.53:032][  0]LogAssetRegistry: FAssetRegistry took 0.0052 seconds to start up
[2020.10.18-19.46.53:515][  0]LogInit: Selected Device Profile: [Windows]
[2020.10.18-19.46.57:872][  0]LogMeshReduction: Using QuadricMeshReduction for automatic static mesh reduction
[2020.10.18-19.46.57:872][  0]LogMeshReduction: Using SimplygonMeshReduction for automatic skeletal mesh reduction
[2020.10.18-19.46.57:872][  0]LogMeshReduction: Using ProxyLODMeshReduction for automatic mesh merging
[2020.10.18-19.46.57:872][  0]LogMeshReduction: No distributed automatic mesh merging module available
[2020.10.18-19.46.57:872][  0]LogMeshMerging: No distributed automatic mesh merging module available
[2020.10.18-19.46.58:073][  0]LogNetVersion: BlindVR 1.0.0, NetCL: 13144385, EngineNetVer: 14, GameNetVer: 0 (Checksum: 2461011197)
[2020.10.18-19.47.06:938][  0]LogAISub: UAISubsystem::UAISubsystem AISubsystem (000001DF04BD69C0), frame # 0
[2020.10.18-19.47.06:938][  0]LogAISub: UAISubsystem::UAISubsystem AIPerceptionSystem (000001DF04A9AAC0), frame # 0
[2020.10.18-19.47.06:940][  0]LogAISub: UAISubsystem::UAISubsystem EnvQueryManager (000001DF04AE5C00), frame # 0
[2020.10.18-19.47.06:998][  0]LogPackageLocalizationCache: Processed 19 localized package path(s) for 1 prioritized culture(s) in 0.051945 seconds
[2020.10.18-19.47.07:005][  0]LogUObjectArray: 15917 objects as part of root set at end of initial load.
[2020.10.18-19.47.07:005][  0]LogUObjectAllocator: 3965568 out of 0 bytes used by permanent object pool.
[2020.10.18-19.47.07:005][  0]LogUObjectArray: CloseDisregardForGC: 0/0 objects in disregard for GC pool
[2020.10.18-19.47.25:728][  0]LogTcpMessaging: Initializing TcpMessaging bridge
[2020.10.18-19.47.25:791][  0]LogUdpMessaging: Initializing bridge on interface 0.0.0.0:0 to multicast group 230.0.0.1:6666.
[2020.10.18-19.47.31:217][  0]SourceControl: Source control is disabled
[2020.10.18-19.47.31:217][  0]SourceControl: Source control is disabled
[2020.10.18-19.47.31:522][  0]SourceControl: Source control is disabled
[2020.10.18-19.47.31:842][  0]SourceControl: Source control is disabled
[2020.10.18-19.47.32:199][  0]SourceControl: Source control is disabled
[2020.10.18-19.47.48:291][  0]LogAndroidPermission: UAndroidPermissionCallbackProxy::GetInstance
[2020.10.18-19.47.49:251][  0]LogAudioCaptureCore: Display: No Audio Capture implementations found. Audio input will be silent.
[2020.10.18-19.47.49:251][  0]LogAudioCaptureCore: Display: No Audio Capture implementations found. Audio input will be silent.
[2020.10.18-19.47.50:722][  0]LogOcInput: OculusInput pre-init called
[2020.10.18-19.47.52:213][  0]LogEngine: Initializing Engine...
[2020.10.18-19.47.52:215][  0]LogHMD: Oculus plugin initialized. Version: 4.25.3-13942748+++UE4+Release-4.25, OVRPlugin: 1.44.0
[2020.10.18-19.47.52:216][  0]LogStats: UGameplayTagsManager::InitializeManager -  0.000 s
[2020.10.18-19.47.52:354][  0]LogInit: Initializing FReadOnlyCVARCache
[2020.10.18-19.47.52:648][  0]LogAIModule: Creating AISystem for world Untitled
[2020.10.18-19.47.52:648][  0]LogAISub: UAISubsystem::UAISubsystem EnvQueryManager (000001DF1A8D9E00), frame # 0
[2020.10.18-19.47.52:648][  0]LogAISub: UAISubsystem::UAISubsystem AIPerceptionSystem (000001DF08B39F80), frame # 0
[2020.10.18-19.47.53:024][  0]LogAudioMixer: Display: Audio Mixer Platform Settings:
[2020.10.18-19.47.53:024][  0]LogAudioMixer: Display: 	Sample Rate:						  48000
[2020.10.18-19.47.53:024][  0]LogAudioMixer: Display: 	Callback Buffer Frame Size Requested: 1024
[2020.10.18-19.47.53:024][  0]LogAudioMixer: Display: 	Callback Buffer Frame Size To Use:	  1024
[2020.10.18-19.47.53:024][  0]LogAudioMixer: Display: 	Number of buffers to queue:			  2
[2020.10.18-19.47.53:024][  0]LogAudioMixer: Display: 	Max Channels (voices):				  32
[2020.10.18-19.47.53:024][  0]LogAudioMixer: Display: 	Number of Async Source Workers:		  0
[2020.10.18-19.47.53:025][  0]LogAudio: Display: AudioDevice MaxSources: 32
[2020.10.18-19.47.53:025][  0]LogAudio: Display: Using built-in audio occlusion.
[2020.10.18-19.47.53:025][  0]LogAudioMixer: Display: Initializing audio mixer.
[2020.10.18-19.47.53:077][  0]LogAudioMixer: Display: 0: FrontLeft
[2020.10.18-19.47.53:077][  0]LogAudioMixer: Display: 1: FrontRight
[2020.10.18-19.47.53:163][  0]LogAudioMixer: Display: Using Audio Device Headphones (Realtek High Definition Audio)
[2020.10.18-19.47.53:167][  0]LogAudioMixer: Display: Initializing Sound Submixes...
[2020.10.18-19.47.53:170][  0]LogAudioMixer: Display: Creating Master Submix 'MasterSubmixDefault'
[2020.10.18-19.47.53:170][  0]LogAudioMixer: Display: Creating Master Submix 'MasterReverbSubmixDefault'
[2020.10.18-19.47.53:171][  0]LogAudioMixer: Display: Creating Master Submix 'MasterEQSubmixDefault'
[2020.10.18-19.47.53:173][  0]LogInit: FAudioDevice initialized.
[2020.10.18-19.47.53:174][  0]LogNetVersion: Set ProjectVersion to 1.0.0.0. Version Checksum will be recalculated on next use.
[2020.10.18-19.47.53:248][  0]LogDerivedDataCache: Saved boot cache 0.08s 79MB C:/Users/taery/AppData/Local/UnrealEngine/4.25/DerivedDataCache/Boot.ddc.
[2020.10.18-19.47.53:255][  0]LogInit: Texture streaming: Enabled
[2020.10.18-19.47.53:664][  0]LogEngineSessionManager: EngineSessionManager initialized
[2020.10.18-19.47.53:689][  0]LogEngineSessionManager: EngineSessionManager sent abnormal shutdown report. Type=Debugger, SessionId={28F5B3C9-4A61-077B-8422-5AAA8E2941D0}
[2020.10.18-19.47.53:689][  0]LogEngineSessionManager: EngineSessionManager sent abnormal shutdown report. Type=Debugger, SessionId={BE7C17E0-4A59-5B95-D8AE-65A2D2093340}
[2020.10.18-19.47.53:690][  0]LogEditorSessionSummary: Verbose: Initializing EditorSessionSummaryWriter for editor session tracking
[2020.10.18-19.47.53:691][  0]LogEditorSessionSummary: EditorSessionSummaryWriter initialized
[2020.10.18-19.47.54:144][  0]LogInit: Transaction tracking system initialized
[2020.10.18-19.47.57:360][  0]BlueprintLog: New page: Editor Load
[2020.10.18-19.48.01:121][  0]LocalizationService: Localization service is disabled
[2020.10.18-19.48.04:262][  0]LogCook: Display: Max memory allowance for cook 16384mb min free memory 0mb
[2020.10.18-19.48.04:263][  0]LogCook: Display: Mobile HDR setting 1
[2020.10.18-19.48.04:391][  0]LogFileCache: Scanning file cache for directory 'D:/GitHub/BlindVR/Content/' took 0.00s
[2020.10.18-19.48.14:174][  0]SourceControl: Source control is disabled
[2020.10.18-19.48.14:174][  0]LogUnrealEdMisc: Loading editor; pre map load, took 111.548
[2020.10.18-19.48.14:174][  0]Cmd: MAP LOAD FILE="../../../../../GitHub/BlindVR/Content/ThirdPersonBP/Maps/ThirdPersonExampleMap.umap" TEMPLATE=0 SHOWPROGRESS=1 FEATURELEVEL=3
[2020.10.18-19.48.14:174][  0]LightingResults: New page: Lighting Build
[2020.10.18-19.48.14:236][  0]LogWorld: UWorld::CleanupWorld for Untitled, bSessionEnded=true, bCleanupResources=true
[2020.10.18-19.48.14:236][  0]LogSlate: InvalidateAllWidgets triggered.  All widgets were invalidated
[2020.10.18-19.48.14:236][  0]MapCheck: New page: Map Check
[2020.10.18-19.48.14:236][  0]LightingResults: New page: Lighting Build
[2020.10.18-19.48.14:245][  0]LogAISub: UAISubsystem::~UAISubsystem EnvQueryManager (000001DF1A8D9E00), frame # 0
[2020.10.18-19.48.14:245][  0]LogAISub: UAISubsystem::~UAISubsystem AIPerceptionSystem (000001DF08B39F80), frame # 0
[2020.10.18-19.48.14:246][  0]LogUObjectHash: Compacting FUObjectHashTables data took   0.79ms
[2020.10.18-19.48.15:173][  0]LogAIModule: Creating AISystem for world ThirdPersonExampleMap
[2020.10.18-19.48.15:173][  0]LogAISub: UAISubsystem::UAISubsystem EnvQueryManager (000001DF1AA2FE00), frame # 0
[2020.10.18-19.48.15:173][  0]LogAISub: UAISubsystem::UAISubsystem AIPerceptionSystem (000001DF1AACDBC0), frame # 0
[2020.10.18-19.48.15:187][  0]LogEditorServer: Finished looking for orphan Actors (0.000 secs)
[2020.10.18-19.48.15:207][  0]LogUObjectHash: Compacting FUObjectHashTables data took   0.70ms
[2020.10.18-19.48.15:208][  0]Cmd: MAP CHECKDEP NOCLEARLOG
[2020.10.18-19.48.15:208][  0]MapCheck: Map check complete: 0 Error(s), 0 Warning(s), took 0.103ms to complete.
[2020.10.18-19.48.15:208][  0]LogFileHelpers: Loading map 'ThirdPersonExampleMap' took 1.034
[2020.10.18-19.48.15:210][  0]LogUnrealEdMisc: Total Editor Startup Time, took 112.584
[2020.10.18-19.48.15:398][  0]LogSlate: Updating window title bar state: overlay mode, drag disabled, window buttons hidden, title bar hidden
[2020.10.18-19.48.15:408][  0]LogSlate: Updating window title bar state: overlay mode, drag disabled, window buttons hidden, title bar hidden
[2020.10.18-19.48.15:417][  0]LogSlate: Updating window title bar state: overlay mode, drag disabled, window buttons hidden, title bar hidden
[2020.10.18-19.48.15:423][  0]LogSlate: Updating window title bar state: overlay mode, drag disabled, window buttons hidden, title bar hidden
[2020.10.18-19.48.15:555][  0]LogCollectionManager: Loaded 0 collections in 0.000896 seconds
[2020.10.18-19.48.15:647][  0]LogFileCache: Scanning file cache for directory 'D:/GitHub/BlindVR/Saved/Collections/' took 0.00s
[2020.10.18-19.48.15:647][  0]LogFileCache: Scanning file cache for directory 'D:/GitHub/BlindVR/Content/Developers/taery/Collections/' took 0.00s
[2020.10.18-19.48.15:647][  0]LogFileCache: Scanning file cache for directory 'D:/GitHub/BlindVR/Content/Collections/' took 0.00s
[2020.10.18-19.48.15:647][  0]LogContentBrowser: Native class hierarchy populated in 0.0082 seconds. Added 3430 classes and 826 folders.
[2020.10.18-19.48.15:688][  0]LogContentBrowser: Native class hierarchy updated for 'WidgetCarousel' in 0.0004 seconds. Added 0 classes and 0 folders.
[2020.10.18-19.48.19:286][  0]LogContentBrowser: Native class hierarchy updated for 'AddContentDialog' in 0.0004 seconds. Added 0 classes and 0 folders.
[2020.10.18-19.48.19:287][  0]LogContentBrowser: Native class hierarchy updated for 'SceneOutliner' in 0.0003 seconds. Added 2 classes and 0 folders.
[2020.10.18-19.48.19:339][  0]LogSlate: Took 0.012661 seconds to synchronously load lazily loaded font '../../../Engine/Content/Slate/Fonts/Roboto-Regular.ttf' (155K)
[2020.10.18-19.48.19:373][  0]LogSlate: Took 0.032045 seconds to synchronously load lazily loaded font '../../../Engine/Content/Slate/Fonts/Roboto-Bold.ttf' (160K)
[2020.10.18-19.48.19:394][  0]LogSlate: Took 0.016029 seconds to synchronously load lazily loaded font '../../../Engine/Content/Editor/Slate/Fonts/FontAwesome.ttf' (139K)
[2020.10.18-19.48.19:483][  0]LogRenderer: Reallocating scene render targets to support 1208x572 Format 26 NumSamples 1 (Frame:1).
[2020.10.18-19.48.19:573][  0]LogSlate: Took 0.000117 seconds to synchronously load lazily loaded font '../../../Engine/Content/Slate/Fonts/Roboto-Light.ttf' (167K)
[2020.10.18-19.48.19:858][  0]LogContentBrowser: Native class hierarchy updated for 'HierarchicalLODOutliner' in 0.0003 seconds. Added 0 classes and 0 folders.
[2020.10.18-19.48.19:858][  0]LogLoad: (Engine Initialization) Total time: 117.23 seconds
[2020.10.18-19.48.19:859][  0]LogLoad: (Engine Initialization) Total Blueprint compile time: 0.00 seconds
[2020.10.18-19.48.19:868][  0]LogOcInput: OculusInput is initialized
[2020.10.18-19.48.19:901][  0]LogAssetRegistry: Asset discovery search completed in 86.8719 seconds
[2020.10.18-19.48.19:905][  0]LogCollectionManager: Fixed up redirectors for 0 collections in 0.000002 seconds (updated 0 objects)
[2020.10.18-19.48.19:906][  0]LogContentStreaming: Texture pool size now 1000 MB
[2020.10.18-19.48.32:538][ 86]LogSlate: Took 0.000128 seconds to synchronously load lazily loaded font '../../../Engine/Content/Slate/Fonts/Roboto-Light.ttf' (167K)
[2020.10.18-19.48.32:552][ 86]LogAssetEditorSubsystem: Opening Asset editor for Blueprint /Game/AI/NPC_C++/NPC_CPP.NPC_CPP
[2020.10.18-19.48.32:830][ 86]LogContentBrowser: Native class hierarchy updated for 'BlueprintGraph' in 0.0010 seconds. Added 125 classes and 0 folders.
[2020.10.18-19.48.35:691][218]LogSlate: Window 'NPC_CPP' being destroyed
[2020.10.18-19.48.35:701][218]LogWorld: UWorld::CleanupWorld for World_3, bSessionEnded=true, bCleanupResources=true
[2020.10.18-19.48.35:701][218]LogSlate: InvalidateAllWidgets triggered.  All widgets were invalidated
[2020.10.18-19.48.35:766][218]LogAssetEditorSubsystem: Opening Asset editor for Blueprint /Game/AI/NPC_C++/NPC_CPP.NPC_CPP
[2020.10.18-19.48.36:223][218]LogSlate: Took 0.013236 seconds to synchronously load lazily loaded font '../../../Engine/Content/Slate/Fonts/Roboto-BoldCondensed.ttf' (158K)
[2020.10.18-19.48.37:589][315]LogSlate: Window 'NPC_CPP' being destroyed
[2020.10.18-19.48.41:790][762]BlueprintLog: New page: Compile NPC_CPP
[2020.10.18-19.48.41:897][762]LogUObjectHash: Compacting FUObjectHashTables data took   1.82ms
[2020.10.18-19.48.42:232][762]LogSlate: Took 0.295884 seconds to synchronously load lazily loaded font '../../../Engine/Content/Slate/Fonts/DroidSansMono.ttf' (77K)
[2020.10.18-19.48.44:687][996]LogTemp: Repeating last play command: Selected Viewport
[2020.10.18-19.48.44:707][996]LogPlayLevel: PlayLevel: No blueprints needed recompiling
[2020.10.18-19.48.44:707][996]LogHMD: Initializing OVRPlugin session
[2020.10.18-19.48.50:927][996]LogHMD: Allocating Oculus 3296 x 1776 rendertarget swapchain
[2020.10.18-19.48.51:143][996]PIE: New page: PIE session: ThirdPersonExampleMap (Oct. 18, 2020, 11:48:50 a.m.)
[2020.10.18-19.48.51:146][996]LogOnline: OSS: Creating online subsystem instance for: NULL
[2020.10.18-19.48.51:149][996]LogOnline: OSS: TryLoadSubsystemAndSetDefault: Loaded subsystem for module [NULL]
[2020.10.18-19.48.51:149][996]LogPlayLevel: Creating play world package: /Game/ThirdPersonBP/Maps/UEDPIE_0_ThirdPersonExampleMap
[2020.10.18-19.48.51:161][996]LogPlayLevel: PIE: StaticDuplicateObject took: (0.012379s)
[2020.10.18-19.48.51:163][996]LogAIModule: Creating AISystem for world ThirdPersonExampleMap
[2020.10.18-19.48.51:164][996]LogAISub: UAISubsystem::UAISubsystem EnvQueryManager (000001DF1C28E000), frame # 1996
[2020.10.18-19.48.51:164][996]LogAISub: UAISubsystem::UAISubsystem AIPerceptionSystem (000001DF1C4351C0), frame # 1996
[2020.10.18-19.48.51:164][996]LogPlayLevel: PIE: World Init took: (0.002786s)
[2020.10.18-19.48.51:165][996]LogPlayLevel: PIE: Created PIE world by copying editor world from /Game/ThirdPersonBP/Maps/ThirdPersonExampleMap.ThirdPersonExampleMap to /Game/ThirdPersonBP/Maps/UEDPIE_0_ThirdPersonExampleMap.ThirdPersonExampleMap (0.015662s)
[2020.10.18-19.48.51:186][996]LogUObjectHash: Compacting FUObjectHashTables data took   1.93ms
[2020.10.18-19.48.51:188][996]LogAudioMixer: Display: Audio Mixer Platform Settings:
[2020.10.18-19.48.51:188][996]LogAudioMixer: Display: 	Sample Rate:						  48000
[2020.10.18-19.48.51:188][996]LogAudioMixer: Display: 	Callback Buffer Frame Size Requested: 1024
[2020.10.18-19.48.51:188][996]LogAudioMixer: Display: 	Callback Buffer Frame Size To Use:	  1024
[2020.10.18-19.48.51:188][996]LogAudioMixer: Display: 	Number of buffers to queue:			  2
[2020.10.18-19.48.51:188][996]LogAudioMixer: Display: 	Max Channels (voices):				  32
[2020.10.18-19.48.51:189][996]LogAudioMixer: Display: 	Number of Async Source Workers:		  0
[2020.10.18-19.48.51:189][996]LogAudio: Display: AudioDevice MaxSources: 32
[2020.10.18-19.48.51:189][996]LogAudio: Display: Using built-in audio occlusion.
[2020.10.18-19.48.51:189][996]LogAudioMixer: Display: Initializing audio mixer.
[2020.10.18-19.48.51:193][996]LogAudioMixer: Display: 0: FrontLeft
[2020.10.18-19.48.51:194][996]LogAudioMixer: Display: 1: FrontRight
[2020.10.18-19.48.51:256][996]LogAudioMixer: Display: Using Audio Device Headphones (Realtek High Definition Audio)
[2020.10.18-19.48.51:256][996]LogAudioMixer: Display: Initializing Sound Submixes...
[2020.10.18-19.48.51:256][996]LogAudioMixer: Display: Creating Master Submix 'MasterSubmixDefault'
[2020.10.18-19.48.51:256][996]LogAudioMixer: Display: Creating Master Submix 'MasterReverbSubmixDefault'
[2020.10.18-19.48.51:257][996]LogAudioMixer: Display: Creating Master Submix 'MasterEQSubmixDefault'
[2020.10.18-19.48.51:277][996]LogInit: FAudioDevice initialized.
[2020.10.18-19.48.51:295][996]LogLoad: Game class is 'ThirdPersonGameMode_C'
[2020.10.18-19.48.51:299][996]LogWorld: Bringing World /Game/ThirdPersonBP/Maps/UEDPIE_0_ThirdPersonExampleMap.ThirdPersonExampleMap up for play (max tick rate 0) at 2020.10.18-15.48.51
[2020.10.18-19.48.51:997][996]LogWorld: Bringing up level for play took: 0.700337
[2020.10.18-19.48.52:047][996]LogOnline: OSS: Creating online subsystem instance for: :Context_6
[2020.10.18-19.48.52:302][996]LogContentBrowser: Native class hierarchy updated for 'MovieSceneCapture' in 0.0005 seconds. Added 20 classes and 0 folders.
[2020.10.18-19.48.52:390][996]LogTemp: Warning: All Systems Set
[2020.10.18-19.48.52:442][996]PIE: Server logged in
[2020.10.18-19.48.52:448][996]PIE: Play in editor total start time 7.742 seconds.
[2020.10.18-19.49.01:972][508]LogSlate: Updating window title bar state: overlay mode, drag disabled, window buttons hidden, title bar hidden
[2020.10.18-19.49.01:972][508]LogWorld: BeginTearingDown for /Game/ThirdPersonBP/Maps/UEDPIE_0_ThirdPersonExampleMap
[2020.10.18-19.49.02:061][508]LogWorld: UWorld::CleanupWorld for ThirdPersonExampleMap, bSessionEnded=true, bCleanupResources=true
[2020.10.18-19.49.02:062][508]LogSlate: InvalidateAllWidgets triggered.  All widgets were invalidated
[2020.10.18-19.49.02:203][508]LogPlayLevel: Display: Shutting down PIE online subsystems
[2020.10.18-19.49.02:239][508]LogSlate: InvalidateAllWidgets triggered.  All widgets were invalidated
[2020.10.18-19.49.04:011][508]LogSlate: Updating window title bar state: overlay mode, drag disabled, window buttons hidden, title bar hidden
[2020.10.18-19.49.04:100][508]LogAISub: UAISubsystem::~UAISubsystem AIPerceptionSystem (000001DF1C4351C0), frame # 2508
[2020.10.18-19.49.04:100][508]LogAISub: UAISubsystem::~UAISubsystem EnvQueryManager (000001DF1C28E000), frame # 2508
[2020.10.18-19.49.04:334][508]LogUObjectHash: Compacting FUObjectHashTables data took   4.18ms
[2020.10.18-19.49.04:411][509]Cmd: SELECT NONE
[2020.10.18-19.49.04:917][509]LogPlayLevel: Display: Destroying online subsystem :Context_6
[2020.10.18-19.49.07:333][769]LogEditorViewport: Clicking on Actor (context menu): StaticMeshActor (Floor)
[2020.10.18-19.49.11:254][ 26]LogTemp: Repeating last play command: Selected Viewport
[2020.10.18-19.49.11:272][ 26]LogPlayLevel: PlayLevel: No blueprints needed recompiling
[2020.10.18-19.49.11:273][ 26]LogHMD: Initializing OVRPlugin session
[2020.10.18-19.49.11:344][ 26]LogHMD: Allocating Oculus 3296 x 1776 rendertarget swapchain
[2020.10.18-19.49.11:344][ 26]PIE: New page: PIE session: ThirdPersonExampleMap (Oct. 18, 2020, 11:49:11 a.m.)
[2020.10.18-19.49.11:345][ 26]LogPlayLevel: Creating play world package: /Game/ThirdPersonBP/Maps/UEDPIE_0_ThirdPersonExampleMap
[2020.10.18-19.49.11:358][ 26]LogPlayLevel: PIE: StaticDuplicateObject took: (0.013314s)
[2020.10.18-19.49.11:360][ 26]LogAIModule: Creating AISystem for world ThirdPersonExampleMap
[2020.10.18-19.49.11:360][ 26]LogAISub: UAISubsystem::UAISubsystem EnvQueryManager (000001DF917A2000), frame # 3026
[2020.10.18-19.49.11:502][ 26]LogAISub: UAISubsystem::UAISubsystem AIPerceptionSystem (000001DF8FA2FB00), frame # 3026
[2020.10.18-19.49.11:503][ 26]LogPlayLevel: PIE: World Init took: (0.144329s)
[2020.10.18-19.49.11:503][ 26]LogPlayLevel: PIE: Created PIE world by copying editor world from /Game/ThirdPersonBP/Maps/ThirdPersonExampleMap.ThirdPersonExampleMap to /Game/ThirdPersonBP/Maps/UEDPIE_0_ThirdPersonExampleMap.ThirdPersonExampleMap (0.158089s)
[2020.10.18-19.49.11:596][ 26]LogUObjectHash: Compacting FUObjectHashTables data took   2.94ms
[2020.10.18-19.49.11:600][ 26]LogAudioMixer: Display: Audio Mixer Platform Settings:
[2020.10.18-19.49.11:600][ 26]LogAudioMixer: Display: 	Sample Rate:						  48000
[2020.10.18-19.49.11:600][ 26]LogAudioMixer: Display: 	Callback Buffer Frame Size Requested: 1024
[2020.10.18-19.49.11:600][ 26]LogAudioMixer: Display: 	Callback Buffer Frame Size To Use:	  1024
[2020.10.18-19.49.11:600][ 26]LogAudioMixer: Display: 	Number of buffers to queue:			  2
[2020.10.18-19.49.11:600][ 26]LogAudioMixer: Display: 	Max Channels (voices):				  32
[2020.10.18-19.49.11:600][ 26]LogAudioMixer: Display: 	Number of Async Source Workers:		  0
[2020.10.18-19.49.11:601][ 26]LogAudio: Display: AudioDevice MaxSources: 32
[2020.10.18-19.49.11:601][ 26]LogAudio: Display: Using built-in audio occlusion.
[2020.10.18-19.49.11:602][ 26]LogAudioMixer: Display: Initializing audio mixer.
[2020.10.18-19.49.11:606][ 26]LogAudioMixer: Display: 0: FrontLeft
[2020.10.18-19.49.11:606][ 26]LogAudioMixer: Display: 1: FrontRight
[2020.10.18-19.49.11:650][ 26]LogAudioMixer: Display: Using Audio Device Headphones (Realtek High Definition Audio)
[2020.10.18-19.49.11:650][ 26]LogAudioMixer: Display: Initializing Sound Submixes...
[2020.10.18-19.49.11:650][ 26]LogAudioMixer: Display: Creating Master Submix 'MasterSubmixDefault'
[2020.10.18-19.49.11:650][ 26]LogAudioMixer: Display: Creating Master Submix 'MasterReverbSubmixDefault'
[2020.10.18-19.49.11:651][ 26]LogAudioMixer: Display: Creating Master Submix 'MasterEQSubmixDefault'
[2020.10.18-19.49.11:665][ 26]LogInit: FAudioDevice initialized.
[2020.10.18-19.49.11:679][ 26]LogLoad: Game class is 'ThirdPersonGameMode_C'
[2020.10.18-19.49.11:682][ 26]LogWorld: Bringing World /Game/ThirdPersonBP/Maps/UEDPIE_0_ThirdPersonExampleMap.ThirdPersonExampleMap up for play (max tick rate 0) at 2020.10.18-15.49.11
[2020.10.18-19.49.11:682][ 26]LogWorld: Bringing up level for play took: 0.002552
[2020.10.18-19.49.11:683][ 26]LogOnline: OSS: Creating online subsystem instance for: :Context_8
[2020.10.18-19.49.11:686][ 26]LogTemp: Warning: All Systems Set
[2020.10.18-19.49.11:686][ 26]PIE: Server logged in
[2020.10.18-19.49.11:687][ 26]PIE: Play in editor total start time 0.415 seconds.
[2020.10.18-19.49.21:384][147]LogEditorViewport: Clicking on Actor (LMB): StaticMeshActor (Floor)
[2020.10.18-19.49.24:286][332]LogSlate: Updating window title bar state: overlay mode, drag disabled, window buttons hidden, title bar hidden
[2020.10.18-19.49.24:287][332]LogWorld: BeginTearingDown for /Game/ThirdPersonBP/Maps/UEDPIE_0_ThirdPersonExampleMap
[2020.10.18-19.49.24:287][332]LogWorld: UWorld::CleanupWorld for ThirdPersonExampleMap, bSessionEnded=true, bCleanupResources=true
[2020.10.18-19.49.24:288][332]LogSlate: InvalidateAllWidgets triggered.  All widgets were invalidated
[2020.10.18-19.49.24:302][332]LogPlayLevel: Display: Shutting down PIE online subsystems
[2020.10.18-19.49.24:306][332]LogSlate: InvalidateAllWidgets triggered.  All widgets were invalidated
[2020.10.18-19.49.24:327][332]LogSlate: Updating window title bar state: overlay mode, drag disabled, window buttons hidden, title bar hidden
[2020.10.18-19.49.24:416][332]LogAISub: UAISubsystem::~UAISubsystem AIPerceptionSystem (000001DF8FA2FB00), frame # 4332
[2020.10.18-19.49.24:419][332]LogAISub: UAISubsystem::~UAISubsystem EnvQueryManager (000001DF917A2000), frame # 4332
[2020.10.18-19.49.24:423][332]LogUObjectHash: Compacting FUObjectHashTables data took   3.17ms
[2020.10.18-19.49.24:461][333]LogPlayLevel: Display: Destroying online subsystem :Context_8
[2020.10.18-19.49.25:770][472]LogTemp: Repeating last play command: Selected Viewport
[2020.10.18-19.49.25:788][472]LogPlayLevel: PlayLevel: No blueprints needed recompiling
[2020.10.18-19.49.25:788][472]PIE: New page: PIE session: ThirdPersonExampleMap (Oct. 18, 2020, 11:49:25 a.m.)
[2020.10.18-19.49.25:788][472]LogPlayLevel: Creating play world package: /Game/ThirdPersonBP/Maps/UEDPIE_0_ThirdPersonExampleMap
[2020.10.18-19.49.25:801][472]LogPlayLevel: PIE: StaticDuplicateObject took: (0.012659s)
[2020.10.18-19.49.25:802][472]LogAIModule: Creating AISystem for world ThirdPersonExampleMap
[2020.10.18-19.49.25:802][472]LogAISub: UAISubsystem::UAISubsystem EnvQueryManager (000001DF23F97600), frame # 4472
[2020.10.18-19.49.25:803][472]LogAISub: UAISubsystem::UAISubsystem AIPerceptionSystem (000001DF910D2FC0), frame # 4472
[2020.10.18-19.49.25:803][472]LogPlayLevel: PIE: World Init took: (0.001779s)
[2020.10.18-19.49.25:803][472]LogPlayLevel: PIE: Created PIE world by copying editor world from /Game/ThirdPersonBP/Maps/ThirdPersonExampleMap.ThirdPersonExampleMap to /Game/ThirdPersonBP/Maps/UEDPIE_0_ThirdPersonExampleMap.ThirdPersonExampleMap (0.014883s)
[2020.10.18-19.49.25:826][472]LogUObjectHash: Compacting FUObjectHashTables data took   1.90ms
[2020.10.18-19.49.25:829][472]LogAudioMixer: Display: Audio Mixer Platform Settings:
[2020.10.18-19.49.25:829][472]LogAudioMixer: Display: 	Sample Rate:						  48000
[2020.10.18-19.49.25:829][472]LogAudioMixer: Display: 	Callback Buffer Frame Size Requested: 1024
[2020.10.18-19.49.25:829][472]LogAudioMixer: Display: 	Callback Buffer Frame Size To Use:	  1024
[2020.10.18-19.49.25:829][472]LogAudioMixer: Display: 	Number of buffers to queue:			  2
[2020.10.18-19.49.25:829][472]LogAudioMixer: Display: 	Max Channels (voices):				  32
[2020.10.18-19.49.25:829][472]LogAudioMixer: Display: 	Number of Async Source Workers:		  0
[2020.10.18-19.49.25:829][472]LogAudio: Display: AudioDevice MaxSources: 32
[2020.10.18-19.49.25:830][472]LogAudio: Display: Using built-in audio occlusion.
[2020.10.18-19.49.25:830][472]LogAudioMixer: Display: Initializing audio mixer.
[2020.10.18-19.49.25:834][472]LogAudioMixer: Display: 0: FrontLeft
[2020.10.18-19.49.25:834][472]LogAudioMixer: Display: 1: FrontRight
[2020.10.18-19.49.25:880][472]LogAudioMixer: Display: Using Audio Device Headphones (Realtek High Definition Audio)
[2020.10.18-19.49.25:880][472]LogAudioMixer: Display: Initializing Sound Submixes...
[2020.10.18-19.49.25:880][472]LogAudioMixer: Display: Creating Master Submix 'MasterSubmixDefault'
[2020.10.18-19.49.25:880][472]LogAudioMixer: Display: Creating Master Submix 'MasterReverbSubmixDefault'
[2020.10.18-19.49.25:881][472]LogAudioMixer: Display: Creating Master Submix 'MasterEQSubmixDefault'
[2020.10.18-19.49.25:898][472]LogInit: FAudioDevice initialized.
[2020.10.18-19.49.25:908][472]LogLoad: Game class is 'ThirdPersonGameMode_C'
[2020.10.18-19.49.25:911][472]LogWorld: Bringing World /Game/ThirdPersonBP/Maps/UEDPIE_0_ThirdPersonExampleMap.ThirdPersonExampleMap up for play (max tick rate 0) at 2020.10.18-15.49.25
[2020.10.18-19.49.25:912][472]LogWorld: Bringing up level for play took: 0.003607
[2020.10.18-19.49.25:912][472]LogOnline: OSS: Creating online subsystem instance for: :Context_9
[2020.10.18-19.49.25:916][472]LogTemp: Warning: All Systems Set
[2020.10.18-19.49.25:917][472]PIE: Server logged in
[2020.10.18-19.49.25:918][472]PIE: Play in editor total start time 0.131 seconds.
[2020.10.18-19.49.30:556][ 19]LogSlate: Updating window title bar state: overlay mode, drag disabled, window buttons hidden, title bar hidden
[2020.10.18-19.49.30:556][ 19]LogWorld: BeginTearingDown for /Game/ThirdPersonBP/Maps/UEDPIE_0_ThirdPersonExampleMap
[2020.10.18-19.49.30:556][ 19]LogWorld: UWorld::CleanupWorld for ThirdPersonExampleMap, bSessionEnded=true, bCleanupResources=true
[2020.10.18-19.49.30:557][ 19]LogSlate: InvalidateAllWidgets triggered.  All widgets were invalidated
[2020.10.18-19.49.30:573][ 19]LogPlayLevel: Display: Shutting down PIE online subsystems
[2020.10.18-19.49.30:578][ 19]LogSlate: InvalidateAllWidgets triggered.  All widgets were invalidated
[2020.10.18-19.49.30:599][ 19]LogSlate: Updating window title bar state: overlay mode, drag disabled, window buttons hidden, title bar hidden
[2020.10.18-19.49.30:666][ 19]LogAISub: UAISubsystem::~UAISubsystem EnvQueryManager (000001DF23F97600), frame # 5019
[2020.10.18-19.49.30:666][ 19]LogAISub: UAISubsystem::~UAISubsystem AIPerceptionSystem (000001DF910D2FC0), frame # 5019
[2020.10.18-19.49.30:669][ 19]LogUObjectHash: Compacting FUObjectHashTables data took   2.43ms
[2020.10.18-19.49.30:702][ 20]LogPlayLevel: Display: Destroying online subsystem :Context_9
[2020.10.18-19.49.32:784][264]Cmd: SELECT NONE
[2020.10.18-19.50.45:684][630]LogSlate: Window 'Editor Preferences' being destroyed
[2020.10.18-19.50.45:690][630]LogSlate: Window 'Editor Preferences' being destroyed
[2020.10.18-19.52.08:539][264]LogTemp: Repeating last play command: Selected Viewport
[2020.10.18-19.52.08:561][264]LogPlayLevel: PlayLevel: No blueprints needed recompiling
[2020.10.18-19.52.08:561][264]LogHMD: Initializing OVRPlugin session
[2020.10.18-19.52.08:647][264]LogHMD: Allocating Oculus 3296 x 1776 rendertarget swapchain
[2020.10.18-19.52.08:647][264]PIE: New page: PIE session: ThirdPersonExampleMap (Oct. 18, 2020, 11:52:08 a.m.)
[2020.10.18-19.52.08:686][264]LogPlayLevel: Creating play world package: /Game/ThirdPersonBP/Maps/UEDPIE_0_ThirdPersonExampleMap
[2020.10.18-19.52.08:701][264]LogPlayLevel: PIE: StaticDuplicateObject took: (0.015405s)
[2020.10.18-19.52.08:702][264]LogAIModule: Creating AISystem for world ThirdPersonExampleMap
[2020.10.18-19.52.08:702][264]LogAISub: UAISubsystem::UAISubsystem EnvQueryManager (000001DF929EB400), frame # 17264
[2020.10.18-19.52.08:702][264]LogAISub: UAISubsystem::UAISubsystem AIPerceptionSystem (000001DF9A9BD580), frame # 17264
[2020.10.18-19.52.08:702][264]LogPlayLevel: PIE: World Init took: (0.001598s)
[2020.10.18-19.52.08:702][264]LogPlayLevel: PIE: Created PIE world by copying editor world from /Game/ThirdPersonBP/Maps/ThirdPersonExampleMap.ThirdPersonExampleMap to /Game/ThirdPersonBP/Maps/UEDPIE_0_ThirdPersonExampleMap.ThirdPersonExampleMap (0.017412s)
[2020.10.18-19.52.08:771][264]LogUObjectHash: Compacting FUObjectHashTables data took   3.93ms
[2020.10.18-19.52.08:778][264]LogAudioMixer: Display: Audio Mixer Platform Settings:
[2020.10.18-19.52.08:779][264]LogAudioMixer: Display: 	Sample Rate:						  48000
[2020.10.18-19.52.08:779][264]LogAudioMixer: Display: 	Callback Buffer Frame Size Requested: 1024
[2020.10.18-19.52.08:779][264]LogAudioMixer: Display: 	Callback Buffer Frame Size To Use:	  1024
[2020.10.18-19.52.08:779][264]LogAudioMixer: Display: 	Number of buffers to queue:			  2
[2020.10.18-19.52.08:779][264]LogAudioMixer: Display: 	Max Channels (voices):				  32
[2020.10.18-19.52.08:779][264]LogAudioMixer: Display: 	Number of Async Source Workers:		  0
[2020.10.18-19.52.08:779][264]LogAudio: Display: AudioDevice MaxSources: 32
[2020.10.18-19.52.08:780][264]LogAudio: Display: Using built-in audio occlusion.
[2020.10.18-19.52.08:780][264]LogAudioMixer: Display: Initializing audio mixer.
[2020.10.18-19.52.08:785][264]LogAudioMixer: Display: 0: FrontLeft
[2020.10.18-19.52.08:785][264]LogAudioMixer: Display: 1: FrontRight
[2020.10.18-19.52.08:835][264]LogAudioMixer: Display: Using Audio Device Headphones (Realtek High Definition Audio)
[2020.10.18-19.52.08:835][264]LogAudioMixer: Display: Initializing Sound Submixes...
[2020.10.18-19.52.08:835][264]LogAudioMixer: Display: Creating Master Submix 'MasterSubmixDefault'
[2020.10.18-19.52.08:835][264]LogAudioMixer: Display: Creating Master Submix 'MasterReverbSubmixDefault'
[2020.10.18-19.52.08:835][264]LogAudioMixer: Display: Creating Master Submix 'MasterEQSubmixDefault'
[2020.10.18-19.52.08:850][264]LogInit: FAudioDevice initialized.
[2020.10.18-19.52.08:869][264]LogLoad: Game class is 'ThirdPersonGameMode_C'
[2020.10.18-19.52.08:871][264]LogWorld: Bringing World /Game/ThirdPersonBP/Maps/UEDPIE_0_ThirdPersonExampleMap.ThirdPersonExampleMap up for play (max tick rate 0) at 2020.10.18-15.52.08
[2020.10.18-19.52.08:871][264]LogWorld: Bringing up level for play took: 0.002148
[2020.10.18-19.52.08:872][264]LogOnline: OSS: Creating online subsystem instance for: :Context_10
[2020.10.18-19.52.08:891][264]LogTemp: Warning: All Systems Set
[2020.10.18-19.52.08:891][264]PIE: Server logged in
[2020.10.18-19.52.08:892][264]PIE: Play in editor total start time 0.332 seconds.
[2020.10.18-19.52.42:386][210]LogSlate: Updating window title bar state: overlay mode, drag disabled, window buttons hidden, title bar hidden
[2020.10.18-19.52.42:386][210]LogWorld: BeginTearingDown for /Game/ThirdPersonBP/Maps/UEDPIE_0_ThirdPersonExampleMap
[2020.10.18-19.52.42:387][210]LogWorld: UWorld::CleanupWorld for ThirdPersonExampleMap, bSessionEnded=true, bCleanupResources=true
[2020.10.18-19.52.42:387][210]LogSlate: InvalidateAllWidgets triggered.  All widgets were invalidated
[2020.10.18-19.52.42:400][210]LogPlayLevel: Display: Shutting down PIE online subsystems
[2020.10.18-19.52.42:403][210]LogSlate: InvalidateAllWidgets triggered.  All widgets were invalidated
[2020.10.18-19.52.42:422][210]LogSlate: Updating window title bar state: overlay mode, drag disabled, window buttons hidden, title bar hidden
[2020.10.18-19.52.42:470][210]LogAISub: UAISubsystem::~UAISubsystem EnvQueryManager (000001DF929EB400), frame # 21210
[2020.10.18-19.52.42:470][210]LogAISub: UAISubsystem::~UAISubsystem AIPerceptionSystem (000001DF9A9BD580), frame # 21210
[2020.10.18-19.52.42:473][210]LogUObjectHash: Compacting FUObjectHashTables data took   3.02ms
[2020.10.18-19.52.42:516][211]LogPlayLevel: Display: Destroying online subsystem :Context_10
[2020.10.18-19.52.52:553][624]LogTemp: Repeating last play command: Selected Viewport
[2020.10.18-19.52.52:568][624]LogPlayLevel: PlayLevel: No blueprints needed recompiling
[2020.10.18-19.52.52:569][624]LogHMD: Initializing OVRPlugin session
[2020.10.18-19.52.52:633][624]LogHMD: Allocating Oculus 3296 x 1776 rendertarget swapchain
[2020.10.18-19.52.52:633][624]PIE: New page: PIE session: ThirdPersonExampleMap (Oct. 18, 2020, 11:52:52 a.m.)
[2020.10.18-19.52.52:633][624]LogPlayLevel: Creating play world package: /Game/ThirdPersonBP/Maps/UEDPIE_0_ThirdPersonExampleMap
[2020.10.18-19.52.52:645][624]LogPlayLevel: PIE: StaticDuplicateObject took: (0.011906s)
[2020.10.18-19.52.52:647][624]LogAIModule: Creating AISystem for world ThirdPersonExampleMap
[2020.10.18-19.52.52:647][624]LogAISub: UAISubsystem::UAISubsystem EnvQueryManager (000001DF833A3400), frame # 21624
[2020.10.18-19.52.52:647][624]LogAISub: UAISubsystem::UAISubsystem AIPerceptionSystem (000001DF9AA691C0), frame # 21624
[2020.10.18-19.52.52:648][624]LogPlayLevel: PIE: World Init took: (0.002283s)
[2020.10.18-19.52.52:648][624]LogPlayLevel: PIE: Created PIE world by copying editor world from /Game/ThirdPersonBP/Maps/ThirdPersonExampleMap.ThirdPersonExampleMap to /Game/ThirdPersonBP/Maps/UEDPIE_0_ThirdPersonExampleMap.ThirdPersonExampleMap (0.014711s)
[2020.10.18-19.52.52:669][624]LogUObjectHash: Compacting FUObjectHashTables data took   1.98ms
[2020.10.18-19.52.52:672][624]LogAudioMixer: Display: Audio Mixer Platform Settings:
[2020.10.18-19.52.52:672][624]LogAudioMixer: Display: 	Sample Rate:						  48000
[2020.10.18-19.52.52:672][624]LogAudioMixer: Display: 	Callback Buffer Frame Size Requested: 1024
[2020.10.18-19.52.52:672][624]LogAudioMixer: Display: 	Callback Buffer Frame Size To Use:	  1024
[2020.10.18-19.52.52:672][624]LogAudioMixer: Display: 	Number of buffers to queue:			  2
[2020.10.18-19.52.52:672][624]LogAudioMixer: Display: 	Max Channels (voices):				  32
[2020.10.18-19.52.52:673][624]LogAudioMixer: Display: 	Number of Async Source Workers:		  0
[2020.10.18-19.52.52:673][624]LogAudio: Display: AudioDevice MaxSources: 32
[2020.10.18-19.52.52:674][624]LogAudio: Display: Using built-in audio occlusion.
[2020.10.18-19.52.52:674][624]LogAudioMixer: Display: Initializing audio mixer.
[2020.10.18-19.52.52:679][624]LogAudioMixer: Display: 0: FrontLeft
[2020.10.18-19.52.52:679][624]LogAudioMixer: Display: 1: FrontRight
[2020.10.18-19.52.52:725][624]LogAudioMixer: Display: Using Audio Device Headphones (Realtek High Definition Audio)
[2020.10.18-19.52.52:725][624]LogAudioMixer: Display: Initializing Sound Submixes...
[2020.10.18-19.52.52:725][624]LogAudioMixer: Display: Creating Master Submix 'MasterSubmixDefault'
[2020.10.18-19.52.52:725][624]LogAudioMixer: Display: Creating Master Submix 'MasterReverbSubmixDefault'
[2020.10.18-19.52.52:726][624]LogAudioMixer: Display: Creating Master Submix 'MasterEQSubmixDefault'
[2020.10.18-19.52.52:741][624]LogInit: FAudioDevice initialized.
[2020.10.18-19.52.52:758][624]LogLoad: Game class is 'ThirdPersonGameMode_C'
[2020.10.18-19.52.52:760][624]LogWorld: Bringing World /Game/ThirdPersonBP/Maps/UEDPIE_0_ThirdPersonExampleMap.ThirdPersonExampleMap up for play (max tick rate 0) at 2020.10.18-15.52.52
[2020.10.18-19.52.52:761][624]LogWorld: Bringing up level for play took: 0.002418
[2020.10.18-19.52.52:761][624]LogOnline: OSS: Creating online subsystem instance for: :Context_11
[2020.10.18-19.52.52:765][624]LogTemp: Warning: All Systems Set
[2020.10.18-19.52.52:765][624]PIE: Server logged in
[2020.10.18-19.52.52:766][624]PIE: Play in editor total start time 0.198 seconds.
[2020.10.18-19.53.52:817][504]LogSlate: Updating window title bar state: overlay mode, drag disabled, window buttons hidden, title bar hidden
[2020.10.18-19.53.52:817][504]LogWorld: BeginTearingDown for /Game/ThirdPersonBP/Maps/UEDPIE_0_ThirdPersonExampleMap
[2020.10.18-19.53.52:817][504]LogWorld: UWorld::CleanupWorld for ThirdPersonExampleMap, bSessionEnded=true, bCleanupResources=true
[2020.10.18-19.53.52:818][504]LogSlate: InvalidateAllWidgets triggered.  All widgets were invalidated
[2020.10.18-19.53.52:837][504]LogPlayLevel: Display: Shutting down PIE online subsystems
[2020.10.18-19.53.52:842][504]LogSlate: InvalidateAllWidgets triggered.  All widgets were invalidated
[2020.10.18-19.53.52:868][504]LogSlate: Updating window title bar state: overlay mode, drag disabled, window buttons hidden, title bar hidden
[2020.10.18-19.53.52:946][504]LogAISub: UAISubsystem::~UAISubsystem AIPerceptionSystem (000001DF9AA691C0), frame # 28504
[2020.10.18-19.53.52:946][504]LogAISub: UAISubsystem::~UAISubsystem EnvQueryManager (000001DF833A3400), frame # 28504
[2020.10.18-19.53.52:948][504]LogUObjectHash: Compacting FUObjectHashTables data took   2.17ms
[2020.10.18-19.53.52:993][505]LogPlayLevel: Display: Destroying online subsystem :Context_11
[2020.10.18-20.00.29:432][ 71]LogUObjectHash: Compacting FUObjectHashTables data took   2.36ms
[2020.10.18-20.00.29:963][ 71]LogSavePackage: Moving '../../../../../GitHub/BlindVR/Saved/ThirdPersonExampleMap_Auto1EA9E93C54917ECB3964834BEFBD718E5.tmp' to '../../../../../GitHub/BlindVR/Saved/Autosaves/Game/ThirdPersonBP/Maps/ThirdPersonExampleMap_Auto1.umap'
[2020.10.18-20.00.30:001][ 71]LogFileHelpers: Editor autosave (incl. sublevels) for '/Game/ThirdPersonBP/Maps/ThirdPersonExampleMap' took 0.592
[2020.10.18-20.00.30:001][ 71]LogFileHelpers: Editor autosave (incl. sublevels) for all levels took 0.592
[2020.10.18-20.00.30:001][ 71]OBJ SavePackage: Generating thumbnails for [1] asset(s) in package [/Game/AI/NPC_C++/NPC_CPP] ([1] browsable assets)...
[2020.10.18-20.00.30:055][ 71]OBJ SavePackage:     Rendered thumbnail for [Blueprint /Game/AI/NPC_C++/NPC_CPP.NPC_CPP]
[2020.10.18-20.00.30:056][ 71]OBJ SavePackage: Finished generating thumbnails for package [/Game/AI/NPC_C++/NPC_CPP]
[2020.10.18-20.00.30:056][ 71]Cmd: OBJ SAVEPACKAGE PACKAGE="/Game/AI/NPC_C++/NPC_CPP" FILE="../../../../../GitHub/BlindVR/Saved/Autosaves/Game/AI/NPC_C++/NPC_CPP_Auto1.uasset" SILENT=false AUTOSAVING=true
[2020.10.18-20.00.30:124][ 71]LogSavePackage: Moving '../../../../../GitHub/BlindVR/Saved/NPC_CPP_Auto1BB9EEC254EE6E9E3636E1DBE3F172CD4.tmp' to '../../../../../GitHub/BlindVR/Saved/Autosaves/Game/AI/NPC_C++/NPC_CPP_Auto1.uasset'
[2020.10.18-20.00.30:125][ 71]LogFileHelpers: Auto-saving content packages took 0.124
[2020.10.18-20.10.16:135][915]LogUObjectHash: Compacting FUObjectHashTables data took   2.93ms
[2020.10.18-20.10.16:323][915]LogUObjectHash: Compacting FUObjectHashTables data took   0.57ms
[2020.10.18-20.10.16:375][915]LogSavePackage: Moving '../../../../../GitHub/BlindVR/Saved/ThirdPersonExampleMap0FBE56F94263A30D38C6DE84539E494E.tmp' to '../../../../../GitHub/BlindVR/Content/ThirdPersonBP/Maps/ThirdPersonExampleMap.umap'
[2020.10.18-20.10.16:404][915]LogFileHelpers: Saving map 'ThirdPersonExampleMap' took 0.114
[2020.10.18-20.10.16:405][915]Cmd: OBJ SAVEPACKAGE PACKAGE="/Game/ThirdPersonBP/Maps/ThirdPersonExampleMap_BuiltData" FILE="../../../../../GitHub/BlindVR/Content/ThirdPersonBP/Maps/ThirdPersonExampleMap_BuiltData.uasset" SILENT=true
[2020.10.18-20.10.16:637][915]LogSavePackage: Moving '../../../../../GitHub/BlindVR/Saved/ThirdPersonExampleMap_BuiltDataC9A5A2A34D54E126A4ED2B9CDF845066.tmp' to '../../../../../GitHub/BlindVR/Content/ThirdPersonBP/Maps/ThirdPersonExampleMap_BuiltData.uasset'
[2020.10.18-20.10.16:671][915]Cmd: OBJ SAVEPACKAGE PACKAGE="/Game/AI/NPC_C++/NPC_CPP" FILE="../../../../../GitHub/BlindVR/Content/AI/NPC_C++/NPC_CPP.uasset" SILENT=true
[2020.10.18-20.10.16:690][915]LogSavePackage: Moving '../../../../../GitHub/BlindVR/Saved/NPC_CPP3591D68449D6DA82FE92BE9FFB597525.tmp' to '../../../../../GitHub/BlindVR/Content/AI/NPC_C++/NPC_CPP.uasset'
[2020.10.18-20.10.16:823][915]AssetCheck: New page: Asset Save: multiple assets
[2020.10.18-20.10.16:823][915]LogContentValidation: Display: Validating World /Game/ThirdPersonBP/Maps/ThirdPersonExampleMap.ThirdPersonExampleMap
[2020.10.18-20.10.16:823][915]LogContentValidation: Display: Validating MapBuildDataRegistry /Game/ThirdPersonBP/Maps/ThirdPersonExampleMap_BuiltData.ThirdPersonExampleMap_BuiltData
[2020.10.18-20.10.16:823][915]LogContentValidation: Display: Validating Blueprint /Game/AI/NPC_C++/NPC_CPP.NPC_CPP
